#
# There is insufficient memory for the Java Runtime Environment to continue.
# Native memory allocation (mmap) failed to map 135266304 bytes. Error detail: G1 virtual space
# Possible reasons:
#   The system is out of physical RAM or swap space
#   This process is running with CompressedOops enabled, and the Java Heap may be blocking the growth of the native heap
# Possible solutions:
#   Reduce memory load on the system
#   Increase physical memory or swap space
#   Check if swap backing store is full
#   Decrease Java heap size (-Xmx/-Xms)
#   Decrease number of Java threads
#   Decrease Java thread stack sizes (-Xss)
#   Set larger code cache with -XX:ReservedCodeCacheSize=
#   JVM is running with Unscaled Compressed Oops mode in which the Java heap is
#     placed in the first 4GB address space. The Java Heap base address is the
#     maximum limit for the native heap growth. Please use -XX:HeapBaseMinAddress
#     to set the Java Heap base and to place the Java Heap above 4GB virtual address.
# This output file may be truncated or incomplete.
#
#  Out of Memory Error (os_windows.cpp:3714), pid=9952, tid=20724
#
# JRE version: OpenJDK Runtime Environment Temurin-21.0.10+7 (21.0.10+7) (build 21.0.10+7-LTS)
# Java VM: OpenJDK 64-Bit Server VM Temurin-21.0.10+7 (21.0.10+7-LTS, mixed mode, tiered, compressed oops, compressed class ptrs, g1 gc, windows-amd64)
# No core dump will be written. Minidumps are not enabled by default on client versions of Windows
#

---------------  S U M M A R Y ------------

Command Line: -Xms64m -Xmx2048m -Dapp.name=ltex-ls-plus -Dapp.repo=c:\Users\karti\.vscode\extensions\ltex-plus.vscode-ltex-plus-15.7.1\lib\ltex-ls-plus-18.7.0\lib -Dapp.home=c:\Users\karti\.vscode\extensions\ltex-plus.vscode-ltex-plus-15.7.1\lib\ltex-ls-plus-18.7.0 -Dbasedir=c:\Users\karti\.vscode\extensions\ltex-plus.vscode-ltex-plus-15.7.1\lib\ltex-ls-plus-18.7.0 org.bsplines.ltexls.LtexLanguageServerLauncher

Host: 13th Gen Intel(R) Core(TM) i5-13500H, 16 cores, 15G,  Windows 11 , 64 bit Build 26100 (10.0.26100.8521)
Time: Wed Jul  8 19:07:39 2026 India Standard Time elapsed time: 14.324074 seconds (0d 0h 0m 14s)

---------------  T H R E A D  ---------------

Current thread (0x0000021be008bd50):  VMThread "VM Thread"          [id=20724, stack(0x000000c8e5c00000,0x000000c8e5d00000) (1024K)]

Stack: [0x000000c8e5c00000,0x000000c8e5d00000]
Native frames: (J=compiled Java code, j=interpreted, Vv=VM code, C=native code)
V  [jvm.dll+0x6d7a39]
V  [jvm.dll+0x8b4b26]
V  [jvm.dll+0x8b70de]
V  [jvm.dll+0x8b77c3]
V  [jvm.dll+0x284346]
V  [jvm.dll+0x6d4355]
V  [jvm.dll+0x6c808a]
V  [jvm.dll+0x35edb8]
V  [jvm.dll+0x3669f6]
V  [jvm.dll+0x3b7afe]
V  [jvm.dll+0x3b7da8]
V  [jvm.dll+0x332fbc]
V  [jvm.dll+0x333047]
V  [jvm.dll+0x376e1c]
V  [jvm.dll+0x3755be]
V  [jvm.dll+0x332701]
V  [jvm.dll+0x374c2a]
V  [jvm.dll+0x8bd4b0]
V  [jvm.dll+0x8be824]
V  [jvm.dll+0x8bed50]
V  [jvm.dll+0x8beff3]
V  [jvm.dll+0x85f59d]
V  [jvm.dll+0x6d626d]
C  [ucrtbase.dll+0x2cd30]
C  [KERNEL32.DLL+0x2e957]
C  [ntdll.dll+0x87c1c]

VM_Operation (0x000000c8e55fe130): G1CollectForAllocation, mode: safepoint, requested by thread 0x0000021bc927a9a0


---------------  P R O C E S S  ---------------

Threads class SMR info:
_java_thread_list=0x0000021be8821a80, length=21, elements={
0x0000021bc927a9a0, 0x0000021be506c5b0, 0x0000021be506d010, 0x0000021be5070a90,
0x0000021be5082540, 0x0000021be5082bb0, 0x0000021be5083610, 0x0000021be50a84a0,
0x0000021be50bd0c0, 0x0000021be51d5fe0, 0x0000021be5343f20, 0x0000021be5357f50,
0x0000021be63887f0, 0x0000021be6445ec0, 0x0000021be6a5dbb0, 0x0000021be65b7f50,
0x0000021be633b6c0, 0x0000021be6ff5380, 0x0000021be68376b0, 0x0000021be687e5b0,
0x0000021be9e7b1b0
}

Java Threads: ( => current thread )
  0x0000021bc927a9a0 JavaThread "main"                              [_thread_blocked, id=19924, stack(0x000000c8e5500000,0x000000c8e5600000) (1024K)]
  0x0000021be506c5b0 JavaThread "Reference Handler"          daemon [_thread_blocked, id=23928, stack(0x000000c8e5d00000,0x000000c8e5e00000) (1024K)]
  0x0000021be506d010 JavaThread "Finalizer"                  daemon [_thread_blocked, id=2864, stack(0x000000c8e5e00000,0x000000c8e5f00000) (1024K)]
  0x0000021be5070a90 JavaThread "Signal Dispatcher"          daemon [_thread_blocked, id=25668, stack(0x000000c8e5f00000,0x000000c8e6000000) (1024K)]
  0x0000021be5082540 JavaThread "Attach Listener"            daemon [_thread_blocked, id=9472, stack(0x000000c8e6000000,0x000000c8e6100000) (1024K)]
  0x0000021be5082bb0 JavaThread "Service Thread"             daemon [_thread_blocked, id=11240, stack(0x000000c8e6100000,0x000000c8e6200000) (1024K)]
  0x0000021be5083610 JavaThread "Monitor Deflation Thread"   daemon [_thread_blocked, id=19228, stack(0x000000c8e6200000,0x000000c8e6300000) (1024K)]
  0x0000021be50a84a0 JavaThread "C2 CompilerThread0"         daemon [_thread_blocked, id=22940, stack(0x000000c8e6300000,0x000000c8e6400000) (1024K)]
  0x0000021be50bd0c0 JavaThread "C1 CompilerThread0"         daemon [_thread_blocked, id=26484, stack(0x000000c8e6400000,0x000000c8e6500000) (1024K)]
  0x0000021be51d5fe0 JavaThread "C1 CompilerThread1"         daemon [_thread_blocked, id=7308, stack(0x000000c8e6500000,0x000000c8e6600000) (1024K)]
  0x0000021be5343f20 JavaThread "Notification Thread"        daemon [_thread_blocked, id=20972, stack(0x000000c8e6600000,0x000000c8e6700000) (1024K)]
  0x0000021be5357f50 JavaThread "Common-Cleaner"             daemon [_thread_blocked, id=12864, stack(0x000000c8e6700000,0x000000c8e6800000) (1024K)]
  0x0000021be63887f0 JavaThread "C1 CompilerThread2"         daemon [_thread_blocked, id=16924, stack(0x000000c8e6f00000,0x000000c8e7000000) (1024K)]
  0x0000021be6445ec0 JavaThread "C2 CompilerThread1"         daemon [_thread_blocked, id=22204, stack(0x000000c8e6e00000,0x000000c8e6f00000) (1024K)]
  0x0000021be6a5dbb0 JavaThread "C2 CompilerThread2"         daemon [_thread_blocked, id=22328, stack(0x000000c8e7000000,0x000000c8e7100000) (1024K)]
  0x0000021be65b7f50 JavaThread "C2 CompilerThread3"         daemon [_thread_blocked, id=22036, stack(0x000000c8e7100000,0x000000c8e7200000) (1024K)]
  0x0000021be633b6c0 JavaThread "C2 CompilerThread4"         daemon [_thread_blocked, id=12988, stack(0x000000c8e7300000,0x000000c8e7400000) (1024K)]
  0x0000021be6ff5380 JavaThread "C2 CompilerThread5"         daemon [_thread_blocked, id=23016, stack(0x000000c8e7c00000,0x000000c8e7d00000) (1024K)]
  0x0000021be68376b0 JavaThread "C2 CompilerThread6"         daemon [_thread_blocked, id=19856, stack(0x000000c8e7d00000,0x000000c8e7e00000) (1024K)]
  0x0000021be687e5b0 JavaThread "C2 CompilerThread7"         daemon [_thread_blocked, id=14848, stack(0x000000c8e7e00000,0x000000c8e7f00000) (1024K)]
  0x0000021be9e7b1b0 JavaThread "C1 CompilerThread3"         daemon [_thread_blocked, id=19716, stack(0x000000c8e7200000,0x000000c8e7300000) (1024K)]
Total: 21

Other Threads:
=>0x0000021be008bd50 VMThread "VM Thread"                           [id=20724, stack(0x000000c8e5c00000,0x000000c8e5d00000) (1024K)]
  0x0000021be0030020 WatcherThread "VM Periodic Task Thread"        [id=24032, stack(0x000000c8e5b00000,0x000000c8e5c00000) (1024K)]
  0x0000021bc92d40a0 WorkerThread "GC Thread#0"                     [id=20572, stack(0x000000c8e5600000,0x000000c8e5700000) (1024K)]
  0x0000021be5fe01a0 WorkerThread "GC Thread#1"                     [id=16252, stack(0x000000c8e6800000,0x000000c8e6900000) (1024K)]
  0x0000021be5fb8030 WorkerThread "GC Thread#2"                     [id=21028, stack(0x000000c8e6a00000,0x000000c8e6b00000) (1024K)]
  0x0000021be5d99260 WorkerThread "GC Thread#3"                     [id=24632, stack(0x000000c8e6b00000,0x000000c8e6c00000) (1024K)]
  0x0000021be5fd3bb0 WorkerThread "GC Thread#4"                     [id=18988, stack(0x000000c8e6c00000,0x000000c8e6d00000) (1024K)]
  0x0000021be5fd3f60 WorkerThread "GC Thread#5"                     [id=18996, stack(0x000000c8e6d00000,0x000000c8e6e00000) (1024K)]
  0x0000021be6c3f7a0 WorkerThread "GC Thread#6"                     [id=1292, stack(0x000000c8e7400000,0x000000c8e7500000) (1024K)]
  0x0000021be62c3a60 WorkerThread "GC Thread#7"                     [id=10492, stack(0x000000c8e7500000,0x000000c8e7600000) (1024K)]
  0x0000021be6c96bc0 WorkerThread "GC Thread#8"                     [id=22724, stack(0x000000c8e7600000,0x000000c8e7700000) (1024K)]
  0x0000021be66ba2c0 WorkerThread "GC Thread#9"                     [id=23908, stack(0x000000c8e7700000,0x000000c8e7800000) (1024K)]
  0x0000021be66bb180 WorkerThread "GC Thread#10"                    [id=22428, stack(0x000000c8e7800000,0x000000c8e7900000) (1024K)]
  0x0000021be66badd0 WorkerThread "GC Thread#11"                    [id=25072, stack(0x000000c8e7900000,0x000000c8e7a00000) (1024K)]
  0x0000021be7a4c5e0 WorkerThread "GC Thread#12"                    [id=16392, stack(0x000000c8e7f00000,0x000000c8e8000000) (1024K)]
  0x0000021bc92e62b0 ConcurrentGCThread "G1 Main Marker"            [id=20188, stack(0x000000c8e5700000,0x000000c8e5800000) (1024K)]
  0x0000021bc92e86e0 WorkerThread "G1 Conc#0"                       [id=23924, stack(0x000000c8e5800000,0x000000c8e5900000) (1024K)]
  0x0000021be66bb8e0 WorkerThread "G1 Conc#1"                       [id=7956, stack(0x000000c8e7a00000,0x000000c8e7b00000) (1024K)]
  0x0000021be66bbc90 WorkerThread "G1 Conc#2"                       [id=21976, stack(0x000000c8e7b00000,0x000000c8e7c00000) (1024K)]
  0x0000021bc932e100 ConcurrentGCThread "G1 Refine#0"               [id=9024, stack(0x000000c8e5900000,0x000000c8e5a00000) (1024K)]
  0x0000021bc932ea20 ConcurrentGCThread "G1 Service"                [id=25360, stack(0x000000c8e5a00000,0x000000c8e5b00000) (1024K)]
Total: 21

Threads with active compile tasks:
C2 CompilerThread0  14370 3414       4       java.util.TimSort::reverseRange (32 bytes)
C2 CompilerThread1  14371 3415       4       org.languagetool.rules.patterns.PatternToken::calcStringHints (220 bytes)
C2 CompilerThread2  14371 3338       4       org.languagetool.rules.spelling.SpellingCheckRule::addIgnoreWords (173 bytes)
C2 CompilerThread3  14371 3413       4       java.util.StringTokenizer::setMaxDelimCodePoint (156 bytes)
C2 CompilerThread4  14371 3398       4       org.languagetool.rules.patterns.AbstractPatternRule::<init> (237 bytes)
C2 CompilerThread5  14371 3408       4       com.google.common.collect.Interners$InternerImpl::intern (54 bytes)
C2 CompilerThread6  14372 3399       4       org.languagetool.rules.patterns.AbstractTokenBasedRule::<init> (289 bytes)
C2 CompilerThread7  14372 3291 % !   4       org.languagetool.language.identifier.detector.CommonWordsDetector::<init> @ 217 (438 bytes)
Total: 8

VM state: at safepoint (normal execution)

VM Mutex/Monitor currently owned by a thread:  ([mutex/lock_event])
[0x00007fffdd5ee560] Threads_lock - owner thread: 0x0000021be008bd50
[0x00007fffdd5ee660] Heap_lock - owner thread: 0x0000021bc927a9a0

Heap address: 0x0000000080000000, size: 2048 MB, Compressed Oops mode: 32-bit

CDS archive(s) not mapped
Compressed class space mapped at: 0x0000000100000000-0x0000000140000000, reserved size: 1073741824
Narrow klass base: 0x0000000000000000, Narrow klass shift: 3, Narrow klass range: 0x140000000

GC Precious Log:
 CardTable entry size: 512
 Card Set container configuration: InlinePtr #cards 5 size 8 Array Of Cards #cards 12 size 40 Howl #buckets 4 coarsen threshold 1843 Howl Bitmap #cards 512 size 80 coarsen threshold 460 Card regions per heap region 1 cards per card region 2048
 CPUs: 16 total, 16 available
 Memory: 16071M
 Large Page Support: Disabled
 NUMA Support: Disabled
 Compressed Oops: Enabled (32-bit)
 Heap Region Size: 1M
 Heap Min Capacity: 64M
 Heap Initial Capacity: 64M
 Heap Max Capacity: 2G
 Pre-touch: Disabled
 Parallel Workers: 13
 Concurrent Workers: 3
 Concurrent Refinement Workers: 13
 Periodic GC: Disabled

Heap:
 garbage-first heap   total 132096K, used 94208K [0x0000000080000000, 0x0000000100000000)
  region size 1024K, 4 young (4096K), 4 survivors (4096K)
 Metaspace       used 24233K, committed 24448K, reserved 1114112K
  class space    used 2339K, committed 2432K, reserved 1048576K

Heap Regions: E=young(eden), S=young(survivor), O=old, HS=humongous(starts), HC=humongous(continues), CS=collection set, F=free, TAMS=top-at-mark-start, PB=parsable bottom
|   0|0x0000000080000000, 0x0000000080100000, 0x0000000080100000|100%| O|  |TAMS 0x0000000080000000| PB 0x0000000080000000| Untracked 
|   1|0x0000000080100000, 0x0000000080200000, 0x0000000080200000|100%| O|  |TAMS 0x0000000080100000| PB 0x0000000080100000| Untracked 
|   2|0x0000000080200000, 0x0000000080300000, 0x0000000080300000|100%| O|  |TAMS 0x0000000080200000| PB 0x0000000080200000| Untracked 
|   3|0x0000000080300000, 0x0000000080400000, 0x0000000080400000|100%| O|  |TAMS 0x0000000080300000| PB 0x0000000080300000| Untracked 
|   4|0x0000000080400000, 0x0000000080500000, 0x0000000080500000|100%| O|  |TAMS 0x0000000080400000| PB 0x0000000080400000| Untracked 
|   5|0x0000000080500000, 0x0000000080600000, 0x0000000080600000|100%| O|  |TAMS 0x0000000080500000| PB 0x0000000080500000| Untracked 
|   6|0x0000000080600000, 0x0000000080700000, 0x0000000080700000|100%| O|  |TAMS 0x0000000080600000| PB 0x0000000080600000| Untracked 
|   7|0x0000000080700000, 0x0000000080800000, 0x0000000080800000|100%| O|  |TAMS 0x0000000080700000| PB 0x0000000080700000| Untracked 
|   8|0x0000000080800000, 0x0000000080900000, 0x0000000080900000|100%|HS|  |TAMS 0x0000000080800000| PB 0x0000000080800000| Complete 
|   9|0x0000000080900000, 0x0000000080a00000, 0x0000000080a00000|100%| O|  |TAMS 0x0000000080900000| PB 0x0000000080900000| Untracked 
|  10|0x0000000080a00000, 0x0000000080b00000, 0x0000000080b00000|100%| O|  |TAMS 0x0000000080a00000| PB 0x0000000080a00000| Untracked 
|  11|0x0000000080b00000, 0x0000000080c00000, 0x0000000080c00000|100%| O|  |TAMS 0x0000000080b00000| PB 0x0000000080b00000| Untracked 
|  12|0x0000000080c00000, 0x0000000080d00000, 0x0000000080d00000|100%| O|  |TAMS 0x0000000080c00000| PB 0x0000000080c00000| Untracked 
|  13|0x0000000080d00000, 0x0000000080e00000, 0x0000000080e00000|100%| O|  |TAMS 0x0000000080d00000| PB 0x0000000080d00000| Untracked 
|  14|0x0000000080e00000, 0x0000000080f00000, 0x0000000080f00000|100%| O|  |TAMS 0x0000000080e00000| PB 0x0000000080e00000| Untracked 
|  15|0x0000000080f00000, 0x0000000081000000, 0x0000000081000000|100%| O|  |TAMS 0x0000000080f00000| PB 0x0000000080f00000| Untracked 
|  16|0x0000000081000000, 0x0000000081100000, 0x0000000081100000|100%| O|  |TAMS 0x0000000081000000| PB 0x0000000081000000| Untracked 
|  17|0x0000000081100000, 0x0000000081200000, 0x0000000081200000|100%| O|  |TAMS 0x0000000081100000| PB 0x0000000081100000| Untracked 
|  18|0x0000000081200000, 0x0000000081300000, 0x0000000081300000|100%| O|  |TAMS 0x0000000081200000| PB 0x0000000081200000| Untracked 
|  19|0x0000000081300000, 0x0000000081400000, 0x0000000081400000|100%| O|  |TAMS 0x0000000081300000| PB 0x0000000081300000| Untracked 
|  20|0x0000000081400000, 0x0000000081500000, 0x0000000081500000|100%| O|  |TAMS 0x0000000081400000| PB 0x0000000081400000| Untracked 
|  21|0x0000000081500000, 0x0000000081600000, 0x0000000081600000|100%| O|  |TAMS 0x0000000081500000| PB 0x0000000081500000| Untracked 
|  22|0x0000000081600000, 0x0000000081700000, 0x0000000081700000|100%| O|  |TAMS 0x0000000081600000| PB 0x0000000081600000| Untracked 
|  23|0x0000000081700000, 0x0000000081800000, 0x0000000081800000|100%| O|  |TAMS 0x0000000081700000| PB 0x0000000081700000| Untracked 
|  24|0x0000000081800000, 0x0000000081900000, 0x0000000081900000|100%| O|  |TAMS 0x0000000081800000| PB 0x0000000081800000| Untracked 
|  25|0x0000000081900000, 0x0000000081a00000, 0x0000000081a00000|100%|HS|  |TAMS 0x0000000081900000| PB 0x0000000081900000| Complete 
|  26|0x0000000081a00000, 0x0000000081b00000, 0x0000000081b00000|100%| O|  |TAMS 0x0000000081a00000| PB 0x0000000081a00000| Untracked 
|  27|0x0000000081b00000, 0x0000000081c00000, 0x0000000081c00000|100%| O|  |TAMS 0x0000000081b00000| PB 0x0000000081b00000| Untracked 
|  28|0x0000000081c00000, 0x0000000081d00000, 0x0000000081d00000|100%| O|  |TAMS 0x0000000081c00000| PB 0x0000000081c00000| Untracked 
|  29|0x0000000081d00000, 0x0000000081e00000, 0x0000000081e00000|100%| O|  |TAMS 0x0000000081d00000| PB 0x0000000081d00000| Untracked 
|  30|0x0000000081e00000, 0x0000000081f00000, 0x0000000081f00000|100%| O|  |TAMS 0x0000000081e00000| PB 0x0000000081e00000| Untracked 
|  31|0x0000000081f00000, 0x0000000082000000, 0x0000000082000000|100%| O|  |TAMS 0x0000000081f00000| PB 0x0000000081f00000| Untracked 
|  32|0x0000000082000000, 0x0000000082100000, 0x0000000082100000|100%| O|  |TAMS 0x0000000082000000| PB 0x0000000082000000| Untracked 
|  33|0x0000000082100000, 0x0000000082200000, 0x0000000082200000|100%| O|  |TAMS 0x0000000082100000| PB 0x0000000082100000| Untracked 
|  34|0x0000000082200000, 0x0000000082300000, 0x0000000082300000|100%| O|  |TAMS 0x0000000082200000| PB 0x0000000082200000| Untracked 
|  35|0x0000000082300000, 0x0000000082400000, 0x0000000082400000|100%| O|  |TAMS 0x0000000082300000| PB 0x0000000082300000| Untracked 
|  36|0x0000000082400000, 0x0000000082500000, 0x0000000082500000|100%| O|  |TAMS 0x0000000082400000| PB 0x0000000082400000| Untracked 
|  37|0x0000000082500000, 0x0000000082600000, 0x0000000082600000|100%| O|  |TAMS 0x0000000082500000| PB 0x0000000082500000| Untracked 
|  38|0x0000000082600000, 0x0000000082600000, 0x0000000082700000|  0%| F|  |TAMS 0x0000000082600000| PB 0x0000000082600000| Untracked 
|  39|0x0000000082700000, 0x0000000082800000, 0x0000000082800000|100%| O|  |TAMS 0x0000000082700000| PB 0x0000000082700000| Untracked 
|  40|0x0000000082800000, 0x0000000082900000, 0x0000000082900000|100%| O|  |TAMS 0x0000000082800000| PB 0x0000000082800000| Untracked 
|  41|0x0000000082900000, 0x0000000082a00000, 0x0000000082a00000|100%| O|  |TAMS 0x0000000082900000| PB 0x0000000082900000| Untracked 
|  42|0x0000000082a00000, 0x0000000082b00000, 0x0000000082b00000|100%| O|  |TAMS 0x0000000082a00000| PB 0x0000000082a00000| Untracked 
|  43|0x0000000082b00000, 0x0000000082c00000, 0x0000000082c00000|100%|HS|  |TAMS 0x0000000082b00000| PB 0x0000000082b00000| Complete 
|  44|0x0000000082c00000, 0x0000000082d00000, 0x0000000082d00000|100%| O|  |TAMS 0x0000000082c00000| PB 0x0000000082c00000| Untracked 
|  45|0x0000000082d00000, 0x0000000082e00000, 0x0000000082e00000|100%| O|  |TAMS 0x0000000082d00000| PB 0x0000000082d00000| Untracked 
|  46|0x0000000082e00000, 0x0000000082f00000, 0x0000000082f00000|100%| O|  |TAMS 0x0000000082e00000| PB 0x0000000082e00000| Untracked 
|  47|0x0000000082f00000, 0x0000000083000000, 0x0000000083000000|100%| O|  |TAMS 0x0000000082f00000| PB 0x0000000082f00000| Untracked 
|  48|0x0000000083000000, 0x0000000083100000, 0x0000000083100000|100%| O|  |TAMS 0x0000000083000000| PB 0x0000000083000000| Untracked 
|  49|0x0000000083100000, 0x0000000083200000, 0x0000000083200000|100%| O|  |TAMS 0x0000000083100000| PB 0x0000000083100000| Untracked 
|  50|0x0000000083200000, 0x0000000083200000, 0x0000000083300000|  0%| F|  |TAMS 0x0000000083200000| PB 0x0000000083200000| Untracked 
|  51|0x0000000083300000, 0x0000000083400000, 0x0000000083400000|100%|HS|  |TAMS 0x0000000083300000| PB 0x0000000083300000| Complete 
|  52|0x0000000083400000, 0x0000000083500000, 0x0000000083500000|100%|HC|  |TAMS 0x0000000083400000| PB 0x0000000083400000| Complete 
|  53|0x0000000083500000, 0x0000000083600000, 0x0000000083600000|100%| O|  |TAMS 0x0000000083500000| PB 0x0000000083500000| Untracked 
|  54|0x0000000083600000, 0x0000000083700000, 0x0000000083700000|100%| O|  |TAMS 0x0000000083600000| PB 0x0000000083600000| Untracked 
|  55|0x0000000083700000, 0x0000000083800000, 0x0000000083800000|100%| O|  |TAMS 0x0000000083700000| PB 0x0000000083700000| Untracked 
|  56|0x0000000083800000, 0x0000000083900000, 0x0000000083900000|100%| O|  |TAMS 0x0000000083800000| PB 0x0000000083800000| Untracked 
|  57|0x0000000083900000, 0x0000000083a00000, 0x0000000083a00000|100%| O|  |TAMS 0x0000000083900000| PB 0x0000000083900000| Untracked 
|  58|0x0000000083a00000, 0x0000000083b00000, 0x0000000083b00000|100%| O|  |TAMS 0x0000000083a00000| PB 0x0000000083a00000| Untracked 
|  59|0x0000000083b00000, 0x0000000083c00000, 0x0000000083c00000|100%| O|  |TAMS 0x0000000083b00000| PB 0x0000000083b00000| Untracked 
|  60|0x0000000083c00000, 0x0000000083d00000, 0x0000000083d00000|100%| O|  |TAMS 0x0000000083c00000| PB 0x0000000083c00000| Untracked 
|  61|0x0000000083d00000, 0x0000000083e00000, 0x0000000083e00000|100%| O|  |TAMS 0x0000000083d00000| PB 0x0000000083d00000| Untracked 
|  62|0x0000000083e00000, 0x0000000083f00000, 0x0000000083f00000|100%| O|  |TAMS 0x0000000083e00000| PB 0x0000000083e00000| Untracked 
|  63|0x0000000083f00000, 0x0000000084000000, 0x0000000084000000|100%| O|  |TAMS 0x0000000083f00000| PB 0x0000000083f00000| Untracked 
|  64|0x0000000084000000, 0x0000000084100000, 0x0000000084100000|100%| O|  |TAMS 0x0000000084000000| PB 0x0000000084000000| Untracked 
|  65|0x0000000084100000, 0x0000000084200000, 0x0000000084200000|100%| O|  |TAMS 0x0000000084100000| PB 0x0000000084100000| Untracked 
|  66|0x0000000084200000, 0x0000000084300000, 0x0000000084300000|100%| O|  |TAMS 0x0000000084200000| PB 0x0000000084200000| Untracked 
|  67|0x0000000084300000, 0x0000000084400000, 0x0000000084400000|100%| O|  |TAMS 0x0000000084300000| PB 0x0000000084300000| Untracked 
|  68|0x0000000084400000, 0x0000000084500000, 0x0000000084500000|100%| O|  |TAMS 0x0000000084400000| PB 0x0000000084400000| Untracked 
|  69|0x0000000084500000, 0x0000000084600000, 0x0000000084600000|100%| O|  |TAMS 0x0000000084500000| PB 0x0000000084500000| Untracked 
|  70|0x0000000084600000, 0x0000000084700000, 0x0000000084700000|100%| O|  |TAMS 0x0000000084600000| PB 0x0000000084600000| Untracked 
|  71|0x0000000084700000, 0x0000000084800000, 0x0000000084800000|100%| O|  |TAMS 0x0000000084700000| PB 0x0000000084700000| Untracked 
|  72|0x0000000084800000, 0x0000000084900000, 0x0000000084900000|100%|HS|  |TAMS 0x0000000084800000| PB 0x0000000084800000| Complete 
|  73|0x0000000084900000, 0x0000000084a00000, 0x0000000084a00000|100%|HC|  |TAMS 0x0000000084900000| PB 0x0000000084900000| Complete 
|  74|0x0000000084a00000, 0x0000000084b00000, 0x0000000084b00000|100%|HC|  |TAMS 0x0000000084a00000| PB 0x0000000084a00000| Complete 
|  75|0x0000000084b00000, 0x0000000084c00000, 0x0000000084c00000|100%| O|  |TAMS 0x0000000084b00000| PB 0x0000000084b00000| Untracked 
|  76|0x0000000084c00000, 0x0000000084d00000, 0x0000000084d00000|100%| O|  |TAMS 0x0000000084c00000| PB 0x0000000084c00000| Untracked 
|  77|0x0000000084d00000, 0x0000000084e00000, 0x0000000084e00000|100%| O|  |TAMS 0x0000000084d00000| PB 0x0000000084d00000| Untracked 
|  78|0x0000000084e00000, 0x0000000084f00000, 0x0000000084f00000|100%| O|  |TAMS 0x0000000084e00000| PB 0x0000000084e00000| Untracked 
|  79|0x0000000084f00000, 0x0000000085000000, 0x0000000085000000|100%| O|  |TAMS 0x0000000084f00000| PB 0x0000000084f00000| Untracked 
|  80|0x0000000085000000, 0x0000000085100000, 0x0000000085100000|100%| O|  |TAMS 0x0000000085000000| PB 0x0000000085000000| Untracked 
|  81|0x0000000085100000, 0x0000000085200000, 0x0000000085200000|100%|HS|  |TAMS 0x0000000085100000| PB 0x0000000085100000| Complete 
|  82|0x0000000085200000, 0x0000000085300000, 0x0000000085300000|100%| O|  |TAMS 0x0000000085200000| PB 0x0000000085200000| Untracked 
|  83|0x0000000085300000, 0x0000000085400000, 0x0000000085400000|100%| O|  |TAMS 0x0000000085300000| PB 0x0000000085300000| Untracked 
|  84|0x0000000085400000, 0x0000000085500000, 0x0000000085500000|100%| O|  |TAMS 0x0000000085400000| PB 0x0000000085400000| Untracked 
|  85|0x0000000085500000, 0x0000000085600000, 0x0000000085600000|100%| O|  |TAMS 0x0000000085500000| PB 0x0000000085500000| Untracked 
|  86|0x0000000085600000, 0x0000000085700000, 0x0000000085700000|100%| O|  |TAMS 0x0000000085600000| PB 0x0000000085600000| Untracked 
|  87|0x0000000085700000, 0x0000000085800000, 0x0000000085800000|100%| O|  |TAMS 0x0000000085700000| PB 0x0000000085700000| Untracked 
|  88|0x0000000085800000, 0x0000000085900000, 0x0000000085900000|100%| O|  |TAMS 0x0000000085800000| PB 0x0000000085800000| Untracked 
|  89|0x0000000085900000, 0x0000000085a00000, 0x0000000085a00000|100%| O|  |TAMS 0x0000000085900000| PB 0x0000000085900000| Untracked 
|  90|0x0000000085a00000, 0x0000000085a00000, 0x0000000085b00000|  0%| F|  |TAMS 0x0000000085a00000| PB 0x0000000085a00000| Untracked 
|  91|0x0000000085b00000, 0x0000000085b00000, 0x0000000085c00000|  0%| F|  |TAMS 0x0000000085b00000| PB 0x0000000085b00000| Untracked 
|  92|0x0000000085c00000, 0x0000000085c00000, 0x0000000085d00000|  0%| F|  |TAMS 0x0000000085c00000| PB 0x0000000085c00000| Untracked 
|  93|0x0000000085d00000, 0x0000000085e00000, 0x0000000085e00000|100%| S|CS|TAMS 0x0000000085d00000| PB 0x0000000085d00000| Complete 
|  94|0x0000000085e00000, 0x0000000085f00000, 0x0000000085f00000|100%| S|CS|TAMS 0x0000000085e00000| PB 0x0000000085e00000| Complete 
|  95|0x0000000085f00000, 0x0000000085f00000, 0x0000000086000000|  0%| F|  |TAMS 0x0000000085f00000| PB 0x0000000085f00000| Untracked 
|  96|0x0000000086000000, 0x0000000086000000, 0x0000000086100000|  0%| F|  |TAMS 0x0000000086000000| PB 0x0000000086000000| Untracked 
|  97|0x0000000086100000, 0x0000000086100000, 0x0000000086200000|  0%| F|  |TAMS 0x0000000086100000| PB 0x0000000086100000| Untracked 
|  98|0x0000000086200000, 0x0000000086200000, 0x0000000086300000|  0%| F|  |TAMS 0x0000000086200000| PB 0x0000000086200000| Untracked 
|  99|0x0000000086300000, 0x0000000086300000, 0x0000000086400000|  0%| F|  |TAMS 0x0000000086300000| PB 0x0000000086300000| Untracked 
| 100|0x0000000086400000, 0x0000000086500000, 0x0000000086500000|100%| S|CS|TAMS 0x0000000086400000| PB 0x0000000086400000| Complete 
| 101|0x0000000086500000, 0x0000000086600000, 0x0000000086600000|100%| S|CS|TAMS 0x0000000086500000| PB 0x0000000086500000| Complete 
| 102|0x0000000086600000, 0x0000000086600000, 0x0000000086700000|  0%| F|  |TAMS 0x0000000086600000| PB 0x0000000086600000| Untracked 
| 103|0x0000000086700000, 0x0000000086700000, 0x0000000086800000|  0%| F|  |TAMS 0x0000000086700000| PB 0x0000000086700000| Untracked 
| 104|0x0000000086800000, 0x0000000086800000, 0x0000000086900000|  0%| F|  |TAMS 0x0000000086800000| PB 0x0000000086800000| Untracked 
| 105|0x0000000086900000, 0x0000000086900000, 0x0000000086a00000|  0%| F|  |TAMS 0x0000000086900000| PB 0x0000000086900000| Untracked 
| 106|0x0000000086a00000, 0x0000000086a00000, 0x0000000086b00000|  0%| F|  |TAMS 0x0000000086a00000| PB 0x0000000086a00000| Untracked 
| 107|0x0000000086b00000, 0x0000000086b00000, 0x0000000086c00000|  0%| F|  |TAMS 0x0000000086b00000| PB 0x0000000086b00000| Untracked 
| 108|0x0000000086c00000, 0x0000000086c00000, 0x0000000086d00000|  0%| F|  |TAMS 0x0000000086c00000| PB 0x0000000086c00000| Untracked 
| 109|0x0000000086d00000, 0x0000000086d00000, 0x0000000086e00000|  0%| F|  |TAMS 0x0000000086d00000| PB 0x0000000086d00000| Untracked 
| 110|0x0000000086e00000, 0x0000000086e00000, 0x0000000086f00000|  0%| F|  |TAMS 0x0000000086e00000| PB 0x0000000086e00000| Untracked 
| 111|0x0000000086f00000, 0x0000000086f00000, 0x0000000087000000|  0%| F|  |TAMS 0x0000000086f00000| PB 0x0000000086f00000| Untracked 
| 112|0x0000000087000000, 0x0000000087000000, 0x0000000087100000|  0%| F|  |TAMS 0x0000000087000000| PB 0x0000000087000000| Untracked 
| 113|0x0000000087100000, 0x0000000087100000, 0x0000000087200000|  0%| F|  |TAMS 0x0000000087100000| PB 0x0000000087100000| Untracked 
| 114|0x0000000087200000, 0x0000000087200000, 0x0000000087300000|  0%| F|  |TAMS 0x0000000087200000| PB 0x0000000087200000| Untracked 
| 115|0x0000000087300000, 0x0000000087300000, 0x0000000087400000|  0%| F|  |TAMS 0x0000000087300000| PB 0x0000000087300000| Untracked 
| 116|0x0000000087400000, 0x0000000087400000, 0x0000000087500000|  0%| F|  |TAMS 0x0000000087400000| PB 0x0000000087400000| Untracked 
| 117|0x0000000087500000, 0x0000000087500000, 0x0000000087600000|  0%| F|  |TAMS 0x0000000087500000| PB 0x0000000087500000| Untracked 
| 118|0x0000000087600000, 0x0000000087600000, 0x0000000087700000|  0%| F|  |TAMS 0x0000000087600000| PB 0x0000000087600000| Untracked 
| 119|0x0000000087700000, 0x0000000087700000, 0x0000000087800000|  0%| F|  |TAMS 0x0000000087700000| PB 0x0000000087700000| Untracked 
| 120|0x0000000087800000, 0x0000000087800000, 0x0000000087900000|  0%| F|  |TAMS 0x0000000087800000| PB 0x0000000087800000| Untracked 
| 121|0x0000000087900000, 0x0000000087900000, 0x0000000087a00000|  0%| F|  |TAMS 0x0000000087900000| PB 0x0000000087900000| Untracked 
| 122|0x0000000087a00000, 0x0000000087a00000, 0x0000000087b00000|  0%| F|  |TAMS 0x0000000087a00000| PB 0x0000000087a00000| Untracked 
| 123|0x0000000087b00000, 0x0000000087b00000, 0x0000000087c00000|  0%| F|  |TAMS 0x0000000087b00000| PB 0x0000000087b00000| Untracked 
| 124|0x0000000087c00000, 0x0000000087c00000, 0x0000000087d00000|  0%| F|  |TAMS 0x0000000087c00000| PB 0x0000000087c00000| Untracked 
| 125|0x0000000087d00000, 0x0000000087d00000, 0x0000000087e00000|  0%| F|  |TAMS 0x0000000087d00000| PB 0x0000000087d00000| Untracked 
| 126|0x0000000087e00000, 0x0000000087e00000, 0x0000000087f00000|  0%| F|  |TAMS 0x0000000087e00000| PB 0x0000000087e00000| Untracked 
| 127|0x0000000087f00000, 0x0000000087f00000, 0x0000000088000000|  0%| F|  |TAMS 0x0000000087f00000| PB 0x0000000087f00000| Untracked 
| 128|0x0000000088000000, 0x0000000088000000, 0x0000000088100000|  0%| F|  |TAMS 0x0000000088000000| PB 0x0000000088000000| Untracked 

Card table byte_map: [0x0000021bdb8d0000,0x0000021bdbcd0000] _byte_map_base: 0x0000021bdb4d0000

Marking Bits: (CMBitMap*) 0x0000021bc92d46b0
 Bits: [0x0000021bdbcd0000, 0x0000021bddcd0000)

Polling page: 0x0000021bc6e20000

Metaspace:

Usage:
  Non-class:     21.38 MB used.
      Class:      2.28 MB used.
       Both:     23.67 MB used.

Virtual space:
  Non-class space:       64.00 MB reserved,      21.50 MB ( 34%) committed,  1 nodes.
      Class space:        1.00 GB reserved,       2.38 MB ( <1%) committed,  1 nodes.
             Both:        1.06 GB reserved,      23.88 MB (  2%) committed. 

Chunk freelists:
   Non-Class:  10.27 MB
       Class:  13.45 MB
        Both:  23.72 MB

MaxMetaspaceSize: unlimited
CompressedClassSpaceSize: 1.00 GB
Initial GC threshold: 21.00 MB
Current GC threshold: 39.69 MB
CDS: off
 - commit_granule_bytes: 65536.
 - commit_granule_words: 8192.
 - virtual_space_node_default_size: 8388608.
 - enlarge_chunks_in_place: 1.
 - use_allocation_guard: 0.


Internal statistics:

num_allocs_failed_limit: 3.
num_arena_births: 154.
num_arena_deaths: 0.
num_vsnodes_births: 2.
num_vsnodes_deaths: 0.
num_space_committed: 381.
num_space_uncommitted: 0.
num_chunks_returned_to_freelist: 3.
num_chunks_taken_from_freelist: 524.
num_chunk_merges: 3.
num_chunk_splits: 334.
num_chunks_enlarged: 236.
num_inconsistent_stats: 0.

CodeHeap 'non-profiled nmethods': size=119168Kb used=2741Kb max_used=2741Kb free=116427Kb
 bounds [0x0000021bd37f0000, 0x0000021bd3aa0000, 0x0000021bdac50000]
CodeHeap 'profiled nmethods': size=119104Kb used=6659Kb max_used=6788Kb free=112444Kb
 bounds [0x0000021bcbc50000, 0x0000021bcc320000, 0x0000021bd30a0000]
CodeHeap 'non-nmethods': size=7488Kb used=3101Kb max_used=3176Kb free=4386Kb
 bounds [0x0000021bd30a0000, 0x0000021bd33d0000, 0x0000021bd37f0000]
CodeCache: size=245760Kb, used=12501Kb, max_used=12705Kb, free=233257Kb
 total_blobs=3736, nmethods=3165, adapters=472, full_count=0
Compilation: enabled, stopped_count=0, restarted_count=0

Compilation events (20 events):
Event: 12.064 Thread 0x0000021be6445ec0 nmethod 3355 0x0000021bd3a88e90 code [0x0000021bd3a89060, 0x0000021bd3a894b8]
Event: 12.070 Thread 0x0000021be6445ec0 3381 %     4       java.util.StringTokenizer::setMaxDelimCodePoint @ 20 (156 bytes)
Event: 12.125 Thread 0x0000021be68376b0 nmethod 3407 0x0000021bd3a89710 code [0x0000021bd3a899a0, 0x0000021bd3a8a850]
Event: 12.128 Thread 0x0000021be633b6c0 nmethod 3192 0x0000021bd3a8b190 code [0x0000021bd3a8b7c0, 0x0000021bd3a91528]
Event: 12.138 Thread 0x0000021be68376b0 3383       4       java.util.stream.SortedOps$SizedRefSortingSink::end (129 bytes)
Event: 12.149 Thread 0x0000021be50a84a0 nmethod 3334 0x0000021bd3a94d10 code [0x0000021bd3a95040, 0x0000021bd3a96d58]
Event: 12.153 Thread 0x0000021be6445ec0 nmethod 3381% 0x0000021bd3a97610 code [0x0000021bd3a977c0, 0x0000021bd3a97d20]
Event: 12.154 Thread 0x0000021be65b7f50 nmethod 3349 0x0000021bd3a97f90 code [0x0000021bd3a98260, 0x0000021bd3a99e98]
Event: 12.162 Thread 0x0000021be6445ec0 3403       4       java.util.StringTokenizer::scanToken (179 bytes)
Event: 12.186 Thread 0x0000021be65b7f50 3413       4       java.util.StringTokenizer::setMaxDelimCodePoint (156 bytes)
Event: 12.186 Thread 0x0000021be50a84a0 3406       4       java.util.Arrays$ArrayList::indexOf (62 bytes)
Event: 12.205 Thread 0x0000021be633b6c0 3398       4       org.languagetool.rules.patterns.AbstractPatternRule::<init> (237 bytes)
Event: 12.214 Thread 0x0000021be68376b0 nmethod 3383 0x0000021bd3a9ac10 code [0x0000021bd3a9ae00, 0x0000021bd3a9b468]
Event: 12.221 Thread 0x0000021be68376b0 3399       4       org.languagetool.rules.patterns.AbstractTokenBasedRule::<init> (289 bytes)
Event: 12.224 Thread 0x0000021be50a84a0 nmethod 3406 0x0000021bd3a9b890 code [0x0000021bd3a9ba40, 0x0000021bd3a9bd18]
Event: 12.228 Thread 0x0000021be50a84a0 3348       4       jdk.internal.jimage.ImageLocation::readValue (61 bytes)
Event: 12.236 Thread 0x0000021be6445ec0 nmethod 3403 0x0000021bd3a9be90 code [0x0000021bd3a9c0a0, 0x0000021bd3a9c878]
Event: 12.242 Thread 0x0000021be6445ec0 3415       4       org.languagetool.rules.patterns.PatternToken::calcStringHints (220 bytes)
Event: 12.268 Thread 0x0000021be50a84a0 nmethod 3348 0x0000021bd3a9cf10 code [0x0000021bd3a9d0a0, 0x0000021bd3a9d2a8]
Event: 12.273 Thread 0x0000021be50a84a0 3414       4       java.util.TimSort::reverseRange (32 bytes)

GC Heap History (20 events):
Event: 6.793 GC heap after
{Heap after GC invocations=6 (full 0):
 garbage-first heap   total 65536K, used 25600K [0x0000000080000000, 0x0000000100000000)
  region size 1024K, 3 young (3072K), 3 survivors (3072K)
 Metaspace       used 23240K, committed 23488K, reserved 1114112K
  class space    used 2229K, committed 2304K, reserved 1048576K
}
Event: 7.331 GC heap before
{Heap before GC invocations=6 (full 0):
 garbage-first heap   total 65536K, used 52224K [0x0000000080000000, 0x0000000100000000)
  region size 1024K, 26 young (26624K), 3 survivors (3072K)
 Metaspace       used 23541K, committed 23744K, reserved 1114112K
  class space    used 2267K, committed 2368K, reserved 1048576K
}
Event: 7.350 GC heap after
{Heap after GC invocations=7 (full 0):
 garbage-first heap   total 89088K, used 29254K [0x0000000080000000, 0x0000000100000000)
  region size 1024K, 3 young (3072K), 3 survivors (3072K)
 Metaspace       used 23541K, committed 23744K, reserved 1114112K
  class space    used 2267K, committed 2368K, reserved 1048576K
}
Event: 7.989 GC heap before
{Heap before GC invocations=7 (full 0):
 garbage-first heap   total 89088K, used 70214K [0x0000000080000000, 0x0000000100000000)
  region size 1024K, 43 young (44032K), 3 survivors (3072K)
 Metaspace       used 23573K, committed 23872K, reserved 1114112K
  class space    used 2269K, committed 2432K, reserved 1048576K
}
Event: 8.012 GC heap after
{Heap after GC invocations=8 (full 0):
 garbage-first heap   total 89088K, used 34083K [0x0000000080000000, 0x0000000100000000)
  region size 1024K, 6 young (6144K), 6 survivors (6144K)
 Metaspace       used 23573K, committed 23872K, reserved 1114112K
  class space    used 2269K, committed 2432K, reserved 1048576K
}
Event: 8.620 GC heap before
{Heap before GC invocations=8 (full 0):
 garbage-first heap   total 89088K, used 69923K [0x0000000080000000, 0x0000000100000000)
  region size 1024K, 41 young (41984K), 6 survivors (6144K)
 Metaspace       used 23588K, committed 23872K, reserved 1114112K
  class space    used 2272K, committed 2432K, reserved 1048576K
}
Event: 8.650 GC heap after
{Heap after GC invocations=9 (full 0):
 garbage-first heap   total 89088K, used 39727K [0x0000000080000000, 0x0000000100000000)
  region size 1024K, 5 young (5120K), 5 survivors (5120K)
 Metaspace       used 23588K, committed 23872K, reserved 1114112K
  class space    used 2272K, committed 2432K, reserved 1048576K
}
Event: 9.254 GC heap before
{Heap before GC invocations=9 (full 0):
 garbage-first heap   total 89088K, used 73519K [0x0000000080000000, 0x0000000100000000)
  region size 1024K, 38 young (38912K), 5 survivors (5120K)
 Metaspace       used 23676K, committed 23936K, reserved 1114112K
  class space    used 2283K, committed 2432K, reserved 1048576K
}
Event: 9.280 GC heap after
{Heap after GC invocations=10 (full 0):
 garbage-first heap   total 89088K, used 44544K [0x0000000080000000, 0x0000000100000000)
  region size 1024K, 5 young (5120K), 5 survivors (5120K)
 Metaspace       used 23676K, committed 23936K, reserved 1114112K
  class space    used 2283K, committed 2432K, reserved 1048576K
}
Event: 9.642 GC heap before
{Heap before GC invocations=10 (full 0):
 garbage-first heap   total 89088K, used 55808K [0x0000000080000000, 0x0000000100000000)
  region size 1024K, 17 young (17408K), 5 survivors (5120K)
 Metaspace       used 23770K, committed 24064K, reserved 1114112K
  class space    used 2292K, committed 2432K, reserved 1048576K
}
Event: 9.662 GC heap after
{Heap after GC invocations=11 (full 0):
 garbage-first heap   total 124928K, used 45829K [0x0000000080000000, 0x0000000100000000)
  region size 1024K, 2 young (2048K), 2 survivors (2048K)
 Metaspace       used 23770K, committed 24064K, reserved 1114112K
  class space    used 2292K, committed 2432K, reserved 1048576K
}
Event: 10.504 GC heap before
{Heap before GC invocations=11 (full 0):
 garbage-first heap   total 124928K, used 106245K [0x0000000080000000, 0x0000000100000000)
  region size 1024K, 59 young (60416K), 2 survivors (2048K)
 Metaspace       used 24161K, committed 24384K, reserved 1114112K
  class space    used 2335K, committed 2432K, reserved 1048576K
}
Event: 10.546 GC heap after
{Heap after GC invocations=12 (full 0):
 garbage-first heap   total 124928K, used 60308K [0x0000000080000000, 0x0000000100000000)
  region size 1024K, 8 young (8192K), 8 survivors (8192K)
 Metaspace       used 24161K, committed 24384K, reserved 1114112K
  class space    used 2335K, committed 2432K, reserved 1048576K
}
Event: 10.853 GC heap before
{Heap before GC invocations=12 (full 0):
 garbage-first heap   total 124928K, used 105364K [0x0000000080000000, 0x0000000100000000)
  region size 1024K, 50 young (51200K), 8 survivors (8192K)
 Metaspace       used 24174K, committed 24384K, reserved 1114112K
  class space    used 2335K, committed 2432K, reserved 1048576K
}
Event: 10.907 GC heap after
{Heap after GC invocations=13 (full 0):
 garbage-first heap   total 124928K, used 71680K [0x0000000080000000, 0x0000000100000000)
  region size 1024K, 7 young (7168K), 7 survivors (7168K)
 Metaspace       used 24174K, committed 24384K, reserved 1114112K
  class space    used 2335K, committed 2432K, reserved 1048576K
}
Event: 11.178 GC heap before
{Heap before GC invocations=13 (full 0):
 garbage-first heap   total 124928K, used 107520K [0x0000000080000000, 0x0000000100000000)
  region size 1024K, 42 young (43008K), 7 survivors (7168K)
 Metaspace       used 24180K, committed 24384K, reserved 1114112K
  class space    used 2335K, committed 2432K, reserved 1048576K
}
Event: 11.236 GC heap after
{Heap after GC invocations=14 (full 0):
 garbage-first heap   total 124928K, used 79872K [0x0000000080000000, 0x0000000100000000)
  region size 1024K, 6 young (6144K), 6 survivors (6144K)
 Metaspace       used 24180K, committed 24384K, reserved 1114112K
  class space    used 2335K, committed 2432K, reserved 1048576K
}
Event: 11.577 GC heap before
{Heap before GC invocations=15 (full 0):
 garbage-first heap   total 132096K, used 111616K [0x0000000080000000, 0x0000000100000000)
  region size 1024K, 35 young (35840K), 6 survivors (6144K)
 Metaspace       used 24183K, committed 24384K, reserved 1114112K
  class space    used 2335K, committed 2432K, reserved 1048576K
}
Event: 11.618 GC heap after
{Heap after GC invocations=16 (full 0):
 garbage-first heap   total 132096K, used 89600K [0x0000000080000000, 0x0000000100000000)
  region size 1024K, 5 young (5120K), 5 survivors (5120K)
 Metaspace       used 24183K, committed 24384K, reserved 1114112K
  class space    used 2335K, committed 2432K, reserved 1048576K
}
Event: 12.278 GC heap before
{Heap before GC invocations=16 (full 0):
 garbage-first heap   total 132096K, used 118272K [0x0000000080000000, 0x0000000100000000)
  region size 1024K, 32 young (32768K), 5 survivors (5120K)
 Metaspace       used 24233K, committed 24448K, reserved 1114112K
  class space    used 2339K, committed 2432K, reserved 1048576K
}

Dll operation events (9 events):
Event: 0.017 Loaded shared library c:\Users\karti\.vscode\extensions\ltex-plus.vscode-ltex-plus-15.7.1\lib\ltex-ls-plus-18.7.0\jdk-21.0.10+7\bin\java.dll
Event: 0.026 Loaded shared library c:\Users\karti\.vscode\extensions\ltex-plus.vscode-ltex-plus-15.7.1\lib\ltex-ls-plus-18.7.0\jdk-21.0.10+7\bin\zip.dll
Event: 0.119 Loaded shared library c:\Users\karti\.vscode\extensions\ltex-plus.vscode-ltex-plus-15.7.1\lib\ltex-ls-plus-18.7.0\jdk-21.0.10+7\bin\jsvml.dll
Event: 0.488 Loaded shared library C:\Users\karti\.vscode\extensions\ltex-plus.vscode-ltex-plus-15.7.1\lib\ltex-ls-plus-18.7.0\jdk-21.0.10+7\bin\net.dll
Event: 0.492 Loaded shared library C:\Users\karti\.vscode\extensions\ltex-plus.vscode-ltex-plus-15.7.1\lib\ltex-ls-plus-18.7.0\jdk-21.0.10+7\bin\nio.dll
Event: 0.509 Loaded shared library C:\Users\karti\.vscode\extensions\ltex-plus.vscode-ltex-plus-15.7.1\lib\ltex-ls-plus-18.7.0\jdk-21.0.10+7\bin\zip.dll
Event: 0.884 Loaded shared library C:\Users\karti\.vscode\extensions\ltex-plus.vscode-ltex-plus-15.7.1\lib\ltex-ls-plus-18.7.0\jdk-21.0.10+7\bin\jimage.dll
Event: 1.028 Loaded shared library C:\Users\karti\AppData\Local\Temp\jansi-2.4.3-b9cfcb1aa49bea81-jansi.dll
Event: 1.086 Loaded shared library c:\Users\karti\.vscode\extensions\ltex-plus.vscode-ltex-plus-15.7.1\lib\ltex-ls-plus-18.7.0\jdk-21.0.10+7\bin\verify.dll

Deoptimization events (20 events):
Event: 12.269 Thread 0x0000021bc927a9a0 DEOPT PACKING pc=0x0000021bcbc5541e sp=0x000000c8e55fe570
Event: 12.269 Thread 0x0000021bc927a9a0 DEOPT UNPACKING pc=0x0000021bd30f4b42 sp=0x000000c8e55fd9b0 mode 0
Event: 12.270 Thread 0x0000021bc927a9a0 DEOPT PACKING pc=0x0000021bcbc5541e sp=0x000000c8e55fe570
Event: 12.270 Thread 0x0000021bc927a9a0 DEOPT UNPACKING pc=0x0000021bd30f4b42 sp=0x000000c8e55fd9b0 mode 0
Event: 12.271 Thread 0x0000021bc927a9a0 DEOPT PACKING pc=0x0000021bcbc5541e sp=0x000000c8e55fe570
Event: 12.271 Thread 0x0000021bc927a9a0 DEOPT UNPACKING pc=0x0000021bd30f4b42 sp=0x000000c8e55fd9b0 mode 0
Event: 12.272 Thread 0x0000021bc927a9a0 DEOPT PACKING pc=0x0000021bcbc5541e sp=0x000000c8e55fe570
Event: 12.272 Thread 0x0000021bc927a9a0 DEOPT UNPACKING pc=0x0000021bd30f4b42 sp=0x000000c8e55fd9b0 mode 0
Event: 12.272 Thread 0x0000021bc927a9a0 DEOPT PACKING pc=0x0000021bcbc5541e sp=0x000000c8e55fe570
Event: 12.272 Thread 0x0000021bc927a9a0 DEOPT UNPACKING pc=0x0000021bd30f4b42 sp=0x000000c8e55fd9b0 mode 0
Event: 12.273 Thread 0x0000021bc927a9a0 DEOPT PACKING pc=0x0000021bcbc5541e sp=0x000000c8e55fe570
Event: 12.273 Thread 0x0000021bc927a9a0 DEOPT UNPACKING pc=0x0000021bd30f4b42 sp=0x000000c8e55fd9b0 mode 0
Event: 12.274 Thread 0x0000021bc927a9a0 DEOPT PACKING pc=0x0000021bcbc5541e sp=0x000000c8e55fe570
Event: 12.274 Thread 0x0000021bc927a9a0 DEOPT UNPACKING pc=0x0000021bd30f4b42 sp=0x000000c8e55fd9b0 mode 0
Event: 12.275 Thread 0x0000021bc927a9a0 DEOPT PACKING pc=0x0000021bcbc5541e sp=0x000000c8e55fe570
Event: 12.275 Thread 0x0000021bc927a9a0 DEOPT UNPACKING pc=0x0000021bd30f4b42 sp=0x000000c8e55fd9b0 mode 0
Event: 12.276 Thread 0x0000021bc927a9a0 DEOPT PACKING pc=0x0000021bcbc5541e sp=0x000000c8e55fe570
Event: 12.276 Thread 0x0000021bc927a9a0 DEOPT UNPACKING pc=0x0000021bd30f4b42 sp=0x000000c8e55fd9b0 mode 0
Event: 12.277 Thread 0x0000021bc927a9a0 DEOPT PACKING pc=0x0000021bcbc5541e sp=0x000000c8e55fe570
Event: 12.277 Thread 0x0000021bc927a9a0 DEOPT UNPACKING pc=0x0000021bd30f4b42 sp=0x000000c8e55fd9b0 mode 0

Classes loaded (20 events):
Event: 10.454 Loading class sun/text/resources/BreakIteratorResources_en
Event: 10.454 Loading class sun/text/resources/BreakIteratorResources_en done
Event: 10.458 Loading class sun/text/RuleBasedBreakIterator
Event: 10.459 Loading class sun/text/RuleBasedBreakIterator done
Event: 10.461 Loading class sun/text/CompactByteArray
Event: 10.462 Loading class sun/text/CompactByteArray done
Event: 10.463 Loading class sun/text/SupplementaryCharacterData
Event: 10.464 Loading class sun/text/SupplementaryCharacterData done
Event: 10.465 Loading class java/text/BreakIterator$BreakIteratorCache
Event: 10.466 Loading class java/text/BreakIterator$BreakIteratorCache done
Event: 10.467 Loading class java/text/StringCharacterIterator
Event: 10.467 Loading class java/text/CharacterIterator
Event: 10.468 Loading class java/text/CharacterIterator done
Event: 10.468 Loading class java/text/StringCharacterIterator done
Event: 11.664 Loading class java/net/URISyntaxException
Event: 11.665 Loading class java/net/URISyntaxException done
Event: 11.669 Loading class java/util/concurrent/ConcurrentLinkedQueue
Event: 11.670 Loading class java/util/concurrent/ConcurrentLinkedQueue done
Event: 11.671 Loading class java/util/concurrent/ConcurrentLinkedQueue$Node
Event: 11.671 Loading class java/util/concurrent/ConcurrentLinkedQueue$Node done

Classes unloaded (0 events):
No events

Classes redefined (0 events):
No events

Internal exceptions (20 events):
Event: 1.032 Thread 0x0000021bc927a9a0 Exception <a 'java/lang/NullPointerException'{0x00000000838c8f78}> (0x00000000838c8f78) 
thrown [s\src\hotspot\share\interpreter\linkResolver.cpp, line 1372]
Event: 1.034 Thread 0x0000021bc927a9a0 Exception <a 'java/lang/NullPointerException'{0x00000000838dd2d0}> (0x00000000838dd2d0) 
thrown [s\src\hotspot\share\interpreter\linkResolver.cpp, line 1372]
Event: 1.034 Thread 0x0000021bc927a9a0 Exception <a 'java/lang/NullPointerException'{0x00000000838dd5b0}> (0x00000000838dd5b0) 
thrown [s\src\hotspot\share\interpreter\linkResolver.cpp, line 1372]
Event: 1.034 Thread 0x0000021bc927a9a0 Exception <a 'java/lang/NullPointerException'{0x00000000838dd890}> (0x00000000838dd890) 
thrown [s\src\hotspot\share\interpreter\linkResolver.cpp, line 1372]
Event: 1.034 Thread 0x0000021bc927a9a0 Exception <a 'java/lang/NullPointerException'{0x00000000838ddb70}> (0x00000000838ddb70) 
thrown [s\src\hotspot\share\interpreter\linkResolver.cpp, line 1372]
Event: 1.777 Thread 0x0000021bc927a9a0 Exception <a 'java/lang/NoSuchMethodError'{0x00000000830563d0}: 'int java.lang.invoke.DirectMethodHandle$Holder.invokeSpecial(java.lang.Object, java.lang.Object, java.lang.Object)'> (0x00000000830563d0) 
thrown [s\src\hotspot\share\interpreter\linkResolver.cpp, line 773]
Event: 1.780 Thread 0x0000021bc927a9a0 Exception <a 'java/lang/NoSuchMethodError'{0x0000000083060c88}: 'void java.lang.invoke.DelegatingMethodHandle$Holder.reinvoke_L(java.lang.Object, java.lang.Object, int)'> (0x0000000083060c88) 
thrown [s\src\hotspot\share\interpreter\linkResolver.cpp, line 773]
Event: 1.782 Thread 0x0000021bc927a9a0 Exception <a 'java/lang/NoSuchMethodError'{0x0000000083067628}: 'int java.lang.invoke.Invokers$Holder.invokeExact_MT(java.lang.Object, java.lang.Object, java.lang.Object)'> (0x0000000083067628) 
thrown [s\src\hotspot\share\interpreter\linkResolver.cpp, line 773]
Event: 1.790 Thread 0x0000021bc927a9a0 Exception <a 'java/lang/NoSuchMethodError'{0x00000000830782b8}: 'void java.lang.invoke.Invokers$Holder.invokeExact_MT(java.lang.Object, java.lang.Object, java.lang.Object, java.lang.Object)'> (0x00000000830782b8) 
thrown [s\src\hotspot\share\interpreter\linkResolver.cpp, line 773]
Event: 1.921 Thread 0x0000021bc927a9a0 Exception <a 'java/lang/NoSuchMethodError'{0x0000000082fdd9f8}: 'void java.lang.invoke.DirectMethodHandle$Holder.invokeVirtual(java.lang.Object, java.lang.Object)'> (0x0000000082fdd9f8) 
thrown [s\src\hotspot\share\interpreter\linkResolver.cpp, line 773]
Event: 2.472 Thread 0x0000021bc927a9a0 Exception <a 'java/lang/NoSuchMethodError'{0x00000000829e0658}: 'java.lang.Object java.lang.invoke.DirectMethodHandle$Holder.invokeStaticInit(java.lang.Object, java.lang.Object, java.lang.Object)'> (0x00000000829e0658) 
thrown [s\src\hotspot\share\interpreter\linkResolver.cpp, line 773]
Event: 2.506 Thread 0x0000021bc927a9a0 Exception <a 'java/lang/NoClassDefFoundError'{0x0000000083f07888}: org/apache/logging/log4j/spi/LoggerAdapter> (0x0000000083f07888) 
thrown [s\src\hotspot\share\classfile\systemDictionary.cpp, line 301]
Event: 2.630 Thread 0x0000021bc927a9a0 Exception <a 'java/lang/ClassNotFoundException'{0x0000000083e3cbe8}: com/sun/org/apache/xerces/internal/impl/xpath/regex/spi/messageProvider> (0x0000000083e3cbe8) 
thrown [s\src\hotspot\share\classfile\systemDictionary.cpp, line 312]
Event: 3.223 Thread 0x0000021bc927a9a0 Exception <a 'java/lang/NoSuchMethodError'{0x00000000835948f0}: 'java.lang.Object java.lang.invoke.DirectMethodHandle$Holder.invokeInterface(java.lang.Object, java.lang.Object)'> (0x00000000835948f0) 
thrown [s\src\hotspot\share\interpreter\linkResolver.cpp, line 773]
Event: 3.224 Thread 0x0000021bc927a9a0 Exception <a 'java/lang/IncompatibleClassChangeError'{0x0000000083597ec8}: Found class java.lang.Object, but interface was expected> (0x0000000083597ec8) 
thrown [s\src\hotspot\share\interpreter\linkResolver.cpp, line 840]
Event: 3.692 Thread 0x0000021bc927a9a0 Exception <a 'java/lang/NoSuchMethodError'{0x0000000083f8cf48}: 'java.lang.Object java.lang.invoke.Invokers$Holder.invokeExact_MT(java.lang.Object, java.lang.Object, java.lang.Object, java.lang.Object, java.lang.Object, java.lang.Object)'> (0x0000000083f8cf48) 
thrown [s\src\hotspot\share\interpreter\linkResolver.cpp, line 773]
Event: 3.756 Thread 0x0000021bc927a9a0 Exception <a 'java/lang/NoSuchMethodError'{0x0000000083eb3c80}: 'int java.lang.invoke.DirectMethodHandle$Holder.invokeVirtual(java.lang.Object, java.lang.Object, java.lang.Object)'> (0x0000000083eb3c80) 
thrown [s\src\hotspot\share\interpreter\linkResolver.cpp, line 773]
Event: 3.874 Thread 0x0000021bc927a9a0 Exception <a 'java/lang/NoSuchMethodError'{0x0000000083b98b68}: 'void java.lang.invoke.DirectMethodHandle$Holder.invokeInterface(java.lang.Object, java.lang.Object, java.lang.Object)'> (0x0000000083b98b68) 
thrown [s\src\hotspot\share\interpreter\linkResolver.cpp, line 773]
Event: 4.045 Thread 0x0000021bc927a9a0 Exception <a 'java/lang/NoSuchMethodError'{0x0000000083a82b50}: 'java.lang.Object java.lang.invoke.DirectMethodHandle$Holder.invokeVirtual(java.lang.Object, java.lang.Object, java.lang.Object)'> (0x0000000083a82b50) 
thrown [s\src\hotspot\share\interpreter\linkResolver.cpp, line 773]
Event: 9.602 Thread 0x0000021bc927a9a0 Implicit null exception at 0x0000021bd3995001 to 0x0000021bd3995034

ZGC Phase Switch (0 events):
No events

VM Operations (20 events):
Event: 8.650 Executing safepoint VM operation: G1CollectForAllocation (G1 Evacuation Pause) done
Event: 9.253 Executing safepoint VM operation: G1CollectForAllocation (G1 Evacuation Pause)
Event: 9.280 Executing safepoint VM operation: G1CollectForAllocation (G1 Evacuation Pause) done
Event: 9.642 Executing safepoint VM operation: G1TryInitiateConcMark (G1 Humongous Allocation)
Event: 9.662 Executing safepoint VM operation: G1TryInitiateConcMark (G1 Humongous Allocation) done
Event: 10.503 Executing safepoint VM operation: G1CollectForAllocation (G1 Evacuation Pause)
Event: 10.546 Executing safepoint VM operation: G1CollectForAllocation (G1 Evacuation Pause) done
Event: 10.853 Executing safepoint VM operation: G1CollectForAllocation (G1 Evacuation Pause)
Event: 10.907 Executing safepoint VM operation: G1CollectForAllocation (G1 Evacuation Pause) done
Event: 11.178 Executing safepoint VM operation: G1CollectForAllocation (G1 Evacuation Pause)
Event: 11.236 Executing safepoint VM operation: G1CollectForAllocation (G1 Evacuation Pause) done
Event: 11.322 Executing safepoint VM operation: G1PauseRemark
Event: 11.339 Executing safepoint VM operation: G1PauseRemark done
Event: 11.394 Executing safepoint VM operation: G1PauseCleanup
Event: 11.395 Executing safepoint VM operation: G1PauseCleanup done
Event: 11.577 Executing safepoint VM operation: G1CollectForAllocation (G1 Evacuation Pause)
Event: 11.618 Executing safepoint VM operation: G1CollectForAllocation (G1 Evacuation Pause) done
Event: 11.668 Executing non-safepoint VM operation: HandshakeAllThreads (Deoptimize)
Event: 11.668 Executing non-safepoint VM operation: HandshakeAllThreads (Deoptimize) done
Event: 12.278 Executing safepoint VM operation: G1CollectForAllocation (G1 Evacuation Pause)

Memory protections (0 events):
No events

Nmethod flushes (20 events):
Event: 11.338 Thread 0x0000021be008bd50 flushing  nmethod 0x0000021bcbdc2610
Event: 11.338 Thread 0x0000021be008bd50 flushing  nmethod 0x0000021bcbdc8090
Event: 11.338 Thread 0x0000021be008bd50 flushing  nmethod 0x0000021bcbdc8d90
Event: 11.338 Thread 0x0000021be008bd50 flushing  nmethod 0x0000021bcbdd2f10
Event: 11.338 Thread 0x0000021be008bd50 flushing  nmethod 0x0000021bcbdd3610
Event: 11.338 Thread 0x0000021be008bd50 flushing  nmethod 0x0000021bcbdd9590
Event: 11.338 Thread 0x0000021be008bd50 flushing  nmethod 0x0000021bcbde1c90
Event: 11.338 Thread 0x0000021be008bd50 flushing  nmethod 0x0000021bcbde2210
Event: 11.338 Thread 0x0000021be008bd50 flushing  nmethod 0x0000021bcbdf2290
Event: 11.338 Thread 0x0000021be008bd50 flushing  nmethod 0x0000021bcbdf7990
Event: 11.338 Thread 0x0000021be008bd50 flushing  nmethod 0x0000021bcbe56a10
Event: 11.338 Thread 0x0000021be008bd50 flushing  nmethod 0x0000021bcbe7a110
Event: 11.338 Thread 0x0000021be008bd50 flushing  nmethod 0x0000021bcbe7f590
Event: 11.338 Thread 0x0000021be008bd50 flushing  nmethod 0x0000021bcbea6410
Event: 11.338 Thread 0x0000021be008bd50 flushing  nmethod 0x0000021bcbea6810
Event: 11.338 Thread 0x0000021be008bd50 flushing  nmethod 0x0000021bcbea7210
Event: 11.338 Thread 0x0000021be008bd50 flushing  nmethod 0x0000021bcbeaf710
Event: 11.338 Thread 0x0000021be008bd50 flushing  nmethod 0x0000021bcbebd710
Event: 11.338 Thread 0x0000021be008bd50 flushing  nmethod 0x0000021bcbf0f190
Event: 11.338 Thread 0x0000021be008bd50 flushing  nmethod 0x0000021bcbf10b10

Events (20 events):
Event: 3.403 Thread 0x0000021be6445ec0 Thread added: 0x0000021be63887f0
Event: 3.412 Thread 0x0000021be50bd0c0 Thread added: 0x0000021be6388ea0
Event: 3.457 Thread 0x0000021be50bd0c0 Thread added: 0x0000021be6b921b0
Event: 3.491 Thread 0x0000021be63887f0 Thread added: 0x0000021be6b92860
Event: 3.496 Thread 0x0000021be63887f0 Thread added: 0x0000021be619e7b0
Event: 3.683 Thread 0x0000021be619e7b0 Thread exited: 0x0000021be619e7b0
Event: 3.686 Thread 0x0000021be6b921b0 Thread exited: 0x0000021be6b921b0
Event: 3.716 Thread 0x0000021be6388ea0 Thread exited: 0x0000021be6388ea0
Event: 3.716 Thread 0x0000021be6445ec0 Thread exited: 0x0000021be6445ec0
Event: 3.733 Thread 0x0000021be51d5fe0 Thread added: 0x0000021be6445ec0
Event: 3.733 Thread 0x0000021be51d5fe0 Thread added: 0x0000021be6a5dbb0
Event: 3.781 Thread 0x0000021be6b92860 Thread added: 0x0000021be65b7f50
Event: 3.788 Thread 0x0000021be51d5fe0 Thread added: 0x0000021be633b6c0
Event: 3.838 Thread 0x0000021be633b6c0 Thread added: 0x0000021be6ccd7c0
Event: 4.074 Thread 0x0000021be6ccd7c0 Thread exited: 0x0000021be6ccd7c0
Event: 4.490 Thread 0x0000021be6b92860 Thread added: 0x0000021be6ff5380
Event: 4.491 Thread 0x0000021be6b92860 Thread added: 0x0000021be68376b0
Event: 4.494 Thread 0x0000021be63887f0 Thread added: 0x0000021be687e5b0
Event: 7.589 Thread 0x0000021be6b92860 Thread exited: 0x0000021be6b92860
Event: 9.890 Thread 0x0000021be65b7f50 Thread added: 0x0000021be9e7b1b0


Dynamic libraries:
0x00007ff6c1990000 - 0x00007ff6c199e000 	c:\Users\karti\.vscode\extensions\ltex-plus.vscode-ltex-plus-15.7.1\lib\ltex-ls-plus-18.7.0\jdk-21.0.10+7\bin\java.exe
0x00007ff89e8a0000 - 0x00007ff89eb06000 	C:\WINDOWS\SYSTEM32\ntdll.dll
0x00007ff89d6d0000 - 0x00007ff89d799000 	C:\WINDOWS\System32\KERNEL32.DLL
0x00007ff89c1e0000 - 0x00007ff89c5da000 	C:\WINDOWS\System32\KERNELBASE.dll
0x00007ff89bf60000 - 0x00007ff89c0ac000 	C:\WINDOWS\System32\ucrtbase.dll
0x00007ff887770000 - 0x00007ff88778e000 	c:\Users\karti\.vscode\extensions\ltex-plus.vscode-ltex-plus-15.7.1\lib\ltex-ls-plus-18.7.0\jdk-21.0.10+7\bin\VCRUNTIME140.dll
0x00007ff887a60000 - 0x00007ff887a78000 	c:\Users\karti\.vscode\extensions\ltex-plus.vscode-ltex-plus-15.7.1\lib\ltex-ls-plus-18.7.0\jdk-21.0.10+7\bin\jli.dll
0x00007ff89c670000 - 0x00007ff89c837000 	C:\WINDOWS\System32\USER32.dll
0x00007ff89c5e0000 - 0x00007ff89c607000 	C:\WINDOWS\System32\win32u.dll
0x00007ff8775c0000 - 0x00007ff877852000 	C:\WINDOWS\WinSxS\amd64_microsoft.windows.common-controls_6595b64144ccf1df_6.0.26100.8521_none_3e08b75ce33403b3\COMCTL32.dll
0x00007ff89dbd0000 - 0x00007ff89dc79000 	C:\WINDOWS\System32\msvcrt.dll
0x00007ff89db20000 - 0x00007ff89db4b000 	C:\WINDOWS\System32\GDI32.dll
0x00007ff89c0b0000 - 0x00007ff89c1db000 	C:\WINDOWS\System32\gdi32full.dll
0x00007ff89beb0000 - 0x00007ff89bf53000 	C:\WINDOWS\System32\msvcp_win.dll
0x00007ff89e660000 - 0x00007ff89e692000 	C:\WINDOWS\System32\IMM32.DLL
0x00007ff887c60000 - 0x00007ff887c6c000 	c:\Users\karti\.vscode\extensions\ltex-plus.vscode-ltex-plus-15.7.1\lib\ltex-ls-plus-18.7.0\jdk-21.0.10+7\bin\vcruntime140_1.dll
0x00007ff882370000 - 0x00007ff8823fd000 	c:\Users\karti\.vscode\extensions\ltex-plus.vscode-ltex-plus-15.7.1\lib\ltex-ls-plus-18.7.0\jdk-21.0.10+7\bin\msvcp140.dll
0x00007fffdc930000 - 0x00007fffdd6d1000 	c:\Users\karti\.vscode\extensions\ltex-plus.vscode-ltex-plus-15.7.1\lib\ltex-ls-plus-18.7.0\jdk-21.0.10+7\bin\server\jvm.dll
0x00007ff89d090000 - 0x00007ff89d146000 	C:\WINDOWS\System32\ADVAPI32.dll
0x00007ff89e6a0000 - 0x00007ff89e74a000 	C:\WINDOWS\System32\sechost.dll
0x00007ff89d7a0000 - 0x00007ff89d8b8000 	C:\WINDOWS\System32\RPCRT4.dll
0x00007ff89d8d0000 - 0x00007ff89d950000 	C:\WINDOWS\System32\WS2_32.dll
0x00007ff89b990000 - 0x00007ff89b9ee000 	C:\WINDOWS\SYSTEM32\POWRPROF.dll
0x00007ff88ff50000 - 0x00007ff88ff86000 	C:\WINDOWS\SYSTEM32\WINMM.dll
0x00007ff88fc10000 - 0x00007ff88fc1b000 	C:\WINDOWS\SYSTEM32\VERSION.dll
0x00007ff89b970000 - 0x00007ff89b984000 	C:\WINDOWS\SYSTEM32\UMPDC.dll
0x00007ff89a8c0000 - 0x00007ff89a8db000 	C:\WINDOWS\SYSTEM32\kernel.appcore.dll
0x00007ff887760000 - 0x00007ff88776a000 	c:\Users\karti\.vscode\extensions\ltex-plus.vscode-ltex-plus-15.7.1\lib\ltex-ls-plus-18.7.0\jdk-21.0.10+7\bin\jimage.dll
0x00007ff898c60000 - 0x00007ff898ea2000 	C:\WINDOWS\SYSTEM32\DBGHELP.DLL
0x00007ff89d340000 - 0x00007ff89d6c3000 	C:\WINDOWS\System32\combase.dll
0x00007ff89e780000 - 0x00007ff89e859000 	C:\WINDOWS\System32\OLEAUT32.dll
0x00007ff876c50000 - 0x00007ff876c8b000 	C:\WINDOWS\SYSTEM32\dbgcore.DLL
0x00007ff89be00000 - 0x00007ff89bea8000 	C:\WINDOWS\System32\bcryptPrimitives.dll
0x00007ff885df0000 - 0x00007ff885e10000 	c:\Users\karti\.vscode\extensions\ltex-plus.vscode-ltex-plus-15.7.1\lib\ltex-ls-plus-18.7.0\jdk-21.0.10+7\bin\java.dll
0x00007ff885dd0000 - 0x00007ff885de8000 	c:\Users\karti\.vscode\extensions\ltex-plus.vscode-ltex-plus-15.7.1\lib\ltex-ls-plus-18.7.0\jdk-21.0.10+7\bin\zip.dll
0x00007ff89dd20000 - 0x00007ff89e4a4000 	C:\WINDOWS\System32\SHELL32.dll
0x00007ff8996f0000 - 0x00007ff899f70000 	C:\WINDOWS\SYSTEM32\windows.storage.dll
0x00007ff89d960000 - 0x00007ff89da56000 	C:\WINDOWS\System32\SHCORE.dll
0x00007ff89dc90000 - 0x00007ff89dcf7000 	C:\WINDOWS\System32\shlwapi.dll
0x00007ff89ba50000 - 0x00007ff89ba79000 	C:\WINDOWS\SYSTEM32\profapi.dll
0x00007ff84ece0000 - 0x00007ff84edb7000 	c:\Users\karti\.vscode\extensions\ltex-plus.vscode-ltex-plus-15.7.1\lib\ltex-ls-plus-18.7.0\jdk-21.0.10+7\bin\jsvml.dll
0x00007ff887470000 - 0x00007ff887480000 	C:\Users\karti\.vscode\extensions\ltex-plus.vscode-ltex-plus-15.7.1\lib\ltex-ls-plus-18.7.0\jdk-21.0.10+7\bin\net.dll
0x00007ff88abd0000 - 0x00007ff88acf9000 	C:\WINDOWS\SYSTEM32\WINHTTP.dll
0x00007ff89ae30000 - 0x00007ff89ae9c000 	C:\WINDOWS\system32\mswsock.dll
0x00007ff885b90000 - 0x00007ff885ba6000 	C:\Users\karti\.vscode\extensions\ltex-plus.vscode-ltex-plus-15.7.1\lib\ltex-ls-plus-18.7.0\jdk-21.0.10+7\bin\nio.dll
0x00007ff8850b0000 - 0x00007ff8850d4000 	C:\Users\karti\AppData\Local\Temp\jansi-2.4.3-b9cfcb1aa49bea81-jansi.dll
0x00007ff885d20000 - 0x00007ff885d30000 	c:\Users\karti\.vscode\extensions\ltex-plus.vscode-ltex-plus-15.7.1\lib\ltex-ls-plus-18.7.0\jdk-21.0.10+7\bin\verify.dll

JVMTI agents: none

dbghelp: loaded successfully - version: 4.0.5 - missing functions: none
symbol engine: initialized successfully - sym options: 0x614 - pdb path: .;c:\Users\karti\.vscode\extensions\ltex-plus.vscode-ltex-plus-15.7.1\lib\ltex-ls-plus-18.7.0\jdk-21.0.10+7\bin;C:\WINDOWS\SYSTEM32;C:\WINDOWS\WinSxS\amd64_microsoft.windows.common-controls_6595b64144ccf1df_6.0.26100.8521_none_3e08b75ce33403b3;c:\Users\karti\.vscode\extensions\ltex-plus.vscode-ltex-plus-15.7.1\lib\ltex-ls-plus-18.7.0\jdk-21.0.10+7\bin\server;C:\Users\karti\AppData\Local\Temp

VM Arguments:
jvm_args: -Xms64m -Xmx2048m -Dapp.name=ltex-ls-plus -Dapp.repo=c:\Users\karti\.vscode\extensions\ltex-plus.vscode-ltex-plus-15.7.1\lib\ltex-ls-plus-18.7.0\lib -Dapp.home=c:\Users\karti\.vscode\extensions\ltex-plus.vscode-ltex-plus-15.7.1\lib\ltex-ls-plus-18.7.0 -Dbasedir=c:\Users\karti\.vscode\extensions\ltex-plus.vscode-ltex-plus-15.7.1\lib\ltex-ls-plus-18.7.0 
java_command: org.bsplines.ltexls.LtexLanguageServerLauncher
java_class_path (initial): c:\Users\karti\.vscode\extensions\ltex-plus.vscode-ltex-plus-15.7.1\lib\ltex-ls-plus-18.7.0\etc;c:\Users\karti\.vscode\extensions\ltex-plus.vscode-ltex-plus-15.7.1\lib\ltex-ls-plus-18.7.0\lib\aho-corasick-double-array-trie-1.2.2.jar;c:\Users\karti\.vscode\extensions\ltex-plus.vscode-ltex-plus-15.7.1\lib\ltex-ls-plus-18.7.0\lib\angus-activation-2.0.2.jar;c:\Users\karti\.vscode\extensions\ltex-plus.vscode-ltex-plus-15.7.1\lib\ltex-ls-plus-18.7.0\lib\animal-sniffer-annotations-1.24.jar;c:\Users\karti\.vscode\extensions\ltex-plus.vscode-ltex-plus-15.7.1\lib\ltex-ls-plus-18.7.0\lib\annotations-12.0.jar;c:\Users\karti\.vscode\extensions\ltex-plus.vscode-ltex-plus-15.7.1\lib\ltex-ls-plus-18.7.0\lib\annotations-13.0.jar;c:\Users\karti\.vscode\extensions\ltex-plus.vscode-ltex-plus-15.7.1\lib\ltex-ls-plus-18.7.0\lib\annotations-4.1.1.4.jar;c:\Users\karti\.vscode\extensions\ltex-plus.vscode-ltex-plus-15.7.1\lib\ltex-ls-plus-18.7.0\lib\asturian-pos-dict-0.1.jar;c:\Users\karti\.vscode\extensions\ltex-plus.vscode-ltex-plus-15.7.1\lib\ltex-ls-plus-18.7.0\lib\catalan-pos-dict-3.3.jar;c:\Users\karti\.vscode\extensions\ltex-plus.vscode-ltex-plus-15.7.1\lib\ltex-ls-plus-18.7.0\lib\commons-digester-2.1.jar;c:\Users\karti\.vscode\extensions\ltex-plus.vscode-ltex-plus-15.7.1\lib\ltex-ls-plus-18.7.0\lib\commons-lang3-3.18.0.jar;c:\Users\karti\.vscode\extensions\ltex-plus.vscode-ltex-plus-15.7.1\lib\ltex-ls-plus-18.7.0\lib\commons-logging-1.3.4.jar;c:\Users\karti\.vscode\extensions\ltex-plus.vscode-ltex-plus-15.7.1\lib\ltex-ls-plus-18.7.0\lib\commons-pool2-2.12.0.jar;c:\Users\karti\.vscode\extensions\ltex-plus.vscode-ltex-plus-15.7.1\lib\ltex-ls-plus-18.7.0\lib\commons-text-1.12.0.jar;c:\Users\karti\.vscode\extensions\ltex-plus.vscode-ltex-plus-15.7.1\lib\ltex-ls-plus-18.7.0\lib\commons-validator-1.9.0.jar;c:\Users\karti\.vscode\extensions\ltex-plus.vscode-ltex-plus-15.7.1\lib\ltex-ls-plus-18.7.0\lib\dutch-pos-dict-0.1.jar;c:\Users\karti\.vscode\extensions\ltex-plus.vscode-ltex-plus-15.7.1\lib\ltex-ls-plus-18.7.0\lib\english-pos-dict-0.6.jar;c:\Users\karti\.vscode\extensions\ltex-plus.vscode-ltex-plus-15.7.1\lib\ltex-ls-plus-18.7.0\lib\error_prone_annotations-2.48.0.jar;c:\Users\karti\.vscode\extensions\ltex-plus.vscode-ltex-plus-15.7.1\lib\ltex-ls-plus-18.7.0\lib\failureaccess-1.0.3.jar;c:\Users\karti\.vscode\extensions\ltex-plus.vscode-ltex-plus-15.7.1\lib\ltex-ls-plus-18.7.0\lib\fastutil-core-8.5.14.jar;c:\Users\karti\.vscode\extensions\ltex-plus.vscode-ltex-plus-15.7.1\lib\ltex-ls-plus-18.7.0\lib\flexmark-0.64.8.jar;c:\Users\karti\.vscode\extensions\ltex-plus.vscode-ltex-plus-15.7.1\lib\ltex-ls-plus-18.7.0\lib\flexmark-ext-definition-0.64.8.jar;c:\Users\karti\.vscode\extensions\ltex-plus.vscode-ltex-plus-15.7.1\lib\ltex-ls-plus-18.7.0\lib\flexmark-ext-gfm-strikethrough-0.64.8.jar;c:\Users\karti\.vscode\extensions\ltex-plus.vscode-ltex-plus-15.7.1\lib\ltex-ls-plus-18.7.0\lib\flexmark-ext-gitlab-0.64.8.jar;c:\Users\karti\.vscode\extensions\ltex-plus.vscode-ltex-plus-15.7.1\lib\ltex-ls-plus-18.7.0\lib\flexmark-ext-tables-0.64.8.jar;c:\Users\karti\.vscode\extensions\ltex-plus.vscode-ltex-plus-15.7.1\lib\ltex-ls-plus-18.7.0\lib\flexmark-ext-yaml-front-matter-0.64.8.jar;c:\Users\karti\.vscode\extensions\ltex-plus.vscode-ltex-plus-15.7.1\lib\ltex-ls-plus-18.7.0\lib\flexmark-test-util-0.64.8.jar;c:\Users\karti\.vscode\extensions\ltex-plus.vscode-ltex-plus-15.7.1\lib\ltex-ls-plus-18.7.0\lib\flexmark-util-0.64.8.jar;c:\Users\karti\.vscode\extensions\ltex-plus.vscode-ltex-plus-15.7.1\lib\ltex-ls-plus-18.7.0\lib\flexmark-util-ast-0.64.8.jar;c:\Users\karti\.vscode\extensions\ltex-plus.vscode-ltex-plus-15.7.1\lib\ltex-ls-plus-18.7.0\lib\flexmark-util-builder-0.64.8.jar;c:\Users\karti\.vscode\extensions\ltex-plus.vscode-ltex-plus-15.7.1\lib\ltex-ls-plus-18.7.0\lib\flexmark-util-collection-0.64.8.jar;c:\Users\karti\.vscode\extensions\ltex-plus.vscode-ltex-plus-15.7.1\lib\ltex-ls-plus-18.7.0\lib\flexmark-util-data-0.64.8.jar;c:\Users\karti\.vscode\extensions\ltex-plus.vscode-ltex-plus-15.7.1\lib\ltex-ls-plus-18.7.0\lib\flexmark-util-dependency-0.64.8.jar;c:\Users\karti\.vscode\extensions\ltex-plus.vscode-ltex-plus-15.7.1\lib\ltex-ls-plus-18.7.0\lib\flexmark-util-format-0.64.8.jar;c:\Users\karti\.vscode\extensions\ltex-plus.vscode-ltex-plus-15.7.1\lib\ltex-ls-plus-18.7.0\lib\flexmark-util-html-0.64.8.jar;c:\Users\karti\.vscode\extensions\ltex-plus.vscode-ltex-plus-15.7.1\lib\ltex-ls-plus-18.7.0\lib\flexmark-util-misc-0.64.8.jar;c:\Users\karti\.vscode\extensions\ltex-plus.vscode-ltex-plus-15.7.1\lib\ltex-ls-plus-18.7.0\lib\flexmark-util-options-0.64.8.jar;c:\Users\karti\.vscode\extensions\ltex-plus.vscode-ltex-plus-15.7.1\lib\ltex-ls-plus-18.7.0\lib\flexmark-util-sequence-0.64.8.jar;c:\Users\karti\.vscode\extensions\ltex-plus.vscode-ltex-plus-15.7.1\lib\ltex-ls-plus-18.7.0\lib\flexmark-util-visitor-0.64.8.jar;c:\Users\karti\.vscode\extensions\ltex-plus.vscode-ltex-plus-15.7.1\lib\ltex-ls-plus-18.7.0\lib\french-pos-dict-0.7.jar;c:\Users\karti\.vscode\extensions\ltex-plus.vscode-ltex-plus-15.7.1\lib\ltex-ls-plus-18.7.0\lib\german-pos-dict-1.2.4.jar;c:\Users\karti\.vscode\extensions\ltex-plus.vscode-ltex-plus-15.7.1\lib\ltex-ls-plus-18.7.0\lib\grpc-api-1.75.0.jar;c:\Users\karti\.vscode\extensions\ltex-plus.vscode-ltex-plus-15.7.1\lib\ltex-ls-plus-18.7.0\lib\grpc-context-1.75.0.jar;c:\Users\karti\.vscode\extensions\ltex-plus.vscode-ltex-plus-15.7.1\lib\ltex-ls-plus-18.7.0\lib\grpc-core-1.75.0.jar;c:\Users\karti\.vscode\extensions\ltex-plus.vscode-ltex-plus-15.7.1\lib\ltex-ls-plus-18.7.0\lib\grpc-netty-shaded-1.75.0.jar;c:\Users\karti\.vscode\extensions\ltex-plus.vscode-ltex-plus-15.7.1\lib\ltex-ls-plus-18.7.0\lib\grpc-protobuf-1.75.0.jar;c:\Users\karti\.vscode\extensions\ltex-plus.vscode-ltex-plus-15.7.1\lib\ltex-ls-plus-18.7.0\lib\grpc-protobuf-lite-1.75.0.jar;c:\Users\karti\.vscode\extensions\ltex-plus.vscode-ltex-plus-15.7.1\lib\ltex-ls-plus-18.7.0\lib\grpc-stub-1.75.0.jar;c:\Users\karti\.vscode\extensions\ltex-plus.vscode-ltex-plus-15.7.1\lib\ltex-ls-plus-18.7.0\lib\grpc-util-1.75.0.jar;c:\Users\karti\.vscode\extensions\ltex-plus.vscode-ltex-plus-15.7.1\lib\ltex-ls-plus-18.7.0\lib\gson-2.14.0.jar;c:\Users\karti\.vscode\extensions\ltex-plus.vscode-ltex-plus-15.7.1\lib\ltex-ls-plus-18.7.0\lib\guava-33.5.0-jre.jar;c:\Users\karti\.vscode\extensions\ltex-plus.vscode-ltex-plus-15.7.1\lib\ltex-ls-plus-18.7.0\lib\hamcrest-core-1.3.jar;c:\Users\karti\.vscode\extensions\ltex-plus.vscode-ltex-plus-15.7.1\lib\ltex-ls-plus-18.7.0\lib\hanlp-portable-1.8.2.jar;c:\Users\karti\.vscode\extensions\ltex-plus.vscode-ltex-plus-15.7.1\lib\ltex-ls-plus-18.7.0\lib\HdrHistogram-2.1.12.jar;c:\Users\karti\.vscode\extensions\ltex-plus.vscode-ltex-plus-15.7.1\lib\ltex-ls-plus-18.7.0\lib\hppc-0.8.2.jar;c:\Users\karti\.vscode\extensions\ltex-plus.vscode-ltex-plus-15.7.1\lib\ltex-ls-plus-18.7.0\lib\hunspell-2.1.2.jar;c:\Users\karti\.vscode\extensions\ltex-plus.vscode-ltex-plus-15.7.1\lib\ltex-ls-plus-18.7.0\lib\icu4j-77.1.jar;c:\Users\karti\.vscode\extensions\ltex-plus.vscode-ltex-plus-15.7.1\lib\ltex-ls-plus-18.7.0\lib\indriya-1.3.jar;c:\Users\karti\.vscode\extensions\ltex-plus.vscode-ltex-plus-15.7.1\lib\ltex-ls-plus-18.7.0\lib\istack-commons-runtime-4.1.2.jar;c:\Users\karti\.vscode\extensions\ltex-plus.vscode-ltex-plus-15.7.1\lib\ltex-ls-plus-18.7.0\lib\j2objc-annotations-3.1.jar;c:\Users\karti\.vscode\extensions\ltex-plus.vscode-ltex-plus-15.7.1\lib\ltex-ls-plus-18.7.0\lib\jackson-annotations-2.18.0.jar;c:\Users\karti\.vscode\extensions\ltex-plus.vscode-ltex-plus-15.7.1\lib\ltex-ls-plus-18.7.0\lib\jackson-core-2.18.0.jar;c:\Users\karti\.vscode\extensions\ltex-plus.vscode-ltex-plus-15.7.1\lib\ltex-ls-plus-18.7.0\lib\jackson-databind-2.18.0.jar;c:\Users\karti\.vscode\extensions\ltex-plus.vscode-ltex-plus-15.7.1\lib\ltex-ls-plus-18.7.0\lib\jakarta.activation-1.2.2.jar;c:\Users\karti\.vscode\extensions\ltex-plus.vscode-ltex-plus-15.7.1\lib\ltex-ls-plus-18.7.0\lib\jakarta.activation-api-2.1.3.jar;c:\Users\karti\.vscode\extensions\ltex-plus.vscode-ltex-plus-15.7.1\lib\ltex-ls-plus-18.7.0\lib\jakarta.xml.bind-api-2.3.3.jar;c:\Users\karti\.vscode\extensions\ltex-plus.vscode-ltex-plus-15.7.1\lib\ltex-ls-plus-18.7.0\lib\jansi-2.4.3.jar;c:\Users\karti\.vscode\extensions\ltex-plus.vscode-ltex-plus-15.7.1\lib\ltex-ls-plus-18.7.0\lib\java-diff-utils-4.12.jar;c:\Users\karti\.vscode\extensions\ltex-plus.vscode-ltex-plus-15.7.1\lib\ltex-ls-plus-18.7.0\lib\javax.activation-api-1.2.0.jar;c:\Users\karti\.vscode\extensions\ltex-plus.vscode-ltex-plus-15.7.1\lib\ltex-ls-plus-18.7.0\lib\javax.annotation-api-1.3.2.jar;c:\Users\karti\.vscode\extensions\ltex-plus.vscode-ltex-plus-15.7.1\lib\ltex-ls-plus-18.7.0\lib\jaxb-api-2.3.1.jar;c:\Users\karti\.vscode\extensions\ltex-plus.vscode-ltex-plus-15.7.1\lib\ltex-ls-plus-18.7.0\lib\jaxb-core-2.3.0.1.jar;c:\Users\karti\.vscode\extensions\ltex-plus.vscode-ltex-plus-15.7.1\lib\ltex-ls-plus-18.7.0\lib\jaxb-core-4.0.5.jar;c:\Users\karti\.vscode\extensions\ltex-plus.vscode-ltex-plus-15.7.1\lib\ltex-ls-plus-18.7.0\lib\jaxb-impl-2.3.3.jar;c:\Users\karti\.vscode\extensions\ltex-plus.vscode-ltex-plus-15.7.1\lib\ltex-ls-plus-18.7.0\lib\jaxb-runtime-4.0.5.jar;c:\Users\karti\.vscode\extensions\ltex-plus.vscode-ltex-plus-15.7.1\lib\ltex-ls-plus-18.7.0\lib\jna-5.12.1.jar;c:\Users\karti\.vscode\extensions\ltex-plus.vscode-ltex-plus-15.7.1\lib\ltex-ls-plus-18.7.0\lib\jna-platform-5.12.1.jar;c:\Users\karti\.vscode\extensions\ltex-plus.vscode-ltex-plus-15.7.1\lib\ltex-ls-plus-18.7.0\lib\json-20240303.jar;c:\Users\karti\.vscode\extensions\ltex-plus.vscode-ltex-plus-15.7.1\lib\ltex-ls-plus-18.7.0\lib\jsonic-1.2.11.jar;c:\Users\karti\.vscode\extensions\ltex-plus.vscode-ltex-plus-15.7.1\lib\ltex-ls-plus-18.7.0\lib\jspecify-1.0.0.jar;c:\Users\karti\.vscode\extensions\ltex-plus.vscode-ltex-plus-15.7.1\lib\ltex-ls-plus-18.7.0\lib\jsr305-3.0.2.jar;c:\Users\karti\.vscode\extensions\ltex-plus.vscode-ltex-plus-15.7.1\lib\ltex-ls-plus-18.7.0\lib\junit-4.13.2.jar;c:\Users\karti\.vscode\extensions\ltex-plus.vscode-ltex-plus-15.7.1\lib\ltex-ls-plus-18.7.0\lib\jwordsplitter-4.7.jar;c:\Users\karti\.vscode\extensions\ltex-plus.vscode-ltex-plus-15.7.1\lib\ltex-ls-plus-18.7.0\lib\kotlin-stdlib-2.3.21.jar;c:\Users\karti\.vscode\extensions\ltex-plus.vscode-ltex-plus-15.7.1\lib\ltex-ls-plus-18.7.0\lib\language-all-6.8.jar;c:\Users\karti\.vscode\extensions\ltex-plus.vscode-ltex-plus-15.7.1\lib\ltex-ls-plus-18.7.0\lib\language-ar-6.8.jar;c:\Users\karti\.vscode\extensions\ltex-plus.vscode-ltex-plus-15.7.1\lib\ltex-ls-plus-18.7.0\lib\language-ast-6.8.jar;c:\Users\karti\.vscode\extensions\ltex-plus.vscode-ltex-plus-15.7.1\lib\ltex-ls-plus-18.7.0\lib\language-be-6.8.jar;c:\Users\karti\.vscode\extensions\ltex-plus.vscode-ltex-plus-15.7.1\lib\ltex-ls-plus-18.7.0\lib\language-br-6.8.jar;c:\Users\karti\.vscode\extensions\ltex-plus.vscode-ltex-plus-15.7.1\lib\ltex-ls-plus-18.7.0\lib\language-ca-6.8.jar;c:\Users\karti\.vscode\extensions\ltex-plus.vscode-ltex-plus-15.7.1\lib\ltex-ls-plus-18.7.0\lib\language-crh-6.8.jar;c:\Users\karti\.vscode\extensions\ltex-plus.vscode-ltex-plus-15.7.1\lib\ltex-ls-plus-18.7.0\lib\language-da-6.8.jar;c:\Users\karti\.vscode\extensions\ltex-plus.vscode-ltex-plus-15.7.1\lib\ltex-ls-plus-18.7.0\lib\language-de-6.8.jar;c:\Users\karti\.vscode\extensions\ltex-plus.vscode-ltex-plus-15.7.1\lib\ltex-ls-plus-18.7.0\lib\language-de-DE-x-simple-language-6.8.jar;c:\Users\karti\.vscode\extensions\ltex-plus.vscode-ltex-plus-15.7.1\lib\ltex-ls-plus-18.7.0\lib\language-detector-0.6.jar;c:\Users\karti\.vscode\extensions\ltex-plus.vscode-ltex-plus-15.7.1\lib\ltex-ls-plus-18.7.0\lib\language-el-6.8.jar;c:\Users\karti\.vscode\extensions\ltex-plus.vscode-ltex-plus-15.7.1\lib\ltex-ls-plus-18.7.0\lib\language-en-6.8.jar;c:\Users\karti\.vscode\extensions\ltex-plus.vscode-ltex-plus-15.7.1\lib\ltex-ls-plus-18.7.0\lib\language-eo-6.8.jar;c:\Users\karti\.vscode\extensions\ltex-plus.vscode-ltex-plus-15.7.1\lib\ltex-ls-plus-18.7.0\lib\language-es-6.8.jar;c:\Users\karti\.vscode\extensions\ltex-plus.vscode-ltex-plus-15.7.1\lib\ltex-ls-plus-18.7.0\lib\language-fa-6.8.jar;c:\Users\karti\.vscode\extensions\ltex-plus.vscode-ltex-plus-15.7.1\lib\ltex-ls-plus-18.7.0\lib\language-fr-6.8.jar;c:\Users\karti\.vscode\extensions\ltex-plus.vscode-ltex-plus-15.7.1\lib\ltex-ls-plus-18.7.0\lib\language-ga-6.8.jar;c:\Users\karti\.vscode\extensions\ltex-plus.vscode-ltex-plus-15.7.1\lib\ltex-ls-plus-18.7.0\lib\language-gl-6.8.jar;c:\Users\karti\.vscode\extensions\ltex-plus.vscode-ltex-plus-15.7.1\lib\ltex-ls-plus-18.7.0\lib\language-it-6.8.jar;c:\Users\karti\.vscode\extensions\ltex-plus.vscode-ltex-plus-15.7.1\lib\ltex-ls-plus-18.7.0\lib\language-ja-6.8.jar;c:\Users\karti\.vscode\extensions\ltex-plus.vscode-ltex-plus-15.7.1\lib\ltex-ls-plus-18.7.0\lib\language-km-6.8.jar;c:\Users\karti\.vscode\extensions\ltex-plus.vscode-ltex-plus-15.7.1\lib\ltex-ls-plus-18.7.0\lib\language-nl-6.8.jar;c:\Users\karti\.vscode\extensions\ltex-plus.vscode-ltex-plus-15.7.1\lib\ltex-ls-plus-18.7.0\lib\language-pl-6.8.jar;c:\Users\karti\.vscode\extensions\ltex-plus.vscode-ltex-plus-15.7.1\lib\ltex-ls-plus-18.7.0\lib\language-pt-6.8.jar;c:\Users\karti\.vscode\extensions\ltex-plus.vscode-ltex-plus-15.7.1\lib\ltex-ls-plus-18.7.0\lib\language-ro-6.8.jar;c:\Users\karti\.vscode\extensions\ltex-plus.vscode-ltex-plus-15.7.1\lib\ltex-ls-plus-18.7.0\lib\language-ru-6.8.jar;c:\Users\karti\.vscode\extensions\ltex-plus.vscode-ltex-plus-15.7.1\lib\ltex-ls-plus-18.7.0\lib\language-sk-6.8.jar;c:\Users\karti\.vscode\extensions\ltex-plus.vscode-ltex-plus-15.7.1\lib\ltex-ls-plus-18.7.0\lib\language-sl-6.8.jar;c:\Users\karti\.vscode\extensions\ltex-plus.vscode-ltex-plus-15.7.1\lib\ltex-ls-plus-18.7.0\lib\language-sv-6.8.jar;c:\Users\karti\.vscode\extensions\ltex-plus.vscode-ltex-plus-15.7.1\lib\ltex-ls-plus-18.7.0\lib\language-ta-6.8.jar;c:\Users\karti\.vscode\extensions\ltex-plus.vscode-ltex-plus-15.7.1\lib\ltex-ls-plus-18.7.0\lib\language-tl-6.8.jar;c:\Users\karti\.vscode\extensions\ltex-plus.vscode-ltex-plus-15.7.1\lib\ltex-ls-plus-18.7.0\lib\language-uk-6.8.jar;c:\Users\karti\.vscode\extensions\ltex-plus.vscode-ltex-plus-15.7.1\lib\ltex-ls-plus-18.7.0\lib\language-zh-6.8.jar;c:\Users\karti\.vscode\extensions\ltex-plus.vscode-ltex-plus-15.7.1\lib\ltex-ls-plus-18.7.0\lib\languagetool-core-6.8.jar;c:\Users\karti\.vscode\extensions\ltex-plus.vscode-ltex-plus-15.7.1\lib\ltex-ls-plus-18.7.0\lib\languagetool-ga-dicts-0.02.jar;c:\Users\karti\.vscode\extensions\ltex-plus.vscode-ltex-plus-15.7.1\lib\ltex-ls-plus-18.7.0\lib\LatencyUtils-2.0.3.jar;c:\Users\karti\.vscode\extensions\ltex-plus.vscode-ltex-plus-15.7.1\lib\ltex-ls-plus-18.7.0\lib\linguistics.grammardb.spell.languagetool-1.0.2.jar;c:\Users\karti\.vscode\extensions\ltex-plus.vscode-ltex-plus-15.7.1\lib\ltex-ls-plus-18.7.0\lib\listenablefuture-9999.0-empty-to-avoid-conflict-with-guava.jar;c:\Users\karti\.vscode\extensions\ltex-plus.vscode-ltex-plus-15.7.1\lib\ltex-ls-plus-18.7.0\lib\lspcli-2.3.0.jar;c:\Users\karti\.vscode\extensions\ltex-plus.vscode-ltex-plus-15.7.1\lib\ltex-ls-plus-18.7.0\lib\ltexls-plus-18.7.0.jar;c:\Users\karti\.vscode\extensions\ltex-plus.vscode-ltex-plus-15.7.1\lib\ltex-ls-plus-18.7.0\lib\lucene-backward-codecs-5.5.5.jar;c:\Users\karti\.vscode\extensions\ltex-plus.vscode-ltex-plus-15.7.1\lib\ltex-ls-plus-18.7.0\lib\lucene-core-5.5.5.jar;c:\Users\karti\.vscode\extensions\ltex-plus.vscode-ltex-plus-15.7.1\lib\ltex-ls-plus-18.7.0\lib\lucene-gosen-6.2.1-ipadic.jar;c:\Users\karti\.vscode\extensions\ltex-plus.vscode-ltex-plus-15.7.1\lib\ltex-ls-plus-18.7.0\lib\micrometer-core-1.7.12.jar;c:\Users\karti\.vscode\extensions\ltex-plus.vscode-ltex-plus-15.7.1\lib\ltex-ls-plus-18.7.0\lib\micrometer-registry-prometheus-1.7.12.jar;c:\Users\karti\.vscode\extensions\ltex-plus.vscode-ltex-plus-15.7.1\lib\ltex-ls-plus-18.7.0\lib\morfologik-crh-lt-1.0.1.jar;c:\Users\karti\.vscode\extensions\ltex-plus.vscode-ltex-plus-15.7.1\lib\ltex-ls-plus-18.7.0\lib\morfologik-fsa-2.1.9.jar;c:\Users\karti\.vscode\extensions\ltex-plus.vscode-ltex-plus-15.7.1\lib\ltex-ls-plus-18.7.0\lib\morfologik-fsa-builders-2.1.9.jar;c:\Users\karti\.vscode\extensions\ltex-plus.vscode-ltex-plus-15.7.1\lib\ltex-ls-plus-18.7.0\lib\morfologik-speller-2.1.9.jar;c:\Users\karti\.vscode\extensions\ltex-plus.vscode-ltex-plus-15.7.1\lib\ltex-ls-plus-18.7.0\lib\morfologik-stemming-2.1.9.jar;c:\Users\karti\.vscode\extensions\ltex-plus.vscode-ltex-plus-15.7.1\lib\ltex-ls-plus-18.7.0\lib\morfologik-ukrainian-lt-6.8.0.jar;c:\Users\karti\.vscode\extensions\ltex-plus.vscode-ltex-plus-15.7.1\lib\ltex-ls-plus-18.7.0\lib\morphology-el-1.0.0.jar;c:\Users\karti\.vscode\extensions\ltex-plus.vscode-ltex-plus-15.7.1\lib\ltex-ls-plus-18.7.0\lib\opennlp-chunk-models-1.5.jar;c:\Users\karti\.vscode\extensions\ltex-plus.vscode-ltex-plus-15.7.1\lib\ltex-ls-plus-18.7.0\lib\opennlp-postag-models-1.5.jar;c:\Users\karti\.vscode\extensions\ltex-plus.vscode-ltex-plus-15.7.1\lib\ltex-ls-plus-18.7.0\lib\opennlp-tokenize-models-1.5.jar;c:\Users\karti\.vscode\extensions\ltex-plus.vscode-ltex-plus-15.7.1\lib\ltex-ls-plus-18.7.0\lib\opennlp-tools-1.9.4.jar;c:\Users\karti\.vscode\extensions\ltex-plus.vscode-ltex-plus-15.7.1\lib\ltex-ls-plus-18.7.0\lib\openregex-1.1.1.jar;c:\Users\karti\.vscode\extensions\ltex-plus.vscode-ltex-plus-15.7.1\lib\ltex-ls-plus-18.7.0\lib\opentelemetry-api-1.42.1.jar;c:\Users\karti\.vscode\extensions\ltex-plus.vscode-ltex-plus-15.7.1\lib\ltex-ls-plus-18.7.0\lib\opentelemetry-context-1.42.1.jar;c:\Users\karti\.vscode\extensions\ltex-plus.vscode-ltex-plus-15.7.1\lib\ltex-ls-plus-18.7.0\lib\opentelemetry-semconv-1.30.1-alpha.jar;c:\Users\karti\.vscode\extensions\ltex-plus.vscode-ltex-plus-15.7.1\lib\ltex-ls-plus-18.7.0\lib\org.eclipse.lsp4j-0.24.0.jar;c:\Users\karti\.vscode\extensions\ltex-plus.vscode-ltex-plus-15.7.1\lib\ltex-ls-plus-18.7.0\lib\org.eclipse.lsp4j.jsonrpc-0.24.0.jar;c:\Users\karti\.vscode\extensions\ltex-plus.vscode-ltex-plus-15.7.1\lib\ltex-ls-plus-18.7.0\lib\perfmark-api-0.27.0.jar;c:\Users\karti\.vscode\extensions\ltex-plus.vscode-ltex-plus-15.7.1\lib\ltex-ls-plus-18.7.0\lib\picocli-4.7.7.jar;c:\Users\karti\.vscode\extensions\ltex-plus.vscode-ltex-plus-15.7.1\lib\ltex-ls-plus-18.7.0\lib\portuguese-pos-dict-1.2.0.jar;c:\Users\karti\.vscode\extensions\ltex-plus.vscode-ltex-plus-15.7.1\lib\ltex-ls-plus-18.7.0\lib\proto-google-common-protos-2.59.2.jar;c:\Users\karti\.vscode\extensions\ltex-plus.vscode-ltex-plus-15.7.1\lib\ltex-ls-plus-18.7.0\lib\protobuf-java-3.25.8.jar;c:\Users\karti\.vscode\extensions\ltex-plus.vscode-ltex-plus-15.7.1\lib\ltex-ls-plus-18.7.0\lib\resilience4j-circuitbreaker-1.7.1.jar;c:\Users\karti\.vscode\extensions\ltex-plus.vscode-ltex-plus-15.7.1\lib\ltex-ls-plus-18.7.0\lib\resilience4j-core-1.7.1.jar;c:\Users\karti\.vscode\extensions\ltex-plus.vscode-ltex-plus-15.7.1\lib\ltex-ls-plus-18.7.0\lib\resilience4j-micrometer-1.7.1.jar;c:\Users\karti\.vscode\extensions\ltex-plus.vscode-ltex-plus-15.7.1\lib\ltex-ls-plus-18.7.0\lib\segment-2.0.3.jar;c:\Users\karti\.vscode\extensions\ltex-plus.vscode-ltex-plus-15.7.1\lib\ltex-ls-plus-18.7.0\lib\simpleclient-0.16.0.jar;c:\Users\karti\.vscode\extensions\ltex-plus.vscode-ltex-plus-15.7.1\lib\ltex-ls-plus-18.7.0\lib\simpleclient_common-0.10.0.jar;c:\Users\karti\.vscode\extensions\ltex-plus.vscode-ltex-plus-15.7.1\lib\ltex-ls-plus-18.7.0\lib\simpleclient_guava-0.16.0.jar;c:\Users\karti\.vscode\extensions\ltex-plus.vscode-ltex-plus-15.7.1\lib\ltex-ls-plus-18.7.0\lib\simpleclient_tracer_common-0.16.0.jar;c:\Users\karti\.vscode\extensions\ltex-plus.vscode-ltex-plus-15.7.1\lib\ltex-ls-plus-18.7.0\lib\simpleclient_tracer_otel-0.16.0.jar;c:\Users\karti\.vscode\extensions\ltex-plus.vscode-ltex-plus-15.7.1\lib\ltex-ls-plus-18.7.0\lib\simpleclient_tracer_otel_agent-0.16.0.jar;c:\Users\karti\.vscode\extensions\ltex-plus.vscode-ltex-plus-15.7.1\lib\ltex-ls-plus-18.7.0\lib\slf4j-api-2.0.16.jar;c:\Users\karti\.vscode\extensions\ltex-plus.vscode-ltex-plus-15.7.1\lib\ltex-ls-plus-18.7.0\lib\slf4j-nop-2.0.18.jar;c:\Users\karti\.vscode\extensions\ltex-plus.vscode-ltex-plus-15.7.1\lib\ltex-ls-plus-18.7.0\lib\spanish-pos-dict-2.5.jar;c:\Users\karti\.vscode\extensions\ltex-plus.vscode-ltex-plus-15.7.1\lib\ltex-ls-plus-18.7.0\lib\stax2-api-4.3.0.jar;c:\Users\karti\.vscode\extensions\ltex-plus.vscode-ltex-plus-15.7.1\lib\ltex-ls-plus-18.7.0\lib\txw2-4.0.5.jar;c:\Users\karti\.vscode\extensions\ltex-plus.vscode-ltex-plus-15.7.1\lib\ltex-ls-plus-18.7.0\lib\unit-api-1.0.jar;c:\Users\karti\.vscode\extensions\ltex-plus.vscode-ltex-plus-15.7.1\lib\ltex-ls-plus-18.7.0\lib\uom-lib-common-1.1.jar;c:\Users\karti\.vscode\extensions\ltex-plus.vscode-ltex-plus-15.7.1\lib\ltex-ls-plus-18.7.0\lib\vavr-0.10.2.jar;c:\Users\karti\.vscode\extensions\ltex-plus.vscode-ltex-plus-15.7.1\lib\ltex-ls-plus-18.7.0\lib\vavr-match-0.10.2.jar;c:\Users\karti\.vscode\extensions\ltex-plus.vscode-ltex-plus-15.7.1\lib\ltex-ls-plus-18.7.0\lib\woodstox-core-7.2.0.jar
Launcher Type: SUN_STANDARD

[Global flags]
     intx CICompilerCount                          = 12                                        {product} {ergonomic}
     uint ConcGCThreads                            = 3                                         {product} {ergonomic}
     uint G1ConcRefinementThreads                  = 13                                        {product} {ergonomic}
   size_t G1HeapRegionSize                         = 1048576                                   {product} {ergonomic}
    uintx GCDrainStackTargetSize                   = 64                                        {product} {ergonomic}
   size_t InitialHeapSize                          = 67108864                                  {product} {command line}
   size_t MarkStackSize                            = 4194304                                   {product} {ergonomic}
   size_t MaxHeapSize                              = 2147483648                                {product} {command line}
   size_t MaxNewSize                               = 1287651328                                {product} {ergonomic}
   size_t MinHeapDeltaBytes                        = 1048576                                   {product} {ergonomic}
   size_t MinHeapSize                              = 67108864                                  {product} {command line}
    uintx NonNMethodCodeHeapSize                   = 7602480                                {pd product} {ergonomic}
    uintx NonProfiledCodeHeapSize                  = 122027880                              {pd product} {ergonomic}
    uintx ProfiledCodeHeapSize                     = 122027880                              {pd product} {ergonomic}
    uintx ReservedCodeCacheSize                    = 251658240                              {pd product} {ergonomic}
     bool SegmentedCodeCache                       = true                                      {product} {ergonomic}
   size_t SoftMaxHeapSize                          = 2147483648                             {manageable} {ergonomic}
     bool UseCompressedOops                        = true                           {product lp64_product} {ergonomic}
     bool UseG1GC                                  = true                                      {product} {ergonomic}
     bool UseLargePagesIndividualAllocation        = false                                  {pd product} {ergonomic}

Logging:
Log output configuration:
 #0: stdout all=warning uptime,level,tags foldmultilines=false
 #1: stderr all=off uptime,level,tags foldmultilines=false

Release file:
JAVA_VERSION="21.0.10"
MODULES="java.base java.compiler java.datatransfer java.xml java.prefs java.desktop java.instrument java.logging java.management java.security.sasl java.naming java.rmi java.management.rmi java.net.http java.scripting java.security.jgss java.transaction.xa java.sql java.sql.rowset java.xml.crypto java.se java.smartcardio jdk.accessibility jdk.charsets jdk.crypto.ec jdk.crypto.cryptoki jdk.dynalink jdk.httpserver jdk.incubator.vector jdk.internal.vm.ci jdk.internal.vm.compiler jdk.internal.vm.compiler.management jdk.jdwp.agent jdk.jfr jdk.jsobject jdk.localedata jdk.management jdk.management.agent jdk.naming.dns jdk.naming.rmi jdk.net jdk.nio.mapmode jdk.sctp jdk.security.auth jdk.security.jgss jdk.unsupported jdk.xml.dom jdk.zipfs"

Environment Variables:
JAVA_HOME=c:\Users\karti\.vscode\extensions\ltex-plus.vscode-ltex-plus-15.7.1\lib\ltex-ls-plus-18.7.0\jdk-21.0.10+7
CLASSPATH="c:\Users\karti\.vscode\extensions\ltex-plus.vscode-ltex-plus-15.7.1\lib\ltex-ls-plus-18.7.0"\etc;"c:\Users\karti\.vscode\extensions\ltex-plus.vscode-ltex-plus-15.7.1\lib\ltex-ls-plus-18.7.0\lib"\*
JAVA_OPTS=-Xms64m -Xmx2048m
PATH=C:\Program Files\Common Files\Oracle\Java\javapath;C:\Program Files\Eclipse Adoptium\jdk-17.0.13.11-hotspot\bin;C:\WINDOWS\system32;C:\WINDOWS;C:\WINDOWS\System32\Wbem;C:\WINDOWS\System32\WindowsPowerShell\v1.0\;C:\WINDOWS\System32\OpenSSH\;C:\Program Files\nodejs\;C:\MinGW\bin;C:\Program Files\Git\cmd;C:\Program Files\Git\mingw64\bin;C:\Program Files\Git\usr\bin;C:\ProgramData\chocolatey\bin;C:\Program Files\cursor\resources\app\bin;C:\Program Files\dotnet\;C:\Program Files\Warp\bin;C:\Users\karti\AppData\Roaming\npm;C:\Users\karti\AppData\Local\Programs\Python\Launcher\;C:\PWJarvis;C:\Users\karti\AppData\Local\Microsoft\WindowsApps;C:\Users\karti\AppData\Local\Programs\Microsoft VS Code\bin;C:\Program Files\Java\jdk-24\bin;C:\MinGW\bin;
USERNAME=karti
OS=Windows_NT
PROCESSOR_IDENTIFIER=Intel64 Family 6 Model 186 Stepping 2, GenuineIntel
TMP=C:\Users\karti\AppData\Local\Temp
TEMP=C:\Users\karti\AppData\Local\Temp




Periodic native trim disabled

---------------  S Y S T E M  ---------------

OS:
 Windows 11 , 64 bit Build 26100 (10.0.26100.8521)
OS uptime: 5 days 0:38 hours
Hyper-V role detected

CPU: total 16 (initial active 16) (8 cores per cpu, 2 threads per core) family 6 model 186 stepping 2 microcode 0x410e, cx8, cmov, fxsr, ht, mmx, 3dnowpref, sse, sse2, sse3, ssse3, sse4.1, sse4.2, popcnt, lzcnt, tsc, tscinvbit, avx, avx2, aes, erms, clmul, bmi1, bmi2, adx, sha, fma, vzeroupper, clflush, clflushopt, clwb, hv, serialize, rdtscp, rdpid, fsrm, f16c, cet_ibt, cet_ss
Processor Information for processor 0
  Max Mhz: 2600, Current Mhz: 1496, Mhz Limit: 2600
Processor Information for processor 1
  Max Mhz: 2600, Current Mhz: 1496, Mhz Limit: 2600
Processor Information for processor 2
  Max Mhz: 2600, Current Mhz: 1496, Mhz Limit: 2600
Processor Information for processor 3
  Max Mhz: 2600, Current Mhz: 1496, Mhz Limit: 2600
Processor Information for processor 4
  Max Mhz: 2600, Current Mhz: 1496, Mhz Limit: 2600
Processor Information for processor 5
  Max Mhz: 2600, Current Mhz: 1496, Mhz Limit: 2600
Processor Information for processor 6
  Max Mhz: 2600, Current Mhz: 1496, Mhz Limit: 2600
Processor Information for processor 7
  Max Mhz: 2600, Current Mhz: 1496, Mhz Limit: 2600
Processor Information for processor 8
  Max Mhz: 2600, Current Mhz: 1500, Mhz Limit: 1898
Processor Information for processor 9
  Max Mhz: 2600, Current Mhz: 1500, Mhz Limit: 1898
Processor Information for processor 10
  Max Mhz: 2600, Current Mhz: 1500, Mhz Limit: 1898
Processor Information for processor 11
  Max Mhz: 2600, Current Mhz: 1500, Mhz Limit: 1898
Processor Information for processor 12
  Max Mhz: 2600, Current Mhz: 1500, Mhz Limit: 1898
Processor Information for processor 13
  Max Mhz: 2600, Current Mhz: 1500, Mhz Limit: 1898
Processor Information for processor 14
  Max Mhz: 2600, Current Mhz: 1500, Mhz Limit: 1898
Processor Information for processor 15
  Max Mhz: 2600, Current Mhz: 1500, Mhz Limit: 1898

Memory: 4k page, system-wide physical 16071M (4043M free)
TotalPageFile size 16071M (AvailPageFile size 136M)
current process WorkingSet (physical memory assigned to process): 270M, peak: 292M
current process commit charge ("private bytes"): 316M, peak: 445M

vm_info: OpenJDK 64-Bit Server VM (21.0.10+7-LTS) for windows-amd64 JRE (21.0.10+7-LTS), built on 2026-01-20T00:00:00Z by "admin" with MS VC++ 17.12 (VS2022)

END.
