#
# There is insufficient memory for the Java Runtime Environment to continue.
# Native memory allocation (mmap) failed to map 138412032 bytes. Error detail: G1 virtual space
# Possible reasons:
#   The system is out of physical RAM or swap space
#   This process is running with CompressedOops enabled, and the Java Heap may be blocking the growth of the native heap
# Possible solutions:
#   Reduce memory load on the system
#   Increase physical memory or swap space
#   Check if swap backing store is full
#   Decrease Java heap size (-Xmx/-Xms)
#   Decrease number of Java threads
#   Decrease Java thread stack sizes (-Xss)
#   Set larger code cache with -XX:ReservedCodeCacheSize=
#   JVM is running with Unscaled Compressed Oops mode in which the Java heap is
#     placed in the first 4GB address space. The Java Heap base address is the
#     maximum limit for the native heap growth. Please use -XX:HeapBaseMinAddress
#     to set the Java Heap base and to place the Java Heap above 4GB virtual address.
# This output file may be truncated or incomplete.
#
#  Out of Memory Error (os_windows.cpp:3714), pid=21252, tid=12588
#
# JRE version: OpenJDK Runtime Environment Temurin-21.0.10+7 (21.0.10+7) (build 21.0.10+7-LTS)
# Java VM: OpenJDK 64-Bit Server VM Temurin-21.0.10+7 (21.0.10+7-LTS, mixed mode, tiered, compressed oops, compressed class ptrs, g1 gc, windows-amd64)
# No core dump will be written. Minidumps are not enabled by default on client versions of Windows
#

---------------  S U M M A R Y ------------

Command Line: -Xms64m -Xmx2048m -Dapp.name=ltex-ls-plus -Dapp.repo=c:\Users\karti\.vscode\extensions\ltex-plus.vscode-ltex-plus-15.7.1\lib\ltex-ls-plus-18.7.0\lib -Dapp.home=c:\Users\karti\.vscode\extensions\ltex-plus.vscode-ltex-plus-15.7.1\lib\ltex-ls-plus-18.7.0 -Dbasedir=c:\Users\karti\.vscode\extensions\ltex-plus.vscode-ltex-plus-15.7.1\lib\ltex-ls-plus-18.7.0 org.bsplines.ltexls.LtexLanguageServerLauncher

Host: 13th Gen Intel(R) Core(TM) i5-13500H, 16 cores, 15G,  Windows 11 , 64 bit Build 26100 (10.0.26100.8521)
Time: Wed Jul  8 19:07:09 2026 India Standard Time elapsed time: 12.711301 seconds (0d 0h 0m 12s)

---------------  T H R E A D  ---------------

Current thread (0x0000016ceb0426e0):  VMThread "VM Thread"          [id=12588, stack(0x0000005dfc900000,0x0000005dfca00000) (1024K)]

Stack: [0x0000005dfc900000,0x0000005dfca00000]
Native frames: (J=compiled Java code, j=interpreted, Vv=VM code, C=native code)
V  [jvm.dll+0x6d7a39]
V  [jvm.dll+0x8b4b26]
V  [jvm.dll+0x8b70de]
V  [jvm.dll+0x8b77c3]
V  [jvm.dll+0x284346]
V  [jvm.dll+0x6d4355]
V  [jvm.dll+0x6c808a]
V  [jvm.dll+0x35edb8]
V  [jvm.dll+0x3669f6]
V  [jvm.dll+0x3b7afe]
V  [jvm.dll+0x3b7da8]
V  [jvm.dll+0x332fbc]
V  [jvm.dll+0x333047]
V  [jvm.dll+0x376e1c]
V  [jvm.dll+0x3755be]
V  [jvm.dll+0x332701]
V  [jvm.dll+0x374c2a]
V  [jvm.dll+0x8bd4b0]
V  [jvm.dll+0x8be824]
V  [jvm.dll+0x8bed50]
V  [jvm.dll+0x8beff3]
V  [jvm.dll+0x85f59d]
V  [jvm.dll+0x6d626d]
C  [ucrtbase.dll+0x2cd30]
C  [KERNEL32.DLL+0x2e957]
C  [ntdll.dll+0x87c1c]

VM_Operation (0x0000005dfc2fca10): G1CollectForAllocation, mode: safepoint, requested by thread 0x0000016ccf3ea960


---------------  P R O C E S S  ---------------

Threads class SMR info:
_java_thread_list=0x0000016ceec00ad0, length=17, elements={
0x0000016ccf3ea960, 0x0000016ceb0958f0, 0x0000016ceb096350, 0x0000016ceb0ab680,
0x0000016ceb0c91a0, 0x0000016ceb0c9c00, 0x0000016ceb0ca660, 0x0000016ceb0d5540,
0x0000016ceb0f9750, 0x0000016ceb1ef6e0, 0x0000016ceb3af270, 0x0000016ceb3c14f0,
0x0000016cebb2ff90, 0x0000016cebddf540, 0x0000016cec1ec580, 0x0000016cec26f5a0,
0x0000016cec270060
}

Java Threads: ( => current thread )
  0x0000016ccf3ea960 JavaThread "main"                              [_thread_blocked, id=26336, stack(0x0000005dfc200000,0x0000005dfc300000) (1024K)]
  0x0000016ceb0958f0 JavaThread "Reference Handler"          daemon [_thread_blocked, id=26528, stack(0x0000005dfca00000,0x0000005dfcb00000) (1024K)]
  0x0000016ceb096350 JavaThread "Finalizer"                  daemon [_thread_blocked, id=25728, stack(0x0000005dfcb00000,0x0000005dfcc00000) (1024K)]
  0x0000016ceb0ab680 JavaThread "Signal Dispatcher"          daemon [_thread_blocked, id=14444, stack(0x0000005dfcc00000,0x0000005dfcd00000) (1024K)]
  0x0000016ceb0c91a0 JavaThread "Attach Listener"            daemon [_thread_blocked, id=24512, stack(0x0000005dfcd00000,0x0000005dfce00000) (1024K)]
  0x0000016ceb0c9c00 JavaThread "Service Thread"             daemon [_thread_blocked, id=2972, stack(0x0000005dfce00000,0x0000005dfcf00000) (1024K)]
  0x0000016ceb0ca660 JavaThread "Monitor Deflation Thread"   daemon [_thread_blocked, id=12508, stack(0x0000005dfcf00000,0x0000005dfd000000) (1024K)]
  0x0000016ceb0d5540 JavaThread "C2 CompilerThread0"         daemon [_thread_blocked, id=13372, stack(0x0000005dfd000000,0x0000005dfd100000) (1024K)]
  0x0000016ceb0f9750 JavaThread "C1 CompilerThread0"         daemon [_thread_blocked, id=13364, stack(0x0000005dfd100000,0x0000005dfd200000) (1024K)]
  0x0000016ceb1ef6e0 JavaThread "C1 CompilerThread1"         daemon [_thread_blocked, id=2644, stack(0x0000005dfd200000,0x0000005dfd300000) (1024K)]
  0x0000016ceb3af270 JavaThread "Notification Thread"        daemon [_thread_blocked, id=22256, stack(0x0000005dfd300000,0x0000005dfd400000) (1024K)]
  0x0000016ceb3c14f0 JavaThread "Common-Cleaner"             daemon [_thread_blocked, id=23556, stack(0x0000005dfd400000,0x0000005dfd500000) (1024K)]
  0x0000016cebb2ff90 JavaThread "C1 CompilerThread2"         daemon [_thread_blocked, id=26580, stack(0x0000005dfd500000,0x0000005dfd600000) (1024K)]
  0x0000016cebddf540 JavaThread "C2 CompilerThread1"         daemon [_thread_blocked, id=26548, stack(0x0000005dfd600000,0x0000005dfd700000) (1024K)]
  0x0000016cec1ec580 JavaThread "C2 CompilerThread2"         daemon [_thread_blocked, id=14132, stack(0x0000005dfdc00000,0x0000005dfdd00000) (1024K)]
  0x0000016cec26f5a0 JavaThread "C2 CompilerThread3"         daemon [_thread_blocked, id=23276, stack(0x0000005dfdd00000,0x0000005dfde00000) (1024K)]
  0x0000016cec270060 JavaThread "C1 CompilerThread3"         daemon [_thread_blocked, id=18840, stack(0x0000005dfde00000,0x0000005dfdf00000) (1024K)]
Total: 17

Other Threads:
=>0x0000016ceb0426e0 VMThread "VM Thread"                           [id=12588, stack(0x0000005dfc900000,0x0000005dfca00000) (1024K)]
  0x0000016ce6e69940 WatcherThread "VM Periodic Task Thread"        [id=24332, stack(0x0000005dfc800000,0x0000005dfc900000) (1024K)]
  0x0000016ccf43a350 WorkerThread "GC Thread#0"                     [id=20056, stack(0x0000005dfc300000,0x0000005dfc400000) (1024K)]
  0x0000016cec175f20 WorkerThread "GC Thread#1"                     [id=24888, stack(0x0000005dfd700000,0x0000005dfd800000) (1024K)]
  0x0000016cec1434d0 WorkerThread "GC Thread#2"                     [id=4284, stack(0x0000005dfd800000,0x0000005dfd900000) (1024K)]
  0x0000016cec143880 WorkerThread "GC Thread#3"                     [id=26608, stack(0x0000005dfd900000,0x0000005dfda00000) (1024K)]
  0x0000016cec143c30 WorkerThread "GC Thread#4"                     [id=17024, stack(0x0000005dfda00000,0x0000005dfdb00000) (1024K)]
  0x0000016cec143fe0 WorkerThread "GC Thread#5"                     [id=10948, stack(0x0000005dfdb00000,0x0000005dfdc00000) (1024K)]
  0x0000016cec3c2d30 WorkerThread "GC Thread#6"                     [id=15504, stack(0x0000005dfe100000,0x0000005dfe200000) (1024K)]
  0x0000016cec3c30e0 WorkerThread "GC Thread#7"                     [id=2400, stack(0x0000005dfe200000,0x0000005dfe300000) (1024K)]
  0x0000016cec682c00 WorkerThread "GC Thread#8"                     [id=22224, stack(0x0000005dfe300000,0x0000005dfe400000) (1024K)]
  0x0000016cec682fb0 WorkerThread "GC Thread#9"                     [id=24132, stack(0x0000005dfe400000,0x0000005dfe500000) (1024K)]
  0x0000016cec683770 WorkerThread "GC Thread#10"                    [id=19184, stack(0x0000005dfe500000,0x0000005dfe600000) (1024K)]
  0x0000016cec7e2410 WorkerThread "GC Thread#11"                    [id=6852, stack(0x0000005dfe600000,0x0000005dfe700000) (1024K)]
  0x0000016cec7e32d0 WorkerThread "GC Thread#12"                    [id=9964, stack(0x0000005dfeb00000,0x0000005dfec00000) (1024K)]
  0x0000016ccf4440a0 ConcurrentGCThread "G1 Main Marker"            [id=17580, stack(0x0000005dfc400000,0x0000005dfc500000) (1024K)]
  0x0000016ccf444ab0 WorkerThread "G1 Conc#0"                       [id=22308, stack(0x0000005dfc500000,0x0000005dfc600000) (1024K)]
  0x0000016cec7e2f20 WorkerThread "G1 Conc#1"                       [id=25456, stack(0x0000005dfe700000,0x0000005dfe800000) (1024K)]
  0x0000016cec7e3de0 WorkerThread "G1 Conc#2"                       [id=16060, stack(0x0000005dfe800000,0x0000005dfe900000) (1024K)]
  0x0000016ce6d39050 ConcurrentGCThread "G1 Refine#0"               [id=16180, stack(0x0000005dfc600000,0x0000005dfc700000) (1024K)]
  0x0000016ce6d3a9f0 ConcurrentGCThread "G1 Service"                [id=26556, stack(0x0000005dfc700000,0x0000005dfc800000) (1024K)]
Total: 21

Threads with active compile tasks:
C2 CompilerThread3  12766 3418       4       java.lang.String::toLowerCase (8 bytes)
Total: 1

VM state: at safepoint (normal execution)

VM Mutex/Monitor currently owned by a thread:  ([mutex/lock_event])
[0x00007fffdd5ee560] Threads_lock - owner thread: 0x0000016ceb0426e0
[0x00007fffdd5ee660] Heap_lock - owner thread: 0x0000016ccf3ea960

Heap address: 0x0000000080000000, size: 2048 MB, Compressed Oops mode: 32-bit

CDS archive(s) not mapped
Compressed class space mapped at: 0x0000000100000000-0x0000000140000000, reserved size: 1073741824
Narrow klass base: 0x0000000000000000, Narrow klass shift: 3, Narrow klass range: 0x140000000

GC Precious Log:
 CardTable entry size: 512
 Card Set container configuration: InlinePtr #cards 5 size 8 Array Of Cards #cards 12 size 40 Howl #buckets 4 coarsen threshold 1843 Howl Bitmap #cards 512 size 80 coarsen threshold 460 Card regions per heap region 1 cards per card region 2048
 CPUs: 16 total, 16 available
 Memory: 16071M
 Large Page Support: Disabled
 NUMA Support: Disabled
 Compressed Oops: Enabled (32-bit)
 Heap Region Size: 1M
 Heap Min Capacity: 64M
 Heap Initial Capacity: 64M
 Heap Max Capacity: 2G
 Pre-touch: Disabled
 Parallel Workers: 13
 Concurrent Workers: 3
 Concurrent Refinement Workers: 13
 Periodic GC: Disabled

Heap:
 garbage-first heap   total 135168K, used 88064K [0x0000000080000000, 0x0000000100000000)
  region size 1024K, 4 young (4096K), 4 survivors (4096K)
 Metaspace       used 24199K, committed 24448K, reserved 1114112K
  class space    used 2335K, committed 2432K, reserved 1048576K

Heap Regions: E=young(eden), S=young(survivor), O=old, HS=humongous(starts), HC=humongous(continues), CS=collection set, F=free, TAMS=top-at-mark-start, PB=parsable bottom
|   0|0x0000000080000000, 0x0000000080100000, 0x0000000080100000|100%| O|  |TAMS 0x0000000080100000| PB 0x0000000080000000| Updating 
|   1|0x0000000080100000, 0x0000000080200000, 0x0000000080200000|100%| O|  |TAMS 0x0000000080200000| PB 0x0000000080100000| Untracked 
|   2|0x0000000080200000, 0x0000000080300000, 0x0000000080300000|100%| O|  |TAMS 0x0000000080300000| PB 0x0000000080200000| Updating 
|   3|0x0000000080300000, 0x0000000080400000, 0x0000000080400000|100%| O|  |TAMS 0x0000000080400000| PB 0x0000000080300000| Untracked 
|   4|0x0000000080400000, 0x0000000080500000, 0x0000000080500000|100%| O|  |TAMS 0x0000000080500000| PB 0x0000000080400000| Untracked 
|   5|0x0000000080500000, 0x0000000080600000, 0x0000000080600000|100%| O|  |TAMS 0x0000000080600000| PB 0x0000000080500000| Updating 
|   6|0x0000000080600000, 0x0000000080700000, 0x0000000080700000|100%| O|  |TAMS 0x0000000080700000| PB 0x0000000080600000| Untracked 
|   7|0x0000000080700000, 0x0000000080800000, 0x0000000080800000|100%| O|  |TAMS 0x0000000080800000| PB 0x0000000080700000| Updating 
|   8|0x0000000080800000, 0x0000000080900000, 0x0000000080900000|100%|HS|  |TAMS 0x0000000080900000| PB 0x0000000080800000| Complete 
|   9|0x0000000080900000, 0x0000000080a00000, 0x0000000080a00000|100%| O|  |TAMS 0x0000000080a00000| PB 0x0000000080900000| Untracked 
|  10|0x0000000080a00000, 0x0000000080b00000, 0x0000000080b00000|100%| O|  |TAMS 0x0000000080b00000| PB 0x0000000080a00000| Untracked 
|  11|0x0000000080b00000, 0x0000000080c00000, 0x0000000080c00000|100%| O|  |TAMS 0x0000000080c00000| PB 0x0000000080b00000| Untracked 
|  12|0x0000000080c00000, 0x0000000080d00000, 0x0000000080d00000|100%| O|  |TAMS 0x0000000080d00000| PB 0x0000000080c00000| Untracked 
|  13|0x0000000080d00000, 0x0000000080e00000, 0x0000000080e00000|100%| O|  |TAMS 0x0000000080e00000| PB 0x0000000080d00000| Untracked 
|  14|0x0000000080e00000, 0x0000000080f00000, 0x0000000080f00000|100%| O|  |TAMS 0x0000000080f00000| PB 0x0000000080e00000| Updating 
|  15|0x0000000080f00000, 0x0000000081000000, 0x0000000081000000|100%| O|  |TAMS 0x0000000081000000| PB 0x0000000080f00000| Untracked 
|  16|0x0000000081000000, 0x0000000081100000, 0x0000000081100000|100%| O|  |TAMS 0x0000000081100000| PB 0x0000000081000000| Untracked 
|  17|0x0000000081100000, 0x0000000081200000, 0x0000000081200000|100%| O|  |TAMS 0x0000000081200000| PB 0x0000000081100000| Untracked 
|  18|0x0000000081200000, 0x0000000081300000, 0x0000000081300000|100%| O|  |TAMS 0x0000000081300000| PB 0x0000000081200000| Updating 
|  19|0x0000000081300000, 0x0000000081400000, 0x0000000081400000|100%| O|  |TAMS 0x0000000081400000| PB 0x0000000081300000| Updating 
|  20|0x0000000081400000, 0x0000000081500000, 0x0000000081500000|100%| O|  |TAMS 0x0000000081500000| PB 0x0000000081400000| Untracked 
|  21|0x0000000081500000, 0x0000000081600000, 0x0000000081600000|100%| O|  |TAMS 0x0000000081600000| PB 0x0000000081500000| Updating 
|  22|0x0000000081600000, 0x0000000081700000, 0x0000000081700000|100%| O|  |TAMS 0x0000000081700000| PB 0x0000000081600000| Untracked 
|  23|0x0000000081700000, 0x0000000081800000, 0x0000000081800000|100%| O|  |TAMS 0x0000000081800000| PB 0x0000000081700000| Untracked 
|  24|0x0000000081800000, 0x0000000081900000, 0x0000000081900000|100%| O|  |TAMS 0x0000000081900000| PB 0x0000000081800000| Updating 
|  25|0x0000000081900000, 0x0000000081a00000, 0x0000000081a00000|100%|HS|  |TAMS 0x0000000081a00000| PB 0x0000000081900000| Complete 
|  26|0x0000000081a00000, 0x0000000081b00000, 0x0000000081b00000|100%| O|  |TAMS 0x0000000081b00000| PB 0x0000000081a00000| Untracked 
|  27|0x0000000081b00000, 0x0000000081c00000, 0x0000000081c00000|100%| O|  |TAMS 0x0000000081c00000| PB 0x0000000081b00000| Untracked 
|  28|0x0000000081c00000, 0x0000000081d00000, 0x0000000081d00000|100%| O|  |TAMS 0x0000000081d00000| PB 0x0000000081c00000| Updating 
|  29|0x0000000081d00000, 0x0000000081e00000, 0x0000000081e00000|100%| O|  |TAMS 0x0000000081e00000| PB 0x0000000081d00000| Updating 
|  30|0x0000000081e00000, 0x0000000081f00000, 0x0000000081f00000|100%| O|  |TAMS 0x0000000081f00000| PB 0x0000000081e00000| Untracked 
|  31|0x0000000081f00000, 0x0000000082000000, 0x0000000082000000|100%| O|  |TAMS 0x0000000082000000| PB 0x0000000081f00000| Untracked 
|  32|0x0000000082000000, 0x0000000082100000, 0x0000000082100000|100%| O|  |TAMS 0x0000000082100000| PB 0x0000000082000000| Updating 
|  33|0x0000000082100000, 0x0000000082200000, 0x0000000082200000|100%| O|  |TAMS 0x0000000082200000| PB 0x0000000082100000| Untracked 
|  34|0x0000000082200000, 0x0000000082300000, 0x0000000082300000|100%| O|  |TAMS 0x0000000082300000| PB 0x0000000082200000| Untracked 
|  35|0x0000000082300000, 0x0000000082400000, 0x0000000082400000|100%| O|  |TAMS 0x0000000082400000| PB 0x0000000082300000| Untracked 
|  36|0x0000000082400000, 0x0000000082500000, 0x0000000082500000|100%| O|  |TAMS 0x0000000082500000| PB 0x0000000082400000| Updating 
|  37|0x0000000082500000, 0x0000000082600000, 0x0000000082600000|100%| O|  |TAMS 0x0000000082600000| PB 0x0000000082500000| Updating 
|  38|0x0000000082600000, 0x0000000082700000, 0x0000000082700000|100%| O|  |TAMS 0x0000000082700000| PB 0x0000000082600000| Untracked 
|  39|0x0000000082700000, 0x0000000082800000, 0x0000000082800000|100%| O|  |TAMS 0x0000000082800000| PB 0x0000000082700000| Untracked 
|  40|0x0000000082800000, 0x0000000082900000, 0x0000000082900000|100%| O|  |TAMS 0x0000000082900000| PB 0x0000000082800000| Updating 
|  41|0x0000000082900000, 0x0000000082a00000, 0x0000000082a00000|100%|HS|  |TAMS 0x0000000082a00000| PB 0x0000000082900000| Complete 
|  42|0x0000000082a00000, 0x0000000082b00000, 0x0000000082b00000|100%| O|  |TAMS 0x0000000082a00000| PB 0x0000000082a00000| Untracked 
|  43|0x0000000082b00000, 0x0000000082c00000, 0x0000000082c00000|100%| O|  |TAMS 0x0000000082c00000| PB 0x0000000082b00000| Untracked 
|  44|0x0000000082c00000, 0x0000000082d00000, 0x0000000082d00000|100%| O|  |TAMS 0x0000000082d00000| PB 0x0000000082c00000| Untracked 
|  45|0x0000000082d00000, 0x0000000082e00000, 0x0000000082e00000|100%| O|  |TAMS 0x0000000082e00000| PB 0x0000000082d00000| Untracked 
|  46|0x0000000082e00000, 0x0000000082f00000, 0x0000000082f00000|100%| O|  |TAMS 0x0000000082f00000| PB 0x0000000082e00000| Untracked 
|  47|0x0000000082f00000, 0x0000000083000000, 0x0000000083000000|100%| O|  |TAMS 0x0000000083000000| PB 0x0000000082f00000| Untracked 
|  48|0x0000000083000000, 0x0000000083100000, 0x0000000083100000|100%| O|  |TAMS 0x0000000083100000| PB 0x0000000083000000| Untracked 
|  49|0x0000000083100000, 0x0000000083200000, 0x0000000083200000|100%| O|  |TAMS 0x0000000083200000| PB 0x0000000083100000| Untracked 
|  50|0x0000000083200000, 0x0000000083300000, 0x0000000083300000|100%| O|  |TAMS 0x0000000083300000| PB 0x0000000083200000| Updating 
|  51|0x0000000083300000, 0x0000000083400000, 0x0000000083400000|100%|HS|  |TAMS 0x0000000083400000| PB 0x0000000083300000| Complete 
|  52|0x0000000083400000, 0x0000000083500000, 0x0000000083500000|100%|HC|  |TAMS 0x0000000083500000| PB 0x0000000083400000| Complete 
|  53|0x0000000083500000, 0x0000000083600000, 0x0000000083600000|100%| O|  |TAMS 0x0000000083600000| PB 0x0000000083500000| Untracked 
|  54|0x0000000083600000, 0x0000000083700000, 0x0000000083700000|100%| O|  |TAMS 0x0000000083600000| PB 0x0000000083600000| Untracked 
|  55|0x0000000083700000, 0x0000000083800000, 0x0000000083800000|100%| O|  |TAMS 0x0000000083700000| PB 0x0000000083700000| Untracked 
|  56|0x0000000083800000, 0x0000000083900000, 0x0000000083900000|100%| O|  |TAMS 0x0000000083900000| PB 0x0000000083800000| Untracked 
|  57|0x0000000083900000, 0x0000000083a00000, 0x0000000083a00000|100%| O|  |TAMS 0x0000000083a00000| PB 0x0000000083900000| Untracked 
|  58|0x0000000083a00000, 0x0000000083b00000, 0x0000000083b00000|100%| O|  |TAMS 0x0000000083b00000| PB 0x0000000083a00000| Untracked 
|  59|0x0000000083b00000, 0x0000000083c00000, 0x0000000083c00000|100%| O|  |TAMS 0x0000000083b00000| PB 0x0000000083b00000| Untracked 
|  60|0x0000000083c00000, 0x0000000083d00000, 0x0000000083d00000|100%| O|  |TAMS 0x0000000083c00000| PB 0x0000000083c00000| Untracked 
|  61|0x0000000083d00000, 0x0000000083e00000, 0x0000000083e00000|100%| O|  |TAMS 0x0000000083d00000| PB 0x0000000083d00000| Untracked 
|  62|0x0000000083e00000, 0x0000000083f00000, 0x0000000083f00000|100%| O|  |TAMS 0x0000000083e00000| PB 0x0000000083e00000| Untracked 
|  63|0x0000000083f00000, 0x0000000084000000, 0x0000000084000000|100%| O|  |TAMS 0x0000000083f00000| PB 0x0000000083f00000| Untracked 
|  64|0x0000000084000000, 0x0000000084100000, 0x0000000084100000|100%| O|  |TAMS 0x0000000084100000| PB 0x0000000084000000| Untracked 
|  65|0x0000000084100000, 0x0000000084200000, 0x0000000084200000|100%| O|  |TAMS 0x0000000084200000| PB 0x0000000084100000| Untracked 
|  66|0x0000000084200000, 0x0000000084300000, 0x0000000084300000|100%| O|  |TAMS 0x0000000084300000| PB 0x0000000084200000| Untracked 
|  67|0x0000000084300000, 0x0000000084400000, 0x0000000084400000|100%| O|  |TAMS 0x0000000084400000| PB 0x0000000084300000| Untracked 
|  68|0x0000000084400000, 0x0000000084500000, 0x0000000084500000|100%| O|  |TAMS 0x0000000084500000| PB 0x0000000084400000| Untracked 
|  69|0x0000000084500000, 0x0000000084600000, 0x0000000084600000|100%| O|  |TAMS 0x0000000084600000| PB 0x0000000084500000| Updating 
|  70|0x0000000084600000, 0x0000000084700000, 0x0000000084700000|100%| O|  |TAMS 0x0000000084600000| PB 0x0000000084600000| Untracked 
|  71|0x0000000084700000, 0x0000000084800000, 0x0000000084800000|100%| O|  |TAMS 0x0000000084700000| PB 0x0000000084700000| Untracked 
|  72|0x0000000084800000, 0x0000000084900000, 0x0000000084900000|100%|HS|  |TAMS 0x0000000084800000| PB 0x0000000084800000| Complete 
|  73|0x0000000084900000, 0x0000000084a00000, 0x0000000084a00000|100%|HC|  |TAMS 0x0000000084900000| PB 0x0000000084900000| Complete 
|  74|0x0000000084a00000, 0x0000000084b00000, 0x0000000084b00000|100%|HC|  |TAMS 0x0000000084a00000| PB 0x0000000084a00000| Complete 
|  75|0x0000000084b00000, 0x0000000084c00000, 0x0000000084c00000|100%| O|  |TAMS 0x0000000084b00000| PB 0x0000000084b00000| Untracked 
|  76|0x0000000084c00000, 0x0000000084d00000, 0x0000000084d00000|100%| O|  |TAMS 0x0000000084c00000| PB 0x0000000084c00000| Untracked 
|  77|0x0000000084d00000, 0x0000000084e00000, 0x0000000084e00000|100%| O|  |TAMS 0x0000000084d00000| PB 0x0000000084d00000| Untracked 
|  78|0x0000000084e00000, 0x0000000084f00000, 0x0000000084f00000|100%| O|  |TAMS 0x0000000084e00000| PB 0x0000000084e00000| Untracked 
|  79|0x0000000084f00000, 0x0000000085000000, 0x0000000085000000|100%| O|  |TAMS 0x0000000084f00000| PB 0x0000000084f00000| Untracked 
|  80|0x0000000085000000, 0x0000000085000000, 0x0000000085100000|  0%| F|  |TAMS 0x0000000085000000| PB 0x0000000085000000| Untracked 
|  81|0x0000000085100000, 0x0000000085100000, 0x0000000085200000|  0%| F|  |TAMS 0x0000000085100000| PB 0x0000000085100000| Untracked 
|  82|0x0000000085200000, 0x0000000085200000, 0x0000000085300000|  0%| F|  |TAMS 0x0000000085200000| PB 0x0000000085200000| Untracked 
|  83|0x0000000085300000, 0x0000000085300000, 0x0000000085400000|  0%| F|  |TAMS 0x0000000085300000| PB 0x0000000085300000| Untracked 
|  84|0x0000000085400000, 0x0000000085400000, 0x0000000085500000|  0%| F|  |TAMS 0x0000000085400000| PB 0x0000000085400000| Untracked 
|  85|0x0000000085500000, 0x0000000085600000, 0x0000000085600000|100%| O|  |TAMS 0x0000000085500000| PB 0x0000000085500000| Untracked 
|  86|0x0000000085600000, 0x0000000085700000, 0x0000000085700000|100%| O|  |TAMS 0x0000000085600000| PB 0x0000000085600000| Untracked 
|  87|0x0000000085700000, 0x0000000085700000, 0x0000000085800000|  0%| F|  |TAMS 0x0000000085700000| PB 0x0000000085700000| Untracked 
|  88|0x0000000085800000, 0x0000000085800000, 0x0000000085900000|  0%| F|  |TAMS 0x0000000085800000| PB 0x0000000085800000| Untracked 
|  89|0x0000000085900000, 0x0000000085900000, 0x0000000085a00000|  0%| F|  |TAMS 0x0000000085900000| PB 0x0000000085900000| Untracked 
|  90|0x0000000085a00000, 0x0000000085a00000, 0x0000000085b00000|  0%| F|  |TAMS 0x0000000085a00000| PB 0x0000000085a00000| Untracked 
|  91|0x0000000085b00000, 0x0000000085b00000, 0x0000000085c00000|  0%| F|  |TAMS 0x0000000085b00000| PB 0x0000000085b00000| Untracked 
|  92|0x0000000085c00000, 0x0000000085c00000, 0x0000000085d00000|  0%| F|  |TAMS 0x0000000085c00000| PB 0x0000000085c00000| Untracked 
|  93|0x0000000085d00000, 0x0000000085d00000, 0x0000000085e00000|  0%| F|  |TAMS 0x0000000085d00000| PB 0x0000000085d00000| Untracked 
|  94|0x0000000085e00000, 0x0000000085e00000, 0x0000000085f00000|  0%| F|  |TAMS 0x0000000085e00000| PB 0x0000000085e00000| Untracked 
|  95|0x0000000085f00000, 0x0000000085f00000, 0x0000000086000000|  0%| F|  |TAMS 0x0000000085f00000| PB 0x0000000085f00000| Untracked 
|  96|0x0000000086000000, 0x0000000086000000, 0x0000000086100000|  0%| F|  |TAMS 0x0000000086000000| PB 0x0000000086000000| Untracked 
|  97|0x0000000086100000, 0x0000000086100000, 0x0000000086200000|  0%| F|  |TAMS 0x0000000086100000| PB 0x0000000086100000| Untracked 
|  98|0x0000000086200000, 0x0000000086200000, 0x0000000086300000|  0%| F|  |TAMS 0x0000000086200000| PB 0x0000000086200000| Untracked 
|  99|0x0000000086300000, 0x0000000086300000, 0x0000000086400000|  0%| F|  |TAMS 0x0000000086300000| PB 0x0000000086300000| Untracked 
| 100|0x0000000086400000, 0x0000000086400000, 0x0000000086500000|  0%| F|  |TAMS 0x0000000086400000| PB 0x0000000086400000| Untracked 
| 101|0x0000000086500000, 0x0000000086500000, 0x0000000086600000|  0%| F|  |TAMS 0x0000000086500000| PB 0x0000000086500000| Untracked 
| 102|0x0000000086600000, 0x0000000086600000, 0x0000000086700000|  0%| F|  |TAMS 0x0000000086600000| PB 0x0000000086600000| Untracked 
| 103|0x0000000086700000, 0x0000000086700000, 0x0000000086800000|  0%| F|  |TAMS 0x0000000086700000| PB 0x0000000086700000| Untracked 
| 104|0x0000000086800000, 0x0000000086800000, 0x0000000086900000|  0%| F|  |TAMS 0x0000000086800000| PB 0x0000000086800000| Untracked 
| 105|0x0000000086900000, 0x0000000086900000, 0x0000000086a00000|  0%| F|  |TAMS 0x0000000086900000| PB 0x0000000086900000| Untracked 
| 106|0x0000000086a00000, 0x0000000086a00000, 0x0000000086b00000|  0%| F|  |TAMS 0x0000000086a00000| PB 0x0000000086a00000| Untracked 
| 107|0x0000000086b00000, 0x0000000086b00000, 0x0000000086c00000|  0%| F|  |TAMS 0x0000000086b00000| PB 0x0000000086b00000| Untracked 
| 108|0x0000000086c00000, 0x0000000086c00000, 0x0000000086d00000|  0%| F|  |TAMS 0x0000000086c00000| PB 0x0000000086c00000| Untracked 
| 109|0x0000000086d00000, 0x0000000086d00000, 0x0000000086e00000|  0%| F|  |TAMS 0x0000000086d00000| PB 0x0000000086d00000| Untracked 
| 110|0x0000000086e00000, 0x0000000086e00000, 0x0000000086f00000|  0%| F|  |TAMS 0x0000000086e00000| PB 0x0000000086e00000| Untracked 
| 111|0x0000000086f00000, 0x0000000086f00000, 0x0000000087000000|  0%| F|  |TAMS 0x0000000086f00000| PB 0x0000000086f00000| Untracked 
| 112|0x0000000087000000, 0x0000000087000000, 0x0000000087100000|  0%| F|  |TAMS 0x0000000087000000| PB 0x0000000087000000| Untracked 
| 113|0x0000000087100000, 0x0000000087100000, 0x0000000087200000|  0%| F|  |TAMS 0x0000000087100000| PB 0x0000000087100000| Untracked 
| 114|0x0000000087200000, 0x0000000087200000, 0x0000000087300000|  0%| F|  |TAMS 0x0000000087200000| PB 0x0000000087200000| Untracked 
| 115|0x0000000087300000, 0x0000000087300000, 0x0000000087400000|  0%| F|  |TAMS 0x0000000087300000| PB 0x0000000087300000| Untracked 
| 116|0x0000000087400000, 0x0000000087400000, 0x0000000087500000|  0%| F|  |TAMS 0x0000000087400000| PB 0x0000000087400000| Untracked 
| 117|0x0000000087500000, 0x0000000087500000, 0x0000000087600000|  0%| F|  |TAMS 0x0000000087500000| PB 0x0000000087500000| Untracked 
| 118|0x0000000087600000, 0x0000000087700000, 0x0000000087700000|100%| S|CS|TAMS 0x0000000087600000| PB 0x0000000087600000| Complete 
| 119|0x0000000087700000, 0x0000000087800000, 0x0000000087800000|100%| S|CS|TAMS 0x0000000087700000| PB 0x0000000087700000| Complete 
| 120|0x0000000087800000, 0x0000000087900000, 0x0000000087900000|100%| S|CS|TAMS 0x0000000087800000| PB 0x0000000087800000| Complete 
| 121|0x0000000087900000, 0x0000000087a00000, 0x0000000087a00000|100%| S|CS|TAMS 0x0000000087900000| PB 0x0000000087900000| Complete 
| 122|0x0000000087a00000, 0x0000000087a00000, 0x0000000087b00000|  0%| F|  |TAMS 0x0000000087a00000| PB 0x0000000087a00000| Untracked 
| 123|0x0000000087b00000, 0x0000000087b00000, 0x0000000087c00000|  0%| F|  |TAMS 0x0000000087b00000| PB 0x0000000087b00000| Untracked 
| 124|0x0000000087c00000, 0x0000000087c00000, 0x0000000087d00000|  0%| F|  |TAMS 0x0000000087c00000| PB 0x0000000087c00000| Untracked 
| 125|0x0000000087d00000, 0x0000000087d00000, 0x0000000087e00000|  0%| F|  |TAMS 0x0000000087d00000| PB 0x0000000087d00000| Untracked 
| 126|0x0000000087e00000, 0x0000000087e00000, 0x0000000087f00000|  0%| F|  |TAMS 0x0000000087e00000| PB 0x0000000087e00000| Untracked 
| 127|0x0000000087f00000, 0x0000000087f00000, 0x0000000088000000|  0%| F|  |TAMS 0x0000000087f00000| PB 0x0000000087f00000| Untracked 
| 128|0x0000000088000000, 0x0000000088000000, 0x0000000088100000|  0%| F|  |TAMS 0x0000000088000000| PB 0x0000000088000000| Untracked 
| 129|0x0000000088100000, 0x0000000088100000, 0x0000000088200000|  0%| F|  |TAMS 0x0000000088100000| PB 0x0000000088100000| Untracked 
| 130|0x0000000088200000, 0x0000000088200000, 0x0000000088300000|  0%| F|  |TAMS 0x0000000088200000| PB 0x0000000088200000| Untracked 
| 131|0x0000000088300000, 0x0000000088300000, 0x0000000088400000|  0%| F|  |TAMS 0x0000000088300000| PB 0x0000000088300000| Untracked 

Card table byte_map: [0x0000016ce1a10000,0x0000016ce1e10000] _byte_map_base: 0x0000016ce1610000

Marking Bits: (CMBitMap*) 0x0000016ccf43a960
 Bits: [0x0000016ce1e10000, 0x0000016ce3e10000)

Polling page: 0x0000016ccd5a0000

Metaspace:

Usage:
  Non-class:     21.35 MB used.
      Class:      2.28 MB used.
       Both:     23.63 MB used.

Virtual space:
  Non-class space:       64.00 MB reserved,      21.50 MB ( 34%) committed,  1 nodes.
      Class space:        1.00 GB reserved,       2.38 MB ( <1%) committed,  1 nodes.
             Both:        1.06 GB reserved,      23.88 MB (  2%) committed. 

Chunk freelists:
   Non-Class:  10.28 MB
       Class:  13.45 MB
        Both:  23.73 MB

MaxMetaspaceSize: unlimited
CompressedClassSpaceSize: 1.00 GB
Initial GC threshold: 21.00 MB
Current GC threshold: 39.81 MB
CDS: off
 - commit_granule_bytes: 65536.
 - commit_granule_words: 8192.
 - virtual_space_node_default_size: 8388608.
 - enlarge_chunks_in_place: 1.
 - use_allocation_guard: 0.


Internal statistics:

num_allocs_failed_limit: 3.
num_arena_births: 154.
num_arena_deaths: 0.
num_vsnodes_births: 2.
num_vsnodes_deaths: 0.
num_space_committed: 381.
num_space_uncommitted: 0.
num_chunks_returned_to_freelist: 3.
num_chunks_taken_from_freelist: 522.
num_chunk_merges: 3.
num_chunk_splits: 334.
num_chunks_enlarged: 236.
num_inconsistent_stats: 0.

CodeHeap 'non-profiled nmethods': size=119168Kb used=3034Kb max_used=3055Kb free=116133Kb
 bounds [0x0000016cd9920000, 0x0000016cd9c30000, 0x0000016ce0d80000]
CodeHeap 'profiled nmethods': size=119104Kb used=6803Kb max_used=7307Kb free=112300Kb
 bounds [0x0000016cd1d80000, 0x0000016cd24b0000, 0x0000016cd91d0000]
CodeHeap 'non-nmethods': size=7488Kb used=3096Kb max_used=3195Kb free=4391Kb
 bounds [0x0000016cd91d0000, 0x0000016cd9500000, 0x0000016cd9920000]
CodeCache: size=245760Kb, used=12933Kb, max_used=13557Kb, free=232824Kb
 total_blobs=3759, nmethods=3188, adapters=472, full_count=0
Compilation: enabled, stopped_count=0, restarted_count=0

Compilation events (20 events):
Event: 10.555 Thread 0x0000016ceb0d5540 nmethod 3301 0x0000016cd9c11f10 code [0x0000016cd9c12540, 0x0000016cd9c182c0]
Event: 10.555 Thread 0x0000016cec270060 3410       3       java.net.URLConnection::getDefaultUseCaches (27 bytes)
Event: 10.555 Thread 0x0000016cebb2ff90 nmethod 3409 0x0000016cd24a1f90 code [0x0000016cd24a2180, 0x0000016cd24a2658]
Event: 10.555 Thread 0x0000016cec270060 nmethod 3410 0x0000016cd24a2810 code [0x0000016cd24a29e0, 0x0000016cd24a2cc0]
Event: 10.585 Thread 0x0000016cec26f5a0 3411       4       java.nio.CharBuffer::arrayOffset (35 bytes)
Event: 10.586 Thread 0x0000016cec26f5a0 nmethod 3411 0x0000016cd9c1ba90 code [0x0000016cd9c1bc20, 0x0000016cd9c1bce8]
Event: 10.610 Thread 0x0000016ceb1ef6e0 3412       3       jdk.internal.loader.URLClassPath::findResource (38 bytes)
Event: 10.611 Thread 0x0000016ceb1ef6e0 nmethod 3412 0x0000016cd1de0190 code [0x0000016cd1de0360, 0x0000016cd1de06a0]
Event: 10.611 Thread 0x0000016cec270060 3413       3       java.nio.ByteBuffer::limit (6 bytes)
Event: 10.612 Thread 0x0000016cec270060 nmethod 3413 0x0000016cd1e8f010 code [0x0000016cd1e8f1c0, 0x0000016cd1e8f380]
Event: 10.614 Thread 0x0000016ceb0f9750 3414       3       sun.nio.cs.UTF_8$Decoder::xflow (31 bytes)
Event: 10.615 Thread 0x0000016ceb0f9750 nmethod 3414 0x0000016cd1db1610 code [0x0000016cd1db1800, 0x0000016cd1db1d30]
Event: 10.617 Thread 0x0000016cebb2ff90 3415       3       java.text.DecimalFormat::expandAffix (200 bytes)
Event: 10.620 Thread 0x0000016cebb2ff90 nmethod 3415 0x0000016cd1db2310 code [0x0000016cd1db2740, 0x0000016cd1db4408]
Event: 10.626 Thread 0x0000016cec270060 3416       3       java.lang.CharacterData00::getType (11 bytes)
Event: 10.626 Thread 0x0000016cec270060 nmethod 3416 0x0000016cd1ea9710 code [0x0000016cd1ea98c0, 0x0000016cd1ea9a18]
Event: 10.637 Thread 0x0000016cec26f5a0 3417       4       java.lang.StringConcatHelper::simpleConcat (94 bytes)
Event: 10.642 Thread 0x0000016cec1ec580 nmethod 3394% 0x0000016cd9c1bd90 code [0x0000016cd9c1c5e0, 0x0000016cd9c239a8]
Event: 10.655 Thread 0x0000016cec26f5a0 nmethod 3417 0x0000016cd994ef10 code [0x0000016cd994f120, 0x0000016cd994fab0]
Event: 10.662 Thread 0x0000016cec26f5a0 3418       4       java.lang.String::toLowerCase (8 bytes)

GC Heap History (20 events):
Event: 4.915 GC heap after
{Heap after GC invocations=5 (full 0):
 garbage-first heap   total 65536K, used 22454K [0x0000000080000000, 0x0000000100000000)
  region size 1024K, 3 young (3072K), 3 survivors (3072K)
 Metaspace       used 23238K, committed 23488K, reserved 1114112K
  class space    used 2229K, committed 2304K, reserved 1048576K
}
Event: 6.631 GC heap before
{Heap before GC invocations=5 (full 0):
 garbage-first heap   total 65536K, used 46006K [0x0000000080000000, 0x0000000100000000)
  region size 1024K, 26 young (26624K), 3 survivors (3072K)
 Metaspace       used 23256K, committed 23488K, reserved 1114112K
  class space    used 2229K, committed 2304K, reserved 1048576K
}
Event: 6.652 GC heap after
{Heap after GC invocations=6 (full 0):
 garbage-first heap   total 65536K, used 25768K [0x0000000080000000, 0x0000000100000000)
  region size 1024K, 4 young (4096K), 4 survivors (4096K)
 Metaspace       used 23256K, committed 23488K, reserved 1114112K
  class space    used 2229K, committed 2304K, reserved 1048576K
}
Event: 7.255 GC heap before
{Heap before GC invocations=6 (full 0):
 garbage-first heap   total 65536K, used 52392K [0x0000000080000000, 0x0000000100000000)
  region size 1024K, 27 young (27648K), 4 survivors (4096K)
 Metaspace       used 23554K, committed 23744K, reserved 1114112K
  class space    used 2268K, committed 2368K, reserved 1048576K
}
Event: 7.272 GC heap after
{Heap after GC invocations=7 (full 0):
 garbage-first heap   total 82944K, used 29190K [0x0000000080000000, 0x0000000100000000)
  region size 1024K, 3 young (3072K), 3 survivors (3072K)
 Metaspace       used 23554K, committed 23744K, reserved 1114112K
  class space    used 2268K, committed 2368K, reserved 1048576K
}
Event: 8.115 GC heap before
{Heap before GC invocations=7 (full 0):
 garbage-first heap   total 82944K, used 65030K [0x0000000080000000, 0x0000000100000000)
  region size 1024K, 38 young (38912K), 3 survivors (3072K)
 Metaspace       used 23586K, committed 23872K, reserved 1114112K
  class space    used 2270K, committed 2432K, reserved 1048576K
}
Event: 8.133 GC heap after
{Heap after GC invocations=8 (full 0):
 garbage-first heap   total 82944K, used 33353K [0x0000000080000000, 0x0000000100000000)
  region size 1024K, 5 young (5120K), 5 survivors (5120K)
 Metaspace       used 23586K, committed 23872K, reserved 1114112K
  class space    used 2270K, committed 2432K, reserved 1048576K
}
Event: 8.479 GC heap before
{Heap before GC invocations=8 (full 0):
 garbage-first heap   total 82944K, used 66121K [0x0000000080000000, 0x0000000100000000)
  region size 1024K, 37 young (37888K), 5 survivors (5120K)
 Metaspace       used 23597K, committed 23872K, reserved 1114112K
  class space    used 2272K, committed 2432K, reserved 1048576K
}
Event: 8.506 GC heap after
{Heap after GC invocations=9 (full 0):
 garbage-first heap   total 82944K, used 38526K [0x0000000080000000, 0x0000000100000000)
  region size 1024K, 5 young (5120K), 5 survivors (5120K)
 Metaspace       used 23597K, committed 23872K, reserved 1114112K
  class space    used 2272K, committed 2432K, reserved 1048576K
}
Event: 8.864 GC heap before
{Heap before GC invocations=9 (full 0):
 garbage-first heap   total 82944K, used 68222K [0x0000000080000000, 0x0000000100000000)
  region size 1024K, 34 young (34816K), 5 survivors (5120K)
 Metaspace       used 23658K, committed 23936K, reserved 1114112K
  class space    used 2281K, committed 2432K, reserved 1048576K
}
Event: 8.884 GC heap after
{Heap after GC invocations=10 (full 0):
 garbage-first heap   total 82944K, used 41915K [0x0000000080000000, 0x0000000100000000)
  region size 1024K, 4 young (4096K), 4 survivors (4096K)
 Metaspace       used 23658K, committed 23936K, reserved 1114112K
  class space    used 2281K, committed 2432K, reserved 1048576K
}
Event: 9.322 GC heap before
{Heap before GC invocations=10 (full 0):
 garbage-first heap   total 82944K, used 63419K [0x0000000080000000, 0x0000000100000000)
  region size 1024K, 26 young (26624K), 4 survivors (4096K)
 Metaspace       used 23784K, committed 24064K, reserved 1114112K
  class space    used 2293K, committed 2432K, reserved 1048576K
}
Event: 9.340 GC heap after
{Heap after GC invocations=11 (full 0):
 garbage-first heap   total 119808K, used 44897K [0x0000000080000000, 0x0000000100000000)
  region size 1024K, 3 young (3072K), 3 survivors (3072K)
 Metaspace       used 23784K, committed 24064K, reserved 1114112K
  class space    used 2293K, committed 2432K, reserved 1048576K
}
Event: 10.033 GC heap before
{Heap before GC invocations=11 (full 0):
 garbage-first heap   total 119808K, used 101217K [0x0000000080000000, 0x0000000100000000)
  region size 1024K, 56 young (57344K), 3 survivors (3072K)
 Metaspace       used 24177K, committed 24384K, reserved 1114112K
  class space    used 2335K, committed 2432K, reserved 1048576K
}
Event: 10.071 GC heap after
{Heap after GC invocations=12 (full 0):
 garbage-first heap   total 119808K, used 58880K [0x0000000080000000, 0x0000000100000000)
  region size 1024K, 7 young (7168K), 7 survivors (7168K)
 Metaspace       used 24177K, committed 24384K, reserved 1114112K
  class space    used 2335K, committed 2432K, reserved 1048576K
}
Event: 10.268 GC heap before
{Heap before GC invocations=12 (full 0):
 garbage-first heap   total 119808K, used 100864K [0x0000000080000000, 0x0000000100000000)
  region size 1024K, 46 young (47104K), 7 survivors (7168K)
 Metaspace       used 24191K, committed 24384K, reserved 1114112K
  class space    used 2335K, committed 2432K, reserved 1048576K
}
Event: 10.318 GC heap after
{Heap after GC invocations=13 (full 0):
 garbage-first heap   total 119808K, used 70656K [0x0000000080000000, 0x0000000100000000)
  region size 1024K, 6 young (6144K), 6 survivors (6144K)
 Metaspace       used 24191K, committed 24384K, reserved 1114112K
  class space    used 2335K, committed 2432K, reserved 1048576K
}
Event: 10.466 GC heap before
{Heap before GC invocations=13 (full 0):
 garbage-first heap   total 119808K, used 103424K [0x0000000080000000, 0x0000000100000000)
  region size 1024K, 38 young (38912K), 6 survivors (6144K)
 Metaspace       used 24196K, committed 24448K, reserved 1114112K
  class space    used 2335K, committed 2432K, reserved 1048576K
}
Event: 10.518 GC heap after
{Heap after GC invocations=14 (full 0):
 garbage-first heap   total 119808K, used 78848K [0x0000000080000000, 0x0000000100000000)
  region size 1024K, 5 young (5120K), 5 survivors (5120K)
 Metaspace       used 24196K, committed 24448K, reserved 1114112K
  class space    used 2335K, committed 2432K, reserved 1048576K
}
Event: 10.665 GC heap before
{Heap before GC invocations=14 (full 0):
 garbage-first heap   total 135168K, used 107520K [0x0000000080000000, 0x0000000100000000)
  region size 1024K, 31 young (31744K), 5 survivors (5120K)
 Metaspace       used 24199K, committed 24448K, reserved 1114112K
  class space    used 2335K, committed 2432K, reserved 1048576K
}

Dll operation events (9 events):
Event: 0.022 Loaded shared library c:\Users\karti\.vscode\extensions\ltex-plus.vscode-ltex-plus-15.7.1\lib\ltex-ls-plus-18.7.0\jdk-21.0.10+7\bin\java.dll
Event: 0.034 Loaded shared library c:\Users\karti\.vscode\extensions\ltex-plus.vscode-ltex-plus-15.7.1\lib\ltex-ls-plus-18.7.0\jdk-21.0.10+7\bin\zip.dll
Event: 0.149 Loaded shared library c:\Users\karti\.vscode\extensions\ltex-plus.vscode-ltex-plus-15.7.1\lib\ltex-ls-plus-18.7.0\jdk-21.0.10+7\bin\jsvml.dll
Event: 0.456 Loaded shared library C:\Users\karti\.vscode\extensions\ltex-plus.vscode-ltex-plus-15.7.1\lib\ltex-ls-plus-18.7.0\jdk-21.0.10+7\bin\net.dll
Event: 0.463 Loaded shared library C:\Users\karti\.vscode\extensions\ltex-plus.vscode-ltex-plus-15.7.1\lib\ltex-ls-plus-18.7.0\jdk-21.0.10+7\bin\nio.dll
Event: 0.480 Loaded shared library C:\Users\karti\.vscode\extensions\ltex-plus.vscode-ltex-plus-15.7.1\lib\ltex-ls-plus-18.7.0\jdk-21.0.10+7\bin\zip.dll
Event: 0.715 Loaded shared library C:\Users\karti\.vscode\extensions\ltex-plus.vscode-ltex-plus-15.7.1\lib\ltex-ls-plus-18.7.0\jdk-21.0.10+7\bin\jimage.dll
Event: 1.027 Loaded shared library C:\Users\karti\AppData\Local\Temp\jansi-2.4.3-8172d459513c0747-jansi.dll
Event: 1.076 Loaded shared library c:\Users\karti\.vscode\extensions\ltex-plus.vscode-ltex-plus-15.7.1\lib\ltex-ls-plus-18.7.0\jdk-21.0.10+7\bin\verify.dll

Deoptimization events (20 events):
Event: 10.264 Thread 0x0000016ccf3ea960 DEOPT PACKING pc=0x0000016cd249803c sp=0x0000005dfc2fd740
Event: 10.264 Thread 0x0000016ccf3ea960 DEOPT UNPACKING pc=0x0000016cd9224b42 sp=0x0000005dfc2fcc98 mode 0
Event: 10.266 Thread 0x0000016ccf3ea960 DEOPT PACKING pc=0x0000016cd249803c sp=0x0000005dfc2fd740
Event: 10.266 Thread 0x0000016ccf3ea960 DEOPT UNPACKING pc=0x0000016cd9224b42 sp=0x0000005dfc2fcc98 mode 0
Event: 10.319 Thread 0x0000016ccf3ea960 DEOPT PACKING pc=0x0000016cd249803c sp=0x0000005dfc2fd740
Event: 10.319 Thread 0x0000016ccf3ea960 DEOPT UNPACKING pc=0x0000016cd9224b42 sp=0x0000005dfc2fcc98 mode 0
Event: 10.367 Thread 0x0000016ccf3ea960 Uncommon trap: trap_request=0xffffffc6 fr.pc=0x0000016cd9bd7d54 relative=0x0000000000000634
Event: 10.367 Thread 0x0000016ccf3ea960 Uncommon trap: reason=bimorphic_or_optimized_type_check action=maybe_recompile pc=0x0000016cd9bd7d54 method=java.util.regex.Pattern$Slice.match(Ljava/util/regex/Matcher;ILjava/lang/CharSequence;)Z @ 49 c2
Event: 10.367 Thread 0x0000016ccf3ea960 DEOPT PACKING pc=0x0000016cd9bd7d54 sp=0x0000005dfc2fdd90
Event: 10.367 Thread 0x0000016ccf3ea960 DEOPT UNPACKING pc=0x0000016cd92243a2 sp=0x0000005dfc2fdd18 mode 2
Event: 10.367 Thread 0x0000016ccf3ea960 Uncommon trap: trap_request=0xffffffc6 fr.pc=0x0000016cd9bd7d54 relative=0x0000000000000634
Event: 10.367 Thread 0x0000016ccf3ea960 Uncommon trap: reason=bimorphic_or_optimized_type_check action=maybe_recompile pc=0x0000016cd9bd7d54 method=java.util.regex.Pattern$Slice.match(Ljava/util/regex/Matcher;ILjava/lang/CharSequence;)Z @ 49 c2
Event: 10.367 Thread 0x0000016ccf3ea960 DEOPT PACKING pc=0x0000016cd9bd7d54 sp=0x0000005dfc2fdd90
Event: 10.367 Thread 0x0000016ccf3ea960 DEOPT UNPACKING pc=0x0000016cd92243a2 sp=0x0000005dfc2fdd18 mode 2
Event: 10.367 Thread 0x0000016ccf3ea960 Uncommon trap: trap_request=0xffffffc6 fr.pc=0x0000016cd9bd7d54 relative=0x0000000000000634
Event: 10.367 Thread 0x0000016ccf3ea960 Uncommon trap: reason=bimorphic_or_optimized_type_check action=maybe_recompile pc=0x0000016cd9bd7d54 method=java.util.regex.Pattern$Slice.match(Ljava/util/regex/Matcher;ILjava/lang/CharSequence;)Z @ 49 c2
Event: 10.367 Thread 0x0000016ccf3ea960 DEOPT PACKING pc=0x0000016cd9bd7d54 sp=0x0000005dfc2fdd90
Event: 10.367 Thread 0x0000016ccf3ea960 DEOPT UNPACKING pc=0x0000016cd92243a2 sp=0x0000005dfc2fdd18 mode 2
Event: 10.659 Thread 0x0000016ccf3ea960 DEOPT PACKING pc=0x0000016cd247bbf7 sp=0x0000005dfc2fdec0
Event: 10.659 Thread 0x0000016ccf3ea960 DEOPT UNPACKING pc=0x0000016cd9224b42 sp=0x0000005dfc2fd4f0 mode 0

Classes loaded (20 events):
Event: 10.015 Loading class sun/text/resources/BreakIteratorInfo
Event: 10.015 Loading class sun/text/resources/BreakIteratorInfo done
Event: 10.016 Loading class sun/text/resources/BreakIteratorResources
Event: 10.016 Loading class sun/util/resources/BreakIteratorResourceBundle
Event: 10.017 Loading class sun/util/resources/BreakIteratorResourceBundle done
Event: 10.017 Loading class sun/text/resources/BreakIteratorResources done
Event: 10.018 Loading class sun/text/resources/BreakIteratorResources_en
Event: 10.018 Loading class sun/text/resources/BreakIteratorResources_en done
Event: 10.021 Loading class sun/text/RuleBasedBreakIterator
Event: 10.021 Loading class sun/text/RuleBasedBreakIterator done
Event: 10.022 Loading class sun/text/CompactByteArray
Event: 10.022 Loading class sun/text/CompactByteArray done
Event: 10.023 Loading class sun/text/SupplementaryCharacterData
Event: 10.024 Loading class sun/text/SupplementaryCharacterData done
Event: 10.025 Loading class java/text/BreakIterator$BreakIteratorCache
Event: 10.025 Loading class java/text/BreakIterator$BreakIteratorCache done
Event: 10.026 Loading class java/text/StringCharacterIterator
Event: 10.026 Loading class java/text/CharacterIterator
Event: 10.026 Loading class java/text/CharacterIterator done
Event: 10.026 Loading class java/text/StringCharacterIterator done

Classes unloaded (0 events):
No events

Classes redefined (0 events):
No events

Internal exceptions (20 events):
Event: 1.035 Thread 0x0000016ccf3ea960 Exception <a 'java/lang/NullPointerException'{0x00000000838e0e28}> (0x00000000838e0e28) 
thrown [s\src\hotspot\share\interpreter\linkResolver.cpp, line 1372]
Event: 1.035 Thread 0x0000016ccf3ea960 Exception <a 'java/lang/NullPointerException'{0x00000000838e1108}> (0x00000000838e1108) 
thrown [s\src\hotspot\share\interpreter\linkResolver.cpp, line 1372]
Event: 1.035 Thread 0x0000016ccf3ea960 Exception <a 'java/lang/NullPointerException'{0x00000000838e13e8}> (0x00000000838e13e8) 
thrown [s\src\hotspot\share\interpreter\linkResolver.cpp, line 1372]
Event: 1.035 Thread 0x0000016ccf3ea960 Exception <a 'java/lang/NullPointerException'{0x00000000838e16c8}> (0x00000000838e16c8) 
thrown [s\src\hotspot\share\interpreter\linkResolver.cpp, line 1372]
Event: 1.563 Thread 0x0000016ccf3ea960 Exception <a 'java/lang/NoSuchMethodError'{0x0000000083059e38}: 'int java.lang.invoke.DirectMethodHandle$Holder.invokeSpecial(java.lang.Object, java.lang.Object, java.lang.Object)'> (0x0000000083059e38) 
thrown [s\src\hotspot\share\interpreter\linkResolver.cpp, line 773]
Event: 1.566 Thread 0x0000016ccf3ea960 Exception <a 'java/lang/NoSuchMethodError'{0x00000000830646f0}: 'void java.lang.invoke.DelegatingMethodHandle$Holder.reinvoke_L(java.lang.Object, java.lang.Object, int)'> (0x00000000830646f0) 
thrown [s\src\hotspot\share\interpreter\linkResolver.cpp, line 773]
Event: 1.567 Thread 0x0000016ccf3ea960 Exception <a 'java/lang/NoSuchMethodError'{0x000000008306b090}: 'int java.lang.invoke.Invokers$Holder.invokeExact_MT(java.lang.Object, java.lang.Object, java.lang.Object)'> (0x000000008306b090) 
thrown [s\src\hotspot\share\interpreter\linkResolver.cpp, line 773]
Event: 1.573 Thread 0x0000016ccf3ea960 Exception <a 'java/lang/NoSuchMethodError'{0x000000008307b9d0}: 'void java.lang.invoke.Invokers$Holder.invokeExact_MT(java.lang.Object, java.lang.Object, java.lang.Object, java.lang.Object)'> (0x000000008307b9d0) 
thrown [s\src\hotspot\share\interpreter\linkResolver.cpp, line 773]
Event: 1.664 Thread 0x0000016ccf3ea960 Exception <a 'java/lang/NoSuchMethodError'{0x0000000082fe2a70}: 'void java.lang.invoke.DirectMethodHandle$Holder.invokeVirtual(java.lang.Object, java.lang.Object)'> (0x0000000082fe2a70) 
thrown [s\src\hotspot\share\interpreter\linkResolver.cpp, line 773]
Event: 2.029 Thread 0x0000016ccf3ea960 Exception <a 'java/lang/NoSuchMethodError'{0x00000000829f20f0}: 'java.lang.Object java.lang.invoke.DirectMethodHandle$Holder.invokeStaticInit(java.lang.Object, java.lang.Object, java.lang.Object)'> (0x00000000829f20f0) 
thrown [s\src\hotspot\share\interpreter\linkResolver.cpp, line 773]
Event: 2.057 Thread 0x0000016ccf3ea960 Exception <a 'java/lang/NoClassDefFoundError'{0x0000000083f19cc0}: org/apache/logging/log4j/spi/LoggerAdapter> (0x0000000083f19cc0) 
thrown [s\src\hotspot\share\classfile\systemDictionary.cpp, line 301]
Event: 2.165 Thread 0x0000016ccf3ea960 Exception <a 'java/lang/ClassNotFoundException'{0x0000000083e95098}: com/sun/org/apache/xerces/internal/impl/xpath/regex/spi/messageProvider> (0x0000000083e95098) 
thrown [s\src\hotspot\share\classfile\systemDictionary.cpp, line 312]
Event: 2.679 Thread 0x0000016ccf3ea960 Exception <a 'java/lang/NoSuchMethodError'{0x00000000835c7d78}: 'java.lang.Object java.lang.invoke.DirectMethodHandle$Holder.invokeInterface(java.lang.Object, java.lang.Object)'> (0x00000000835c7d78) 
thrown [s\src\hotspot\share\interpreter\linkResolver.cpp, line 773]
Event: 2.679 Thread 0x0000016ccf3ea960 Exception <a 'java/lang/IncompatibleClassChangeError'{0x00000000835cb350}: Found class java.lang.Object, but interface was expected> (0x00000000835cb350) 
thrown [s\src\hotspot\share\interpreter\linkResolver.cpp, line 840]
Event: 3.110 Thread 0x0000016ccf3ea960 Exception <a 'java/lang/NoSuchMethodError'{0x0000000083f8cf48}: 'java.lang.Object java.lang.invoke.Invokers$Holder.invokeExact_MT(java.lang.Object, java.lang.Object, java.lang.Object, java.lang.Object, java.lang.Object, java.lang.Object)'> (0x0000000083f8cf48) 
thrown [s\src\hotspot\share\interpreter\linkResolver.cpp, line 773]
Event: 3.158 Thread 0x0000016ccf3ea960 Exception <a 'java/lang/NoSuchMethodError'{0x0000000083eb5820}: 'int java.lang.invoke.DirectMethodHandle$Holder.invokeVirtual(java.lang.Object, java.lang.Object, java.lang.Object)'> (0x0000000083eb5820) 
thrown [s\src\hotspot\share\interpreter\linkResolver.cpp, line 773]
Event: 3.233 Thread 0x0000016ccf3ea960 Exception <a 'java/lang/NoSuchMethodError'{0x0000000083b9a718}: 'void java.lang.invoke.DirectMethodHandle$Holder.invokeInterface(java.lang.Object, java.lang.Object, java.lang.Object)'> (0x0000000083b9a718) 
thrown [s\src\hotspot\share\interpreter\linkResolver.cpp, line 773]
Event: 3.314 Thread 0x0000016ccf3ea960 Exception <a 'java/lang/NoSuchMethodError'{0x0000000083a833a8}: 'java.lang.Object java.lang.invoke.DirectMethodHandle$Holder.invokeVirtual(java.lang.Object, java.lang.Object, java.lang.Object)'> (0x0000000083a833a8) 
thrown [s\src\hotspot\share\interpreter\linkResolver.cpp, line 773]
Event: 8.445 Thread 0x0000016ccf3ea960 Implicit null exception at 0x0000016cd9b0cc62 to 0x0000016cd9b0e508
Event: 9.285 Thread 0x0000016ccf3ea960 Implicit null exception at 0x0000016cd9ab0081 to 0x0000016cd9ab00b4

ZGC Phase Switch (0 events):
No events

VM Operations (20 events):
Event: 6.652 Executing safepoint VM operation: G1CollectForAllocation (G1 Evacuation Pause) done
Event: 7.254 Executing safepoint VM operation: G1CollectForAllocation (G1 Evacuation Pause)
Event: 7.272 Executing safepoint VM operation: G1CollectForAllocation (G1 Evacuation Pause) done
Event: 8.115 Executing safepoint VM operation: G1CollectForAllocation (G1 Evacuation Pause)
Event: 8.134 Executing safepoint VM operation: G1CollectForAllocation (G1 Evacuation Pause) done
Event: 8.479 Executing safepoint VM operation: G1CollectForAllocation (G1 Evacuation Pause)
Event: 8.506 Executing safepoint VM operation: G1CollectForAllocation (G1 Evacuation Pause) done
Event: 8.864 Executing safepoint VM operation: G1CollectForAllocation (G1 Evacuation Pause)
Event: 8.884 Executing safepoint VM operation: G1CollectForAllocation (G1 Evacuation Pause) done
Event: 9.322 Executing safepoint VM operation: G1TryInitiateConcMark (G1 Humongous Allocation)
Event: 9.340 Executing safepoint VM operation: G1TryInitiateConcMark (G1 Humongous Allocation) done
Event: 10.033 Executing safepoint VM operation: G1CollectForAllocation (G1 Evacuation Pause)
Event: 10.071 Executing safepoint VM operation: G1CollectForAllocation (G1 Evacuation Pause) done
Event: 10.268 Executing safepoint VM operation: G1CollectForAllocation (G1 Evacuation Pause)
Event: 10.318 Executing safepoint VM operation: G1CollectForAllocation (G1 Evacuation Pause) done
Event: 10.466 Executing safepoint VM operation: G1CollectForAllocation (G1 Evacuation Pause)
Event: 10.518 Executing safepoint VM operation: G1CollectForAllocation (G1 Evacuation Pause) done
Event: 10.590 Executing safepoint VM operation: G1PauseRemark
Event: 10.597 Executing safepoint VM operation: G1PauseRemark done
Event: 10.664 Executing safepoint VM operation: G1CollectForAllocation (G1 Evacuation Pause)

Memory protections (0 events):
No events

Nmethod flushes (20 events):
Event: 10.597 Thread 0x0000016ceb0426e0 flushing  nmethod 0x0000016cd1f35210
Event: 10.597 Thread 0x0000016ceb0426e0 flushing  nmethod 0x0000016cd1f35f90
Event: 10.597 Thread 0x0000016ceb0426e0 flushing  nmethod 0x0000016cd1f36a90
Event: 10.597 Thread 0x0000016ceb0426e0 flushing  nmethod 0x0000016cd1f37210
Event: 10.597 Thread 0x0000016ceb0426e0 flushing  nmethod 0x0000016cd1f39690
Event: 10.597 Thread 0x0000016ceb0426e0 flushing  nmethod 0x0000016cd1f9e690
Event: 10.597 Thread 0x0000016ceb0426e0 flushing  nmethod 0x0000016cd1fa2d90
Event: 10.597 Thread 0x0000016ceb0426e0 flushing  nmethod 0x0000016cd1fa9390
Event: 10.597 Thread 0x0000016ceb0426e0 flushing  nmethod 0x0000016cd1fe7590
Event: 10.597 Thread 0x0000016ceb0426e0 flushing  nmethod 0x0000016cd202a190
Event: 10.597 Thread 0x0000016ceb0426e0 flushing  nmethod 0x0000016cd202b110
Event: 10.597 Thread 0x0000016ceb0426e0 flushing  nmethod 0x0000016cd203e110
Event: 10.597 Thread 0x0000016ceb0426e0 flushing  nmethod 0x0000016cd203e690
Event: 10.597 Thread 0x0000016ceb0426e0 flushing  nmethod 0x0000016cd203f610
Event: 10.597 Thread 0x0000016ceb0426e0 flushing  nmethod 0x0000016cd2041b90
Event: 10.597 Thread 0x0000016ceb0426e0 flushing  nmethod 0x0000016cd204f610
Event: 10.597 Thread 0x0000016ceb0426e0 flushing  nmethod 0x0000016cd2050090
Event: 10.597 Thread 0x0000016ceb0426e0 flushing  nmethod 0x0000016cd2050910
Event: 10.597 Thread 0x0000016ceb0426e0 flushing  nmethod 0x0000016cd2051010
Event: 10.597 Thread 0x0000016ceb0426e0 flushing  nmethod 0x0000016cd2052610

Events (20 events):
Event: 1.700 Thread 0x0000016ceb0f9750 Thread added: 0x0000016cebddf540
Event: 2.888 Thread 0x0000016ceb0d5540 Thread added: 0x0000016cec1ec580
Event: 2.888 Thread 0x0000016ceb0d5540 Thread added: 0x0000016cec26f5a0
Event: 2.907 Thread 0x0000016ceb1ef6e0 Thread added: 0x0000016cec270060
Event: 2.914 Thread 0x0000016cebb2ff90 Thread added: 0x0000016cec793b00
Event: 2.926 Thread 0x0000016cebb2ff90 Thread added: 0x0000016cec4476b0
Event: 3.104 Thread 0x0000016cec4476b0 Thread exited: 0x0000016cec4476b0
Event: 3.108 Thread 0x0000016cec793b00 Thread exited: 0x0000016cec793b00
Event: 3.197 Thread 0x0000016cec1ec580 Thread added: 0x0000016ceca59a50
Event: 3.197 Thread 0x0000016cec1ec580 Thread added: 0x0000016cec70d100
Event: 3.198 Thread 0x0000016cec1ec580 Thread added: 0x0000016cec70d7b0
Event: 3.369 Thread 0x0000016cec70d7b0 Thread exited: 0x0000016cec70d7b0
Event: 3.410 Thread 0x0000016cec70d100 Thread exited: 0x0000016cec70d100
Event: 3.671 Thread 0x0000016ceb1ef6e0 Thread added: 0x0000016cec6e3420
Event: 3.671 Thread 0x0000016ceb1ef6e0 Thread added: 0x0000016ced01e9e0
Event: 3.672 Thread 0x0000016ceb1ef6e0 Thread added: 0x0000016ced01f090
Event: 10.322 Thread 0x0000016ced01f090 Thread exited: 0x0000016ced01f090
Event: 10.554 Thread 0x0000016ced01e9e0 Thread exited: 0x0000016ced01e9e0
Event: 10.554 Thread 0x0000016cec6e3420 Thread exited: 0x0000016cec6e3420
Event: 10.585 Thread 0x0000016ceca59a50 Thread exited: 0x0000016ceca59a50


Dynamic libraries:
0x00007ff6c1990000 - 0x00007ff6c199e000 	c:\Users\karti\.vscode\extensions\ltex-plus.vscode-ltex-plus-15.7.1\lib\ltex-ls-plus-18.7.0\jdk-21.0.10+7\bin\java.exe
0x00007ff89e8a0000 - 0x00007ff89eb06000 	C:\WINDOWS\SYSTEM32\ntdll.dll
0x00007ff89d6d0000 - 0x00007ff89d799000 	C:\WINDOWS\System32\KERNEL32.DLL
0x00007ff89c1e0000 - 0x00007ff89c5da000 	C:\WINDOWS\System32\KERNELBASE.dll
0x00007ff89bf60000 - 0x00007ff89c0ac000 	C:\WINDOWS\System32\ucrtbase.dll
0x00007ff887a60000 - 0x00007ff887a78000 	c:\Users\karti\.vscode\extensions\ltex-plus.vscode-ltex-plus-15.7.1\lib\ltex-ls-plus-18.7.0\jdk-21.0.10+7\bin\jli.dll
0x00007ff887770000 - 0x00007ff88778e000 	c:\Users\karti\.vscode\extensions\ltex-plus.vscode-ltex-plus-15.7.1\lib\ltex-ls-plus-18.7.0\jdk-21.0.10+7\bin\VCRUNTIME140.dll
0x00007ff89c670000 - 0x00007ff89c837000 	C:\WINDOWS\System32\USER32.dll
0x00007ff89c5e0000 - 0x00007ff89c607000 	C:\WINDOWS\System32\win32u.dll
0x00007ff89db20000 - 0x00007ff89db4b000 	C:\WINDOWS\System32\GDI32.dll
0x00007ff8775c0000 - 0x00007ff877852000 	C:\WINDOWS\WinSxS\amd64_microsoft.windows.common-controls_6595b64144ccf1df_6.0.26100.8521_none_3e08b75ce33403b3\COMCTL32.dll
0x00007ff89c0b0000 - 0x00007ff89c1db000 	C:\WINDOWS\System32\gdi32full.dll
0x00007ff89dbd0000 - 0x00007ff89dc79000 	C:\WINDOWS\System32\msvcrt.dll
0x00007ff89beb0000 - 0x00007ff89bf53000 	C:\WINDOWS\System32\msvcp_win.dll
0x00007ff89e660000 - 0x00007ff89e692000 	C:\WINDOWS\System32\IMM32.DLL
0x00007ff887c60000 - 0x00007ff887c6c000 	c:\Users\karti\.vscode\extensions\ltex-plus.vscode-ltex-plus-15.7.1\lib\ltex-ls-plus-18.7.0\jdk-21.0.10+7\bin\vcruntime140_1.dll
0x00007ff882370000 - 0x00007ff8823fd000 	c:\Users\karti\.vscode\extensions\ltex-plus.vscode-ltex-plus-15.7.1\lib\ltex-ls-plus-18.7.0\jdk-21.0.10+7\bin\msvcp140.dll
0x00007fffdc930000 - 0x00007fffdd6d1000 	c:\Users\karti\.vscode\extensions\ltex-plus.vscode-ltex-plus-15.7.1\lib\ltex-ls-plus-18.7.0\jdk-21.0.10+7\bin\server\jvm.dll
0x00007ff89d090000 - 0x00007ff89d146000 	C:\WINDOWS\System32\ADVAPI32.dll
0x00007ff89e6a0000 - 0x00007ff89e74a000 	C:\WINDOWS\System32\sechost.dll
0x00007ff89d7a0000 - 0x00007ff89d8b8000 	C:\WINDOWS\System32\RPCRT4.dll
0x00007ff89d8d0000 - 0x00007ff89d950000 	C:\WINDOWS\System32\WS2_32.dll
0x00007ff89b990000 - 0x00007ff89b9ee000 	C:\WINDOWS\SYSTEM32\POWRPROF.dll
0x00007ff88ff50000 - 0x00007ff88ff86000 	C:\WINDOWS\SYSTEM32\WINMM.dll
0x00007ff88fc10000 - 0x00007ff88fc1b000 	C:\WINDOWS\SYSTEM32\VERSION.dll
0x00007ff89b970000 - 0x00007ff89b984000 	C:\WINDOWS\SYSTEM32\UMPDC.dll
0x00007ff89a8c0000 - 0x00007ff89a8db000 	C:\WINDOWS\SYSTEM32\kernel.appcore.dll
0x00007ff887760000 - 0x00007ff88776a000 	c:\Users\karti\.vscode\extensions\ltex-plus.vscode-ltex-plus-15.7.1\lib\ltex-ls-plus-18.7.0\jdk-21.0.10+7\bin\jimage.dll
0x00007ff898c60000 - 0x00007ff898ea2000 	C:\WINDOWS\SYSTEM32\DBGHELP.DLL
0x00007ff89d340000 - 0x00007ff89d6c3000 	C:\WINDOWS\System32\combase.dll
0x00007ff89e780000 - 0x00007ff89e859000 	C:\WINDOWS\System32\OLEAUT32.dll
0x00007ff876c50000 - 0x00007ff876c8b000 	C:\WINDOWS\SYSTEM32\dbgcore.DLL
0x00007ff89be00000 - 0x00007ff89bea8000 	C:\WINDOWS\System32\bcryptPrimitives.dll
0x00007ff885df0000 - 0x00007ff885e10000 	c:\Users\karti\.vscode\extensions\ltex-plus.vscode-ltex-plus-15.7.1\lib\ltex-ls-plus-18.7.0\jdk-21.0.10+7\bin\java.dll
0x00007ff885dd0000 - 0x00007ff885de8000 	c:\Users\karti\.vscode\extensions\ltex-plus.vscode-ltex-plus-15.7.1\lib\ltex-ls-plus-18.7.0\jdk-21.0.10+7\bin\zip.dll
0x00007ff89dd20000 - 0x00007ff89e4a4000 	C:\WINDOWS\System32\SHELL32.dll
0x00007ff8996f0000 - 0x00007ff899f70000 	C:\WINDOWS\SYSTEM32\windows.storage.dll
0x00007ff89d960000 - 0x00007ff89da56000 	C:\WINDOWS\System32\SHCORE.dll
0x00007ff89dc90000 - 0x00007ff89dcf7000 	C:\WINDOWS\System32\shlwapi.dll
0x00007ff89ba50000 - 0x00007ff89ba79000 	C:\WINDOWS\SYSTEM32\profapi.dll
0x00007ff84e180000 - 0x00007ff84e257000 	c:\Users\karti\.vscode\extensions\ltex-plus.vscode-ltex-plus-15.7.1\lib\ltex-ls-plus-18.7.0\jdk-21.0.10+7\bin\jsvml.dll
0x00007ff887470000 - 0x00007ff887480000 	C:\Users\karti\.vscode\extensions\ltex-plus.vscode-ltex-plus-15.7.1\lib\ltex-ls-plus-18.7.0\jdk-21.0.10+7\bin\net.dll
0x00007ff88abd0000 - 0x00007ff88acf9000 	C:\WINDOWS\SYSTEM32\WINHTTP.dll
0x00007ff89ae30000 - 0x00007ff89ae9c000 	C:\WINDOWS\system32\mswsock.dll
0x00007ff885b90000 - 0x00007ff885ba6000 	C:\Users\karti\.vscode\extensions\ltex-plus.vscode-ltex-plus-15.7.1\lib\ltex-ls-plus-18.7.0\jdk-21.0.10+7\bin\nio.dll
0x00007ff8850b0000 - 0x00007ff8850d4000 	C:\Users\karti\AppData\Local\Temp\jansi-2.4.3-8172d459513c0747-jansi.dll
0x00007ff885d20000 - 0x00007ff885d30000 	c:\Users\karti\.vscode\extensions\ltex-plus.vscode-ltex-plus-15.7.1\lib\ltex-ls-plus-18.7.0\jdk-21.0.10+7\bin\verify.dll

JVMTI agents: none

dbghelp: loaded successfully - version: 4.0.5 - missing functions: none
symbol engine: initialized successfully - sym options: 0x614 - pdb path: .;c:\Users\karti\.vscode\extensions\ltex-plus.vscode-ltex-plus-15.7.1\lib\ltex-ls-plus-18.7.0\jdk-21.0.10+7\bin;C:\WINDOWS\SYSTEM32;C:\WINDOWS\WinSxS\amd64_microsoft.windows.common-controls_6595b64144ccf1df_6.0.26100.8521_none_3e08b75ce33403b3;c:\Users\karti\.vscode\extensions\ltex-plus.vscode-ltex-plus-15.7.1\lib\ltex-ls-plus-18.7.0\jdk-21.0.10+7\bin\server;C:\Users\karti\AppData\Local\Temp

VM Arguments:
jvm_args: -Xms64m -Xmx2048m -Dapp.name=ltex-ls-plus -Dapp.repo=c:\Users\karti\.vscode\extensions\ltex-plus.vscode-ltex-plus-15.7.1\lib\ltex-ls-plus-18.7.0\lib -Dapp.home=c:\Users\karti\.vscode\extensions\ltex-plus.vscode-ltex-plus-15.7.1\lib\ltex-ls-plus-18.7.0 -Dbasedir=c:\Users\karti\.vscode\extensions\ltex-plus.vscode-ltex-plus-15.7.1\lib\ltex-ls-plus-18.7.0 
java_command: org.bsplines.ltexls.LtexLanguageServerLauncher
java_class_path (initial): c:\Users\karti\.vscode\extensions\ltex-plus.vscode-ltex-plus-15.7.1\lib\ltex-ls-plus-18.7.0\etc;c:\Users\karti\.vscode\extensions\ltex-plus.vscode-ltex-plus-15.7.1\lib\ltex-ls-plus-18.7.0\lib\aho-corasick-double-array-trie-1.2.2.jar;c:\Users\karti\.vscode\extensions\ltex-plus.vscode-ltex-plus-15.7.1\lib\ltex-ls-plus-18.7.0\lib\angus-activation-2.0.2.jar;c:\Users\karti\.vscode\extensions\ltex-plus.vscode-ltex-plus-15.7.1\lib\ltex-ls-plus-18.7.0\lib\animal-sniffer-annotations-1.24.jar;c:\Users\karti\.vscode\extensions\ltex-plus.vscode-ltex-plus-15.7.1\lib\ltex-ls-plus-18.7.0\lib\annotations-12.0.jar;c:\Users\karti\.vscode\extensions\ltex-plus.vscode-ltex-plus-15.7.1\lib\ltex-ls-plus-18.7.0\lib\annotations-13.0.jar;c:\Users\karti\.vscode\extensions\ltex-plus.vscode-ltex-plus-15.7.1\lib\ltex-ls-plus-18.7.0\lib\annotations-4.1.1.4.jar;c:\Users\karti\.vscode\extensions\ltex-plus.vscode-ltex-plus-15.7.1\lib\ltex-ls-plus-18.7.0\lib\asturian-pos-dict-0.1.jar;c:\Users\karti\.vscode\extensions\ltex-plus.vscode-ltex-plus-15.7.1\lib\ltex-ls-plus-18.7.0\lib\catalan-pos-dict-3.3.jar;c:\Users\karti\.vscode\extensions\ltex-plus.vscode-ltex-plus-15.7.1\lib\ltex-ls-plus-18.7.0\lib\commons-digester-2.1.jar;c:\Users\karti\.vscode\extensions\ltex-plus.vscode-ltex-plus-15.7.1\lib\ltex-ls-plus-18.7.0\lib\commons-lang3-3.18.0.jar;c:\Users\karti\.vscode\extensions\ltex-plus.vscode-ltex-plus-15.7.1\lib\ltex-ls-plus-18.7.0\lib\commons-logging-1.3.4.jar;c:\Users\karti\.vscode\extensions\ltex-plus.vscode-ltex-plus-15.7.1\lib\ltex-ls-plus-18.7.0\lib\commons-pool2-2.12.0.jar;c:\Users\karti\.vscode\extensions\ltex-plus.vscode-ltex-plus-15.7.1\lib\ltex-ls-plus-18.7.0\lib\commons-text-1.12.0.jar;c:\Users\karti\.vscode\extensions\ltex-plus.vscode-ltex-plus-15.7.1\lib\ltex-ls-plus-18.7.0\lib\commons-validator-1.9.0.jar;c:\Users\karti\.vscode\extensions\ltex-plus.vscode-ltex-plus-15.7.1\lib\ltex-ls-plus-18.7.0\lib\dutch-pos-dict-0.1.jar;c:\Users\karti\.vscode\extensions\ltex-plus.vscode-ltex-plus-15.7.1\lib\ltex-ls-plus-18.7.0\lib\english-pos-dict-0.6.jar;c:\Users\karti\.vscode\extensions\ltex-plus.vscode-ltex-plus-15.7.1\lib\ltex-ls-plus-18.7.0\lib\error_prone_annotations-2.48.0.jar;c:\Users\karti\.vscode\extensions\ltex-plus.vscode-ltex-plus-15.7.1\lib\ltex-ls-plus-18.7.0\lib\failureaccess-1.0.3.jar;c:\Users\karti\.vscode\extensions\ltex-plus.vscode-ltex-plus-15.7.1\lib\ltex-ls-plus-18.7.0\lib\fastutil-core-8.5.14.jar;c:\Users\karti\.vscode\extensions\ltex-plus.vscode-ltex-plus-15.7.1\lib\ltex-ls-plus-18.7.0\lib\flexmark-0.64.8.jar;c:\Users\karti\.vscode\extensions\ltex-plus.vscode-ltex-plus-15.7.1\lib\ltex-ls-plus-18.7.0\lib\flexmark-ext-definition-0.64.8.jar;c:\Users\karti\.vscode\extensions\ltex-plus.vscode-ltex-plus-15.7.1\lib\ltex-ls-plus-18.7.0\lib\flexmark-ext-gfm-strikethrough-0.64.8.jar;c:\Users\karti\.vscode\extensions\ltex-plus.vscode-ltex-plus-15.7.1\lib\ltex-ls-plus-18.7.0\lib\flexmark-ext-gitlab-0.64.8.jar;c:\Users\karti\.vscode\extensions\ltex-plus.vscode-ltex-plus-15.7.1\lib\ltex-ls-plus-18.7.0\lib\flexmark-ext-tables-0.64.8.jar;c:\Users\karti\.vscode\extensions\ltex-plus.vscode-ltex-plus-15.7.1\lib\ltex-ls-plus-18.7.0\lib\flexmark-ext-yaml-front-matter-0.64.8.jar;c:\Users\karti\.vscode\extensions\ltex-plus.vscode-ltex-plus-15.7.1\lib\ltex-ls-plus-18.7.0\lib\flexmark-test-util-0.64.8.jar;c:\Users\karti\.vscode\extensions\ltex-plus.vscode-ltex-plus-15.7.1\lib\ltex-ls-plus-18.7.0\lib\flexmark-util-0.64.8.jar;c:\Users\karti\.vscode\extensions\ltex-plus.vscode-ltex-plus-15.7.1\lib\ltex-ls-plus-18.7.0\lib\flexmark-util-ast-0.64.8.jar;c:\Users\karti\.vscode\extensions\ltex-plus.vscode-ltex-plus-15.7.1\lib\ltex-ls-plus-18.7.0\lib\flexmark-util-builder-0.64.8.jar;c:\Users\karti\.vscode\extensions\ltex-plus.vscode-ltex-plus-15.7.1\lib\ltex-ls-plus-18.7.0\lib\flexmark-util-collection-0.64.8.jar;c:\Users\karti\.vscode\extensions\ltex-plus.vscode-ltex-plus-15.7.1\lib\ltex-ls-plus-18.7.0\lib\flexmark-util-data-0.64.8.jar;c:\Users\karti\.vscode\extensions\ltex-plus.vscode-ltex-plus-15.7.1\lib\ltex-ls-plus-18.7.0\lib\flexmark-util-dependency-0.64.8.jar;c:\Users\karti\.vscode\extensions\ltex-plus.vscode-ltex-plus-15.7.1\lib\ltex-ls-plus-18.7.0\lib\flexmark-util-format-0.64.8.jar;c:\Users\karti\.vscode\extensions\ltex-plus.vscode-ltex-plus-15.7.1\lib\ltex-ls-plus-18.7.0\lib\flexmark-util-html-0.64.8.jar;c:\Users\karti\.vscode\extensions\ltex-plus.vscode-ltex-plus-15.7.1\lib\ltex-ls-plus-18.7.0\lib\flexmark-util-misc-0.64.8.jar;c:\Users\karti\.vscode\extensions\ltex-plus.vscode-ltex-plus-15.7.1\lib\ltex-ls-plus-18.7.0\lib\flexmark-util-options-0.64.8.jar;c:\Users\karti\.vscode\extensions\ltex-plus.vscode-ltex-plus-15.7.1\lib\ltex-ls-plus-18.7.0\lib\flexmark-util-sequence-0.64.8.jar;c:\Users\karti\.vscode\extensions\ltex-plus.vscode-ltex-plus-15.7.1\lib\ltex-ls-plus-18.7.0\lib\flexmark-util-visitor-0.64.8.jar;c:\Users\karti\.vscode\extensions\ltex-plus.vscode-ltex-plus-15.7.1\lib\ltex-ls-plus-18.7.0\lib\french-pos-dict-0.7.jar;c:\Users\karti\.vscode\extensions\ltex-plus.vscode-ltex-plus-15.7.1\lib\ltex-ls-plus-18.7.0\lib\german-pos-dict-1.2.4.jar;c:\Users\karti\.vscode\extensions\ltex-plus.vscode-ltex-plus-15.7.1\lib\ltex-ls-plus-18.7.0\lib\grpc-api-1.75.0.jar;c:\Users\karti\.vscode\extensions\ltex-plus.vscode-ltex-plus-15.7.1\lib\ltex-ls-plus-18.7.0\lib\grpc-context-1.75.0.jar;c:\Users\karti\.vscode\extensions\ltex-plus.vscode-ltex-plus-15.7.1\lib\ltex-ls-plus-18.7.0\lib\grpc-core-1.75.0.jar;c:\Users\karti\.vscode\extensions\ltex-plus.vscode-ltex-plus-15.7.1\lib\ltex-ls-plus-18.7.0\lib\grpc-netty-shaded-1.75.0.jar;c:\Users\karti\.vscode\extensions\ltex-plus.vscode-ltex-plus-15.7.1\lib\ltex-ls-plus-18.7.0\lib\grpc-protobuf-1.75.0.jar;c:\Users\karti\.vscode\extensions\ltex-plus.vscode-ltex-plus-15.7.1\lib\ltex-ls-plus-18.7.0\lib\grpc-protobuf-lite-1.75.0.jar;c:\Users\karti\.vscode\extensions\ltex-plus.vscode-ltex-plus-15.7.1\lib\ltex-ls-plus-18.7.0\lib\grpc-stub-1.75.0.jar;c:\Users\karti\.vscode\extensions\ltex-plus.vscode-ltex-plus-15.7.1\lib\ltex-ls-plus-18.7.0\lib\grpc-util-1.75.0.jar;c:\Users\karti\.vscode\extensions\ltex-plus.vscode-ltex-plus-15.7.1\lib\ltex-ls-plus-18.7.0\lib\gson-2.14.0.jar;c:\Users\karti\.vscode\extensions\ltex-plus.vscode-ltex-plus-15.7.1\lib\ltex-ls-plus-18.7.0\lib\guava-33.5.0-jre.jar;c:\Users\karti\.vscode\extensions\ltex-plus.vscode-ltex-plus-15.7.1\lib\ltex-ls-plus-18.7.0\lib\hamcrest-core-1.3.jar;c:\Users\karti\.vscode\extensions\ltex-plus.vscode-ltex-plus-15.7.1\lib\ltex-ls-plus-18.7.0\lib\hanlp-portable-1.8.2.jar;c:\Users\karti\.vscode\extensions\ltex-plus.vscode-ltex-plus-15.7.1\lib\ltex-ls-plus-18.7.0\lib\HdrHistogram-2.1.12.jar;c:\Users\karti\.vscode\extensions\ltex-plus.vscode-ltex-plus-15.7.1\lib\ltex-ls-plus-18.7.0\lib\hppc-0.8.2.jar;c:\Users\karti\.vscode\extensions\ltex-plus.vscode-ltex-plus-15.7.1\lib\ltex-ls-plus-18.7.0\lib\hunspell-2.1.2.jar;c:\Users\karti\.vscode\extensions\ltex-plus.vscode-ltex-plus-15.7.1\lib\ltex-ls-plus-18.7.0\lib\icu4j-77.1.jar;c:\Users\karti\.vscode\extensions\ltex-plus.vscode-ltex-plus-15.7.1\lib\ltex-ls-plus-18.7.0\lib\indriya-1.3.jar;c:\Users\karti\.vscode\extensions\ltex-plus.vscode-ltex-plus-15.7.1\lib\ltex-ls-plus-18.7.0\lib\istack-commons-runtime-4.1.2.jar;c:\Users\karti\.vscode\extensions\ltex-plus.vscode-ltex-plus-15.7.1\lib\ltex-ls-plus-18.7.0\lib\j2objc-annotations-3.1.jar;c:\Users\karti\.vscode\extensions\ltex-plus.vscode-ltex-plus-15.7.1\lib\ltex-ls-plus-18.7.0\lib\jackson-annotations-2.18.0.jar;c:\Users\karti\.vscode\extensions\ltex-plus.vscode-ltex-plus-15.7.1\lib\ltex-ls-plus-18.7.0\lib\jackson-core-2.18.0.jar;c:\Users\karti\.vscode\extensions\ltex-plus.vscode-ltex-plus-15.7.1\lib\ltex-ls-plus-18.7.0\lib\jackson-databind-2.18.0.jar;c:\Users\karti\.vscode\extensions\ltex-plus.vscode-ltex-plus-15.7.1\lib\ltex-ls-plus-18.7.0\lib\jakarta.activation-1.2.2.jar;c:\Users\karti\.vscode\extensions\ltex-plus.vscode-ltex-plus-15.7.1\lib\ltex-ls-plus-18.7.0\lib\jakarta.activation-api-2.1.3.jar;c:\Users\karti\.vscode\extensions\ltex-plus.vscode-ltex-plus-15.7.1\lib\ltex-ls-plus-18.7.0\lib\jakarta.xml.bind-api-2.3.3.jar;c:\Users\karti\.vscode\extensions\ltex-plus.vscode-ltex-plus-15.7.1\lib\ltex-ls-plus-18.7.0\lib\jansi-2.4.3.jar;c:\Users\karti\.vscode\extensions\ltex-plus.vscode-ltex-plus-15.7.1\lib\ltex-ls-plus-18.7.0\lib\java-diff-utils-4.12.jar;c:\Users\karti\.vscode\extensions\ltex-plus.vscode-ltex-plus-15.7.1\lib\ltex-ls-plus-18.7.0\lib\javax.activation-api-1.2.0.jar;c:\Users\karti\.vscode\extensions\ltex-plus.vscode-ltex-plus-15.7.1\lib\ltex-ls-plus-18.7.0\lib\javax.annotation-api-1.3.2.jar;c:\Users\karti\.vscode\extensions\ltex-plus.vscode-ltex-plus-15.7.1\lib\ltex-ls-plus-18.7.0\lib\jaxb-api-2.3.1.jar;c:\Users\karti\.vscode\extensions\ltex-plus.vscode-ltex-plus-15.7.1\lib\ltex-ls-plus-18.7.0\lib\jaxb-core-2.3.0.1.jar;c:\Users\karti\.vscode\extensions\ltex-plus.vscode-ltex-plus-15.7.1\lib\ltex-ls-plus-18.7.0\lib\jaxb-core-4.0.5.jar;c:\Users\karti\.vscode\extensions\ltex-plus.vscode-ltex-plus-15.7.1\lib\ltex-ls-plus-18.7.0\lib\jaxb-impl-2.3.3.jar;c:\Users\karti\.vscode\extensions\ltex-plus.vscode-ltex-plus-15.7.1\lib\ltex-ls-plus-18.7.0\lib\jaxb-runtime-4.0.5.jar;c:\Users\karti\.vscode\extensions\ltex-plus.vscode-ltex-plus-15.7.1\lib\ltex-ls-plus-18.7.0\lib\jna-5.12.1.jar;c:\Users\karti\.vscode\extensions\ltex-plus.vscode-ltex-plus-15.7.1\lib\ltex-ls-plus-18.7.0\lib\jna-platform-5.12.1.jar;c:\Users\karti\.vscode\extensions\ltex-plus.vscode-ltex-plus-15.7.1\lib\ltex-ls-plus-18.7.0\lib\json-20240303.jar;c:\Users\karti\.vscode\extensions\ltex-plus.vscode-ltex-plus-15.7.1\lib\ltex-ls-plus-18.7.0\lib\jsonic-1.2.11.jar;c:\Users\karti\.vscode\extensions\ltex-plus.vscode-ltex-plus-15.7.1\lib\ltex-ls-plus-18.7.0\lib\jspecify-1.0.0.jar;c:\Users\karti\.vscode\extensions\ltex-plus.vscode-ltex-plus-15.7.1\lib\ltex-ls-plus-18.7.0\lib\jsr305-3.0.2.jar;c:\Users\karti\.vscode\extensions\ltex-plus.vscode-ltex-plus-15.7.1\lib\ltex-ls-plus-18.7.0\lib\junit-4.13.2.jar;c:\Users\karti\.vscode\extensions\ltex-plus.vscode-ltex-plus-15.7.1\lib\ltex-ls-plus-18.7.0\lib\jwordsplitter-4.7.jar;c:\Users\karti\.vscode\extensions\ltex-plus.vscode-ltex-plus-15.7.1\lib\ltex-ls-plus-18.7.0\lib\kotlin-stdlib-2.3.21.jar;c:\Users\karti\.vscode\extensions\ltex-plus.vscode-ltex-plus-15.7.1\lib\ltex-ls-plus-18.7.0\lib\language-all-6.8.jar;c:\Users\karti\.vscode\extensions\ltex-plus.vscode-ltex-plus-15.7.1\lib\ltex-ls-plus-18.7.0\lib\language-ar-6.8.jar;c:\Users\karti\.vscode\extensions\ltex-plus.vscode-ltex-plus-15.7.1\lib\ltex-ls-plus-18.7.0\lib\language-ast-6.8.jar;c:\Users\karti\.vscode\extensions\ltex-plus.vscode-ltex-plus-15.7.1\lib\ltex-ls-plus-18.7.0\lib\language-be-6.8.jar;c:\Users\karti\.vscode\extensions\ltex-plus.vscode-ltex-plus-15.7.1\lib\ltex-ls-plus-18.7.0\lib\language-br-6.8.jar;c:\Users\karti\.vscode\extensions\ltex-plus.vscode-ltex-plus-15.7.1\lib\ltex-ls-plus-18.7.0\lib\language-ca-6.8.jar;c:\Users\karti\.vscode\extensions\ltex-plus.vscode-ltex-plus-15.7.1\lib\ltex-ls-plus-18.7.0\lib\language-crh-6.8.jar;c:\Users\karti\.vscode\extensions\ltex-plus.vscode-ltex-plus-15.7.1\lib\ltex-ls-plus-18.7.0\lib\language-da-6.8.jar;c:\Users\karti\.vscode\extensions\ltex-plus.vscode-ltex-plus-15.7.1\lib\ltex-ls-plus-18.7.0\lib\language-de-6.8.jar;c:\Users\karti\.vscode\extensions\ltex-plus.vscode-ltex-plus-15.7.1\lib\ltex-ls-plus-18.7.0\lib\language-de-DE-x-simple-language-6.8.jar;c:\Users\karti\.vscode\extensions\ltex-plus.vscode-ltex-plus-15.7.1\lib\ltex-ls-plus-18.7.0\lib\language-detector-0.6.jar;c:\Users\karti\.vscode\extensions\ltex-plus.vscode-ltex-plus-15.7.1\lib\ltex-ls-plus-18.7.0\lib\language-el-6.8.jar;c:\Users\karti\.vscode\extensions\ltex-plus.vscode-ltex-plus-15.7.1\lib\ltex-ls-plus-18.7.0\lib\language-en-6.8.jar;c:\Users\karti\.vscode\extensions\ltex-plus.vscode-ltex-plus-15.7.1\lib\ltex-ls-plus-18.7.0\lib\language-eo-6.8.jar;c:\Users\karti\.vscode\extensions\ltex-plus.vscode-ltex-plus-15.7.1\lib\ltex-ls-plus-18.7.0\lib\language-es-6.8.jar;c:\Users\karti\.vscode\extensions\ltex-plus.vscode-ltex-plus-15.7.1\lib\ltex-ls-plus-18.7.0\lib\language-fa-6.8.jar;c:\Users\karti\.vscode\extensions\ltex-plus.vscode-ltex-plus-15.7.1\lib\ltex-ls-plus-18.7.0\lib\language-fr-6.8.jar;c:\Users\karti\.vscode\extensions\ltex-plus.vscode-ltex-plus-15.7.1\lib\ltex-ls-plus-18.7.0\lib\language-ga-6.8.jar;c:\Users\karti\.vscode\extensions\ltex-plus.vscode-ltex-plus-15.7.1\lib\ltex-ls-plus-18.7.0\lib\language-gl-6.8.jar;c:\Users\karti\.vscode\extensions\ltex-plus.vscode-ltex-plus-15.7.1\lib\ltex-ls-plus-18.7.0\lib\language-it-6.8.jar;c:\Users\karti\.vscode\extensions\ltex-plus.vscode-ltex-plus-15.7.1\lib\ltex-ls-plus-18.7.0\lib\language-ja-6.8.jar;c:\Users\karti\.vscode\extensions\ltex-plus.vscode-ltex-plus-15.7.1\lib\ltex-ls-plus-18.7.0\lib\language-km-6.8.jar;c:\Users\karti\.vscode\extensions\ltex-plus.vscode-ltex-plus-15.7.1\lib\ltex-ls-plus-18.7.0\lib\language-nl-6.8.jar;c:\Users\karti\.vscode\extensions\ltex-plus.vscode-ltex-plus-15.7.1\lib\ltex-ls-plus-18.7.0\lib\language-pl-6.8.jar;c:\Users\karti\.vscode\extensions\ltex-plus.vscode-ltex-plus-15.7.1\lib\ltex-ls-plus-18.7.0\lib\language-pt-6.8.jar;c:\Users\karti\.vscode\extensions\ltex-plus.vscode-ltex-plus-15.7.1\lib\ltex-ls-plus-18.7.0\lib\language-ro-6.8.jar;c:\Users\karti\.vscode\extensions\ltex-plus.vscode-ltex-plus-15.7.1\lib\ltex-ls-plus-18.7.0\lib\language-ru-6.8.jar;c:\Users\karti\.vscode\extensions\ltex-plus.vscode-ltex-plus-15.7.1\lib\ltex-ls-plus-18.7.0\lib\language-sk-6.8.jar;c:\Users\karti\.vscode\extensions\ltex-plus.vscode-ltex-plus-15.7.1\lib\ltex-ls-plus-18.7.0\lib\language-sl-6.8.jar;c:\Users\karti\.vscode\extensions\ltex-plus.vscode-ltex-plus-15.7.1\lib\ltex-ls-plus-18.7.0\lib\language-sv-6.8.jar;c:\Users\karti\.vscode\extensions\ltex-plus.vscode-ltex-plus-15.7.1\lib\ltex-ls-plus-18.7.0\lib\language-ta-6.8.jar;c:\Users\karti\.vscode\extensions\ltex-plus.vscode-ltex-plus-15.7.1\lib\ltex-ls-plus-18.7.0\lib\language-tl-6.8.jar;c:\Users\karti\.vscode\extensions\ltex-plus.vscode-ltex-plus-15.7.1\lib\ltex-ls-plus-18.7.0\lib\language-uk-6.8.jar;c:\Users\karti\.vscode\extensions\ltex-plus.vscode-ltex-plus-15.7.1\lib\ltex-ls-plus-18.7.0\lib\language-zh-6.8.jar;c:\Users\karti\.vscode\extensions\ltex-plus.vscode-ltex-plus-15.7.1\lib\ltex-ls-plus-18.7.0\lib\languagetool-core-6.8.jar;c:\Users\karti\.vscode\extensions\ltex-plus.vscode-ltex-plus-15.7.1\lib\ltex-ls-plus-18.7.0\lib\languagetool-ga-dicts-0.02.jar;c:\Users\karti\.vscode\extensions\ltex-plus.vscode-ltex-plus-15.7.1\lib\ltex-ls-plus-18.7.0\lib\LatencyUtils-2.0.3.jar;c:\Users\karti\.vscode\extensions\ltex-plus.vscode-ltex-plus-15.7.1\lib\ltex-ls-plus-18.7.0\lib\linguistics.grammardb.spell.languagetool-1.0.2.jar;c:\Users\karti\.vscode\extensions\ltex-plus.vscode-ltex-plus-15.7.1\lib\ltex-ls-plus-18.7.0\lib\listenablefuture-9999.0-empty-to-avoid-conflict-with-guava.jar;c:\Users\karti\.vscode\extensions\ltex-plus.vscode-ltex-plus-15.7.1\lib\ltex-ls-plus-18.7.0\lib\lspcli-2.3.0.jar;c:\Users\karti\.vscode\extensions\ltex-plus.vscode-ltex-plus-15.7.1\lib\ltex-ls-plus-18.7.0\lib\ltexls-plus-18.7.0.jar;c:\Users\karti\.vscode\extensions\ltex-plus.vscode-ltex-plus-15.7.1\lib\ltex-ls-plus-18.7.0\lib\lucene-backward-codecs-5.5.5.jar;c:\Users\karti\.vscode\extensions\ltex-plus.vscode-ltex-plus-15.7.1\lib\ltex-ls-plus-18.7.0\lib\lucene-core-5.5.5.jar;c:\Users\karti\.vscode\extensions\ltex-plus.vscode-ltex-plus-15.7.1\lib\ltex-ls-plus-18.7.0\lib\lucene-gosen-6.2.1-ipadic.jar;c:\Users\karti\.vscode\extensions\ltex-plus.vscode-ltex-plus-15.7.1\lib\ltex-ls-plus-18.7.0\lib\micrometer-core-1.7.12.jar;c:\Users\karti\.vscode\extensions\ltex-plus.vscode-ltex-plus-15.7.1\lib\ltex-ls-plus-18.7.0\lib\micrometer-registry-prometheus-1.7.12.jar;c:\Users\karti\.vscode\extensions\ltex-plus.vscode-ltex-plus-15.7.1\lib\ltex-ls-plus-18.7.0\lib\morfologik-crh-lt-1.0.1.jar;c:\Users\karti\.vscode\extensions\ltex-plus.vscode-ltex-plus-15.7.1\lib\ltex-ls-plus-18.7.0\lib\morfologik-fsa-2.1.9.jar;c:\Users\karti\.vscode\extensions\ltex-plus.vscode-ltex-plus-15.7.1\lib\ltex-ls-plus-18.7.0\lib\morfologik-fsa-builders-2.1.9.jar;c:\Users\karti\.vscode\extensions\ltex-plus.vscode-ltex-plus-15.7.1\lib\ltex-ls-plus-18.7.0\lib\morfologik-speller-2.1.9.jar;c:\Users\karti\.vscode\extensions\ltex-plus.vscode-ltex-plus-15.7.1\lib\ltex-ls-plus-18.7.0\lib\morfologik-stemming-2.1.9.jar;c:\Users\karti\.vscode\extensions\ltex-plus.vscode-ltex-plus-15.7.1\lib\ltex-ls-plus-18.7.0\lib\morfologik-ukrainian-lt-6.8.0.jar;c:\Users\karti\.vscode\extensions\ltex-plus.vscode-ltex-plus-15.7.1\lib\ltex-ls-plus-18.7.0\lib\morphology-el-1.0.0.jar;c:\Users\karti\.vscode\extensions\ltex-plus.vscode-ltex-plus-15.7.1\lib\ltex-ls-plus-18.7.0\lib\opennlp-chunk-models-1.5.jar;c:\Users\karti\.vscode\extensions\ltex-plus.vscode-ltex-plus-15.7.1\lib\ltex-ls-plus-18.7.0\lib\opennlp-postag-models-1.5.jar;c:\Users\karti\.vscode\extensions\ltex-plus.vscode-ltex-plus-15.7.1\lib\ltex-ls-plus-18.7.0\lib\opennlp-tokenize-models-1.5.jar;c:\Users\karti\.vscode\extensions\ltex-plus.vscode-ltex-plus-15.7.1\lib\ltex-ls-plus-18.7.0\lib\opennlp-tools-1.9.4.jar;c:\Users\karti\.vscode\extensions\ltex-plus.vscode-ltex-plus-15.7.1\lib\ltex-ls-plus-18.7.0\lib\openregex-1.1.1.jar;c:\Users\karti\.vscode\extensions\ltex-plus.vscode-ltex-plus-15.7.1\lib\ltex-ls-plus-18.7.0\lib\opentelemetry-api-1.42.1.jar;c:\Users\karti\.vscode\extensions\ltex-plus.vscode-ltex-plus-15.7.1\lib\ltex-ls-plus-18.7.0\lib\opentelemetry-context-1.42.1.jar;c:\Users\karti\.vscode\extensions\ltex-plus.vscode-ltex-plus-15.7.1\lib\ltex-ls-plus-18.7.0\lib\opentelemetry-semconv-1.30.1-alpha.jar;c:\Users\karti\.vscode\extensions\ltex-plus.vscode-ltex-plus-15.7.1\lib\ltex-ls-plus-18.7.0\lib\org.eclipse.lsp4j-0.24.0.jar;c:\Users\karti\.vscode\extensions\ltex-plus.vscode-ltex-plus-15.7.1\lib\ltex-ls-plus-18.7.0\lib\org.eclipse.lsp4j.jsonrpc-0.24.0.jar;c:\Users\karti\.vscode\extensions\ltex-plus.vscode-ltex-plus-15.7.1\lib\ltex-ls-plus-18.7.0\lib\perfmark-api-0.27.0.jar;c:\Users\karti\.vscode\extensions\ltex-plus.vscode-ltex-plus-15.7.1\lib\ltex-ls-plus-18.7.0\lib\picocli-4.7.7.jar;c:\Users\karti\.vscode\extensions\ltex-plus.vscode-ltex-plus-15.7.1\lib\ltex-ls-plus-18.7.0\lib\portuguese-pos-dict-1.2.0.jar;c:\Users\karti\.vscode\extensions\ltex-plus.vscode-ltex-plus-15.7.1\lib\ltex-ls-plus-18.7.0\lib\proto-google-common-protos-2.59.2.jar;c:\Users\karti\.vscode\extensions\ltex-plus.vscode-ltex-plus-15.7.1\lib\ltex-ls-plus-18.7.0\lib\protobuf-java-3.25.8.jar;c:\Users\karti\.vscode\extensions\ltex-plus.vscode-ltex-plus-15.7.1\lib\ltex-ls-plus-18.7.0\lib\resilience4j-circuitbreaker-1.7.1.jar;c:\Users\karti\.vscode\extensions\ltex-plus.vscode-ltex-plus-15.7.1\lib\ltex-ls-plus-18.7.0\lib\resilience4j-core-1.7.1.jar;c:\Users\karti\.vscode\extensions\ltex-plus.vscode-ltex-plus-15.7.1\lib\ltex-ls-plus-18.7.0\lib\resilience4j-micrometer-1.7.1.jar;c:\Users\karti\.vscode\extensions\ltex-plus.vscode-ltex-plus-15.7.1\lib\ltex-ls-plus-18.7.0\lib\segment-2.0.3.jar;c:\Users\karti\.vscode\extensions\ltex-plus.vscode-ltex-plus-15.7.1\lib\ltex-ls-plus-18.7.0\lib\simpleclient-0.16.0.jar;c:\Users\karti\.vscode\extensions\ltex-plus.vscode-ltex-plus-15.7.1\lib\ltex-ls-plus-18.7.0\lib\simpleclient_common-0.10.0.jar;c:\Users\karti\.vscode\extensions\ltex-plus.vscode-ltex-plus-15.7.1\lib\ltex-ls-plus-18.7.0\lib\simpleclient_guava-0.16.0.jar;c:\Users\karti\.vscode\extensions\ltex-plus.vscode-ltex-plus-15.7.1\lib\ltex-ls-plus-18.7.0\lib\simpleclient_tracer_common-0.16.0.jar;c:\Users\karti\.vscode\extensions\ltex-plus.vscode-ltex-plus-15.7.1\lib\ltex-ls-plus-18.7.0\lib\simpleclient_tracer_otel-0.16.0.jar;c:\Users\karti\.vscode\extensions\ltex-plus.vscode-ltex-plus-15.7.1\lib\ltex-ls-plus-18.7.0\lib\simpleclient_tracer_otel_agent-0.16.0.jar;c:\Users\karti\.vscode\extensions\ltex-plus.vscode-ltex-plus-15.7.1\lib\ltex-ls-plus-18.7.0\lib\slf4j-api-2.0.16.jar;c:\Users\karti\.vscode\extensions\ltex-plus.vscode-ltex-plus-15.7.1\lib\ltex-ls-plus-18.7.0\lib\slf4j-nop-2.0.18.jar;c:\Users\karti\.vscode\extensions\ltex-plus.vscode-ltex-plus-15.7.1\lib\ltex-ls-plus-18.7.0\lib\spanish-pos-dict-2.5.jar;c:\Users\karti\.vscode\extensions\ltex-plus.vscode-ltex-plus-15.7.1\lib\ltex-ls-plus-18.7.0\lib\stax2-api-4.3.0.jar;c:\Users\karti\.vscode\extensions\ltex-plus.vscode-ltex-plus-15.7.1\lib\ltex-ls-plus-18.7.0\lib\txw2-4.0.5.jar;c:\Users\karti\.vscode\extensions\ltex-plus.vscode-ltex-plus-15.7.1\lib\ltex-ls-plus-18.7.0\lib\unit-api-1.0.jar;c:\Users\karti\.vscode\extensions\ltex-plus.vscode-ltex-plus-15.7.1\lib\ltex-ls-plus-18.7.0\lib\uom-lib-common-1.1.jar;c:\Users\karti\.vscode\extensions\ltex-plus.vscode-ltex-plus-15.7.1\lib\ltex-ls-plus-18.7.0\lib\vavr-0.10.2.jar;c:\Users\karti\.vscode\extensions\ltex-plus.vscode-ltex-plus-15.7.1\lib\ltex-ls-plus-18.7.0\lib\vavr-match-0.10.2.jar;c:\Users\karti\.vscode\extensions\ltex-plus.vscode-ltex-plus-15.7.1\lib\ltex-ls-plus-18.7.0\lib\woodstox-core-7.2.0.jar
Launcher Type: SUN_STANDARD

[Global flags]
     intx CICompilerCount                          = 12                                        {product} {ergonomic}
     uint ConcGCThreads                            = 3                                         {product} {ergonomic}
     uint G1ConcRefinementThreads                  = 13                                        {product} {ergonomic}
   size_t G1HeapRegionSize                         = 1048576                                   {product} {ergonomic}
    uintx GCDrainStackTargetSize                   = 64                                        {product} {ergonomic}
   size_t InitialHeapSize                          = 67108864                                  {product} {command line}
   size_t MarkStackSize                            = 4194304                                   {product} {ergonomic}
   size_t MaxHeapSize                              = 2147483648                                {product} {command line}
   size_t MaxNewSize                               = 1287651328                                {product} {ergonomic}
   size_t MinHeapDeltaBytes                        = 1048576                                   {product} {ergonomic}
   size_t MinHeapSize                              = 67108864                                  {product} {command line}
    uintx NonNMethodCodeHeapSize                   = 7602480                                {pd product} {ergonomic}
    uintx NonProfiledCodeHeapSize                  = 122027880                              {pd product} {ergonomic}
    uintx ProfiledCodeHeapSize                     = 122027880                              {pd product} {ergonomic}
    uintx ReservedCodeCacheSize                    = 251658240                              {pd product} {ergonomic}
     bool SegmentedCodeCache                       = true                                      {product} {ergonomic}
   size_t SoftMaxHeapSize                          = 2147483648                             {manageable} {ergonomic}
     bool UseCompressedOops                        = true                           {product lp64_product} {ergonomic}
     bool UseG1GC                                  = true                                      {product} {ergonomic}
     bool UseLargePagesIndividualAllocation        = false                                  {pd product} {ergonomic}

Logging:
Log output configuration:
 #0: stdout all=warning uptime,level,tags foldmultilines=false
 #1: stderr all=off uptime,level,tags foldmultilines=false

Release file:
JAVA_VERSION="21.0.10"
MODULES="java.base java.compiler java.datatransfer java.xml java.prefs java.desktop java.instrument java.logging java.management java.security.sasl java.naming java.rmi java.management.rmi java.net.http java.scripting java.security.jgss java.transaction.xa java.sql java.sql.rowset java.xml.crypto java.se java.smartcardio jdk.accessibility jdk.charsets jdk.crypto.ec jdk.crypto.cryptoki jdk.dynalink jdk.httpserver jdk.incubator.vector jdk.internal.vm.ci jdk.internal.vm.compiler jdk.internal.vm.compiler.management jdk.jdwp.agent jdk.jfr jdk.jsobject jdk.localedata jdk.management jdk.management.agent jdk.naming.dns jdk.naming.rmi jdk.net jdk.nio.mapmode jdk.sctp jdk.security.auth jdk.security.jgss jdk.unsupported jdk.xml.dom jdk.zipfs"

Environment Variables:
JAVA_HOME=c:\Users\karti\.vscode\extensions\ltex-plus.vscode-ltex-plus-15.7.1\lib\ltex-ls-plus-18.7.0\jdk-21.0.10+7
CLASSPATH="c:\Users\karti\.vscode\extensions\ltex-plus.vscode-ltex-plus-15.7.1\lib\ltex-ls-plus-18.7.0"\etc;"c:\Users\karti\.vscode\extensions\ltex-plus.vscode-ltex-plus-15.7.1\lib\ltex-ls-plus-18.7.0\lib"\*
JAVA_OPTS=-Xms64m -Xmx2048m
PATH=C:\Program Files\Common Files\Oracle\Java\javapath;C:\Program Files\Eclipse Adoptium\jdk-17.0.13.11-hotspot\bin;C:\WINDOWS\system32;C:\WINDOWS;C:\WINDOWS\System32\Wbem;C:\WINDOWS\System32\WindowsPowerShell\v1.0\;C:\WINDOWS\System32\OpenSSH\;C:\Program Files\nodejs\;C:\MinGW\bin;C:\Program Files\Git\cmd;C:\Program Files\Git\mingw64\bin;C:\Program Files\Git\usr\bin;C:\ProgramData\chocolatey\bin;C:\Program Files\cursor\resources\app\bin;C:\Program Files\dotnet\;C:\Program Files\Warp\bin;C:\Users\karti\AppData\Roaming\npm;C:\Users\karti\AppData\Local\Programs\Python\Launcher\;C:\PWJarvis;C:\Users\karti\AppData\Local\Microsoft\WindowsApps;C:\Users\karti\AppData\Local\Programs\Microsoft VS Code\bin;C:\Program Files\Java\jdk-24\bin;C:\MinGW\bin;
USERNAME=karti
OS=Windows_NT
PROCESSOR_IDENTIFIER=Intel64 Family 6 Model 186 Stepping 2, GenuineIntel
TMP=C:\Users\karti\AppData\Local\Temp
TEMP=C:\Users\karti\AppData\Local\Temp




Periodic native trim disabled

---------------  S Y S T E M  ---------------

OS:
 Windows 11 , 64 bit Build 26100 (10.0.26100.8521)
OS uptime: 5 days 0:38 hours
Hyper-V role detected

CPU: total 16 (initial active 16) (8 cores per cpu, 2 threads per core) family 6 model 186 stepping 2 microcode 0x410e, cx8, cmov, fxsr, ht, mmx, 3dnowpref, sse, sse2, sse3, ssse3, sse4.1, sse4.2, popcnt, lzcnt, tsc, tscinvbit, avx, avx2, aes, erms, clmul, bmi1, bmi2, adx, sha, fma, vzeroupper, clflush, clflushopt, clwb, hv, serialize, rdtscp, rdpid, fsrm, f16c, cet_ibt, cet_ss
Processor Information for processor 0
  Max Mhz: 2600, Current Mhz: 1496, Mhz Limit: 2600
Processor Information for processor 1
  Max Mhz: 2600, Current Mhz: 1496, Mhz Limit: 2600
Processor Information for processor 2
  Max Mhz: 2600, Current Mhz: 1496, Mhz Limit: 2600
Processor Information for processor 3
  Max Mhz: 2600, Current Mhz: 1496, Mhz Limit: 2600
Processor Information for processor 4
  Max Mhz: 2600, Current Mhz: 1496, Mhz Limit: 2600
Processor Information for processor 5
  Max Mhz: 2600, Current Mhz: 1496, Mhz Limit: 2600
Processor Information for processor 6
  Max Mhz: 2600, Current Mhz: 1496, Mhz Limit: 2600
Processor Information for processor 7
  Max Mhz: 2600, Current Mhz: 1496, Mhz Limit: 2600
Processor Information for processor 8
  Max Mhz: 2600, Current Mhz: 1500, Mhz Limit: 1898
Processor Information for processor 9
  Max Mhz: 2600, Current Mhz: 1500, Mhz Limit: 1898
Processor Information for processor 10
  Max Mhz: 2600, Current Mhz: 1500, Mhz Limit: 1898
Processor Information for processor 11
  Max Mhz: 2600, Current Mhz: 1500, Mhz Limit: 1898
Processor Information for processor 12
  Max Mhz: 2600, Current Mhz: 1500, Mhz Limit: 1898
Processor Information for processor 13
  Max Mhz: 2600, Current Mhz: 1500, Mhz Limit: 1898
Processor Information for processor 14
  Max Mhz: 2600, Current Mhz: 1500, Mhz Limit: 1898
Processor Information for processor 15
  Max Mhz: 2600, Current Mhz: 1500, Mhz Limit: 1898

Memory: 4k page, system-wide physical 16071M (4205M free)
TotalPageFile size 16071M (AvailPageFile size 222M)
current process WorkingSet (physical memory assigned to process): 218M, peak: 294M
current process commit charge ("private bytes"): 269M, peak: 465M

vm_info: OpenJDK 64-Bit Server VM (21.0.10+7-LTS) for windows-amd64 JRE (21.0.10+7-LTS), built on 2026-01-20T00:00:00Z by "admin" with MS VC++ 17.12 (VS2022)

END.
