#
# There is insufficient memory for the Java Runtime Environment to continue.
# Native memory allocation (malloc) failed to allocate 2492528 bytes. Error detail: Chunk::new
# Possible reasons:
#   The system is out of physical RAM or swap space
#   This process is running with CompressedOops enabled, and the Java Heap may be blocking the growth of the native heap
# Possible solutions:
#   Reduce memory load on the system
#   Increase physical memory or swap space
#   Check if swap backing store is full
#   Decrease Java heap size (-Xmx/-Xms)
#   Decrease number of Java threads
#   Decrease Java thread stack sizes (-Xss)
#   Set larger code cache with -XX:ReservedCodeCacheSize=
#   JVM is running with Unscaled Compressed Oops mode in which the Java heap is
#     placed in the first 4GB address space. The Java Heap base address is the
#     maximum limit for the native heap growth. Please use -XX:HeapBaseMinAddress
#     to set the Java Heap base and to place the Java Heap above 4GB virtual address.
# This output file may be truncated or incomplete.
#
#  Out of Memory Error (arena.cpp:168), pid=16816, tid=21376
#
# JRE version: OpenJDK Runtime Environment Temurin-21.0.10+7 (21.0.10+7) (build 21.0.10+7-LTS)
# Java VM: OpenJDK 64-Bit Server VM Temurin-21.0.10+7 (21.0.10+7-LTS, mixed mode, tiered, compressed oops, compressed class ptrs, g1 gc, windows-amd64)
# No core dump will be written. Minidumps are not enabled by default on client versions of Windows
#

---------------  S U M M A R Y ------------

Command Line: -Xms64m -Xmx2048m -Dapp.name=ltex-ls-plus -Dapp.repo=c:\Users\karti\.vscode\extensions\ltex-plus.vscode-ltex-plus-15.7.1\lib\ltex-ls-plus-18.7.0\lib -Dapp.home=c:\Users\karti\.vscode\extensions\ltex-plus.vscode-ltex-plus-15.7.1\lib\ltex-ls-plus-18.7.0 -Dbasedir=c:\Users\karti\.vscode\extensions\ltex-plus.vscode-ltex-plus-15.7.1\lib\ltex-ls-plus-18.7.0 org.bsplines.ltexls.LtexLanguageServerLauncher

Host: 13th Gen Intel(R) Core(TM) i5-13500H, 16 cores, 15G,  Windows 11 , 64 bit Build 26100 (10.0.26100.8521)
Time: Wed Jul  8 19:07:19 2026 India Standard Time elapsed time: 10.139377 seconds (0d 0h 0m 10s)

---------------  T H R E A D  ---------------

Current thread (0x0000026ab0397420):  JavaThread "C2 CompilerThread4" daemon [_thread_in_native, id=21376, stack(0x00000071b6f00000,0x00000071b7000000) (1024K)]


Current CompileTask:
C2:10139 3124       4       org.languagetool.rules.patterns.PatternRuleHandler::startElement (3709 bytes)

Stack: [0x00000071b6f00000,0x00000071b7000000]
Native frames: (J=compiled Java code, j=interpreted, Vv=VM code, C=native code)
V  [jvm.dll+0x6d7a39]
V  [jvm.dll+0x8b4b26]
V  [jvm.dll+0x8b70de]
V  [jvm.dll+0x8b77c3]
V  [jvm.dll+0x284346]
V  [jvm.dll+0xc66ed]
V  [jvm.dll+0xc6c31]
V  [jvm.dll+0x3bec3b]
V  [jvm.dll+0x38b162]
V  [jvm.dll+0x38a5aa]
V  [jvm.dll+0x24c560]
V  [jvm.dll+0x24bb40]
V  [jvm.dll+0x1cb34e]
V  [jvm.dll+0x25b85d]
V  [jvm.dll+0x259dea]
V  [jvm.dll+0x3f857e]
V  [jvm.dll+0x85f59d]
V  [jvm.dll+0x6d626d]
C  [ucrtbase.dll+0x2cd30]
C  [KERNEL32.DLL+0x2e957]
C  [ntdll.dll+0x87c1c]


---------------  P R O C E S S  ---------------

Threads class SMR info:
_java_thread_list=0x0000026ab4805280, length=18, elements={
0x0000026a91c97650, 0x0000026aa975a380, 0x0000026aa975ade0, 0x0000026aa9760920,
0x0000026aa9778470, 0x0000026aa9778ed0, 0x0000026aa976f350, 0x0000026aa976fdb0,
0x0000026aa97b7260, 0x0000026aa9a21850, 0x0000026aa99e77d0, 0x0000026aaec3ab80,
0x0000026aaf48d020, 0x0000026aaff36470, 0x0000026ab0397420, 0x0000026aafd259d0,
0x0000026aafd26080, 0x0000026ab0a92c80
}

Java Threads: ( => current thread )
  0x0000026a91c97650 JavaThread "main"                              [_thread_in_Java, id=23976, stack(0x00000071b5100000,0x00000071b5200000) (1024K)]
  0x0000026aa975a380 JavaThread "Reference Handler"          daemon [_thread_blocked, id=25500, stack(0x00000071b5900000,0x00000071b5a00000) (1024K)]
  0x0000026aa975ade0 JavaThread "Finalizer"                  daemon [_thread_blocked, id=19640, stack(0x00000071b5a00000,0x00000071b5b00000) (1024K)]
  0x0000026aa9760920 JavaThread "Signal Dispatcher"          daemon [_thread_blocked, id=4072, stack(0x00000071b5b00000,0x00000071b5c00000) (1024K)]
  0x0000026aa9778470 JavaThread "Attach Listener"            daemon [_thread_blocked, id=15564, stack(0x00000071b5c00000,0x00000071b5d00000) (1024K)]
  0x0000026aa9778ed0 JavaThread "Service Thread"             daemon [_thread_blocked, id=17172, stack(0x00000071b5d00000,0x00000071b5e00000) (1024K)]
  0x0000026aa976f350 JavaThread "Monitor Deflation Thread"   daemon [_thread_blocked, id=9600, stack(0x00000071b5e00000,0x00000071b5f00000) (1024K)]
  0x0000026aa976fdb0 JavaThread "C2 CompilerThread0"         daemon [_thread_in_native, id=11008, stack(0x00000071b5f00000,0x00000071b6000000) (1024K)]
  0x0000026aa97b7260 JavaThread "C1 CompilerThread0"         daemon [_thread_blocked, id=20524, stack(0x00000071b6000000,0x00000071b6100000) (1024K)]
  0x0000026aa9a21850 JavaThread "Notification Thread"        daemon [_thread_blocked, id=2296, stack(0x00000071b6200000,0x00000071b6300000) (1024K)]
  0x0000026aa99e77d0 JavaThread "Common-Cleaner"             daemon [_thread_blocked, id=7336, stack(0x00000071b6300000,0x00000071b6400000) (1024K)]
  0x0000026aaec3ab80 JavaThread "C2 CompilerThread1"         daemon [_thread_blocked, id=2572, stack(0x00000071b6a00000,0x00000071b6b00000) (1024K)]
  0x0000026aaf48d020 JavaThread "C2 CompilerThread2"         daemon [_thread_blocked, id=25732, stack(0x00000071b6c00000,0x00000071b6d00000) (1024K)]
  0x0000026aaff36470 JavaThread "C2 CompilerThread3"         daemon [_thread_blocked, id=14984, stack(0x00000071b6d00000,0x00000071b6e00000) (1024K)]
=>0x0000026ab0397420 JavaThread "C2 CompilerThread4"         daemon [_thread_in_native, id=21376, stack(0x00000071b6f00000,0x00000071b7000000) (1024K)]
  0x0000026aafd259d0 JavaThread "C2 CompilerThread5"         daemon [_thread_blocked, id=8360, stack(0x00000071b7800000,0x00000071b7900000) (1024K)]
  0x0000026aafd26080 JavaThread "C2 CompilerThread6"         daemon [_thread_in_native, id=26408, stack(0x00000071b7900000,0x00000071b7a00000) (1024K)]
  0x0000026ab0a92c80 JavaThread "C2 CompilerThread7"         daemon [_thread_in_native, id=25944, stack(0x00000071b7a00000,0x00000071b7b00000) (1024K)]
Total: 18

Other Threads:
  0x0000026aa89ebc10 VMThread "VM Thread"                           [id=23868, stack(0x00000071b5800000,0x00000071b5900000) (1024K)]
  0x0000026aa898fee0 WatcherThread "VM Periodic Task Thread"        [id=26108, stack(0x00000071b5700000,0x00000071b5800000) (1024K)]
  0x0000026a91ceebb0 WorkerThread "GC Thread#0"                     [id=25512, stack(0x00000071b5200000,0x00000071b5300000) (1024K)]
  0x0000026aaed1f510 WorkerThread "GC Thread#1"                     [id=22360, stack(0x00000071b6400000,0x00000071b6500000) (1024K)]
  0x0000026aaecf2220 WorkerThread "GC Thread#2"                     [id=5476, stack(0x00000071b6600000,0x00000071b6700000) (1024K)]
  0x0000026aaecf25d0 WorkerThread "GC Thread#3"                     [id=25280, stack(0x00000071b6700000,0x00000071b6800000) (1024K)]
  0x0000026aaecf2980 WorkerThread "GC Thread#4"                     [id=10528, stack(0x00000071b6800000,0x00000071b6900000) (1024K)]
  0x0000026aaecf57a0 WorkerThread "GC Thread#5"                     [id=16856, stack(0x00000071b6900000,0x00000071b6a00000) (1024K)]
  0x0000026aaecf6dc0 WorkerThread "GC Thread#6"                     [id=19936, stack(0x00000071b7000000,0x00000071b7100000) (1024K)]
  0x0000026aaecf7170 WorkerThread "GC Thread#7"                     [id=16448, stack(0x00000071b7100000,0x00000071b7200000) (1024K)]
  0x0000026aaecf5b50 WorkerThread "GC Thread#8"                     [id=23612, stack(0x00000071b7200000,0x00000071b7300000) (1024K)]
  0x0000026aaecf5f00 WorkerThread "GC Thread#9"                     [id=19380, stack(0x00000071b7300000,0x00000071b7400000) (1024K)]
  0x0000026aaecf62b0 WorkerThread "GC Thread#10"                    [id=8448, stack(0x00000071b7400000,0x00000071b7500000) (1024K)]
  0x0000026aaecf6660 WorkerThread "GC Thread#11"                    [id=17484, stack(0x00000071b7500000,0x00000071b7600000) (1024K)]
  0x0000026aaf82c050 WorkerThread "GC Thread#12"                    [id=8848, stack(0x00000071b6e00000,0x00000071b6f00000) (1024K)]
  0x0000026a91d00dc0 ConcurrentGCThread "G1 Main Marker"            [id=1388, stack(0x00000071b5300000,0x00000071b5400000) (1024K)]
  0x0000026a91d031f0 WorkerThread "G1 Conc#0"                       [id=8916, stack(0x00000071b5400000,0x00000071b5500000) (1024K)]
  0x0000026aaecf6a10 WorkerThread "G1 Conc#1"                       [id=1064, stack(0x00000071b7600000,0x00000071b7700000) (1024K)]
  0x0000026aaf82ddd0 WorkerThread "G1 Conc#2"                       [id=11360, stack(0x00000071b7700000,0x00000071b7800000) (1024K)]
  0x0000026a91d4b6a0 ConcurrentGCThread "G1 Refine#0"               [id=20600, stack(0x00000071b5500000,0x00000071b5600000) (1024K)]
  0x0000026a91d4cfd0 ConcurrentGCThread "G1 Service"                [id=7976, stack(0x00000071b5600000,0x00000071b5700000) (1024K)]
Total: 21

Threads with active compile tasks:
C2 CompilerThread0  15239 3246       4       java.util.Scanner::findWithinHorizon (83 bytes)
C2 CompilerThread4  15239 3124       4       org.languagetool.rules.patterns.PatternRuleHandler::startElement (3709 bytes)
C2 CompilerThread6  15239 3334 % !   4       org.languagetool.language.identifier.detector.CommonWordsDetector::<init> @ 217 (438 bytes)
C2 CompilerThread7  15239 3245       4       java.util.Scanner::hasNextLine (85 bytes)
Total: 4

VM state: not at safepoint (normal execution)

VM Mutex/Monitor currently owned by a thread: None

Heap address: 0x0000000080000000, size: 2048 MB, Compressed Oops mode: 32-bit

CDS archive(s) not mapped
Compressed class space mapped at: 0x0000000100000000-0x0000000140000000, reserved size: 1073741824
Narrow klass base: 0x0000000000000000, Narrow klass shift: 3, Narrow klass range: 0x140000000

GC Precious Log:
 CardTable entry size: 512
 Card Set container configuration: InlinePtr #cards 5 size 8 Array Of Cards #cards 12 size 40 Howl #buckets 4 coarsen threshold 1843 Howl Bitmap #cards 512 size 80 coarsen threshold 460 Card regions per heap region 1 cards per card region 2048
 CPUs: 16 total, 16 available
 Memory: 16071M
 Large Page Support: Disabled
 NUMA Support: Disabled
 Compressed Oops: Enabled (32-bit)
 Heap Region Size: 1M
 Heap Min Capacity: 64M
 Heap Initial Capacity: 64M
 Heap Max Capacity: 2G
 Pre-touch: Disabled
 Parallel Workers: 13
 Concurrent Workers: 3
 Concurrent Refinement Workers: 13
 Periodic GC: Disabled

Heap:
 garbage-first heap   total 128000K, used 77578K [0x0000000080000000, 0x0000000100000000)
  region size 1024K, 23 young (23552K), 8 survivors (8192K)
 Metaspace       used 24193K, committed 24448K, reserved 1114112K
  class space    used 2335K, committed 2432K, reserved 1048576K

Heap Regions: E=young(eden), S=young(survivor), O=old, HS=humongous(starts), HC=humongous(continues), CS=collection set, F=free, TAMS=top-at-mark-start, PB=parsable bottom
|   0|0x0000000080000000, 0x0000000080100000, 0x0000000080100000|100%| O|  |TAMS 0x0000000080000000| PB 0x0000000080000000| Untracked 
|   1|0x0000000080100000, 0x0000000080200000, 0x0000000080200000|100%| O|  |TAMS 0x0000000080100000| PB 0x0000000080100000| Untracked 
|   2|0x0000000080200000, 0x0000000080300000, 0x0000000080300000|100%| O|  |TAMS 0x0000000080200000| PB 0x0000000080200000| Untracked 
|   3|0x0000000080300000, 0x0000000080400000, 0x0000000080400000|100%| O|  |TAMS 0x0000000080300000| PB 0x0000000080300000| Untracked 
|   4|0x0000000080400000, 0x0000000080500000, 0x0000000080500000|100%| O|  |TAMS 0x0000000080400000| PB 0x0000000080400000| Untracked 
|   5|0x0000000080500000, 0x0000000080600000, 0x0000000080600000|100%| O|  |TAMS 0x0000000080500000| PB 0x0000000080500000| Untracked 
|   6|0x0000000080600000, 0x0000000080700000, 0x0000000080700000|100%| O|  |TAMS 0x0000000080600000| PB 0x0000000080600000| Untracked 
|   7|0x0000000080700000, 0x0000000080800000, 0x0000000080800000|100%| O|  |TAMS 0x0000000080700000| PB 0x0000000080700000| Untracked 
|   8|0x0000000080800000, 0x0000000080900000, 0x0000000080900000|100%|HS|  |TAMS 0x0000000080800000| PB 0x0000000080800000| Complete 
|   9|0x0000000080900000, 0x0000000080a00000, 0x0000000080a00000|100%| O|  |TAMS 0x0000000080900000| PB 0x0000000080900000| Untracked 
|  10|0x0000000080a00000, 0x0000000080b00000, 0x0000000080b00000|100%| O|  |TAMS 0x0000000080a00000| PB 0x0000000080a00000| Untracked 
|  11|0x0000000080b00000, 0x0000000080c00000, 0x0000000080c00000|100%| O|  |TAMS 0x0000000080b00000| PB 0x0000000080b00000| Untracked 
|  12|0x0000000080c00000, 0x0000000080d00000, 0x0000000080d00000|100%| O|  |TAMS 0x0000000080c00000| PB 0x0000000080c00000| Untracked 
|  13|0x0000000080d00000, 0x0000000080e00000, 0x0000000080e00000|100%| O|  |TAMS 0x0000000080d00000| PB 0x0000000080d00000| Untracked 
|  14|0x0000000080e00000, 0x0000000080f00000, 0x0000000080f00000|100%| O|  |TAMS 0x0000000080e00000| PB 0x0000000080e00000| Untracked 
|  15|0x0000000080f00000, 0x0000000081000000, 0x0000000081000000|100%| O|  |TAMS 0x0000000080f00000| PB 0x0000000080f00000| Untracked 
|  16|0x0000000081000000, 0x0000000081100000, 0x0000000081100000|100%| O|  |TAMS 0x0000000081000000| PB 0x0000000081000000| Untracked 
|  17|0x0000000081100000, 0x0000000081200000, 0x0000000081200000|100%| O|  |TAMS 0x0000000081100000| PB 0x0000000081100000| Untracked 
|  18|0x0000000081200000, 0x0000000081300000, 0x0000000081300000|100%| O|  |TAMS 0x0000000081200000| PB 0x0000000081200000| Untracked 
|  19|0x0000000081300000, 0x0000000081400000, 0x0000000081400000|100%| O|  |TAMS 0x0000000081300000| PB 0x0000000081300000| Untracked 
|  20|0x0000000081400000, 0x0000000081500000, 0x0000000081500000|100%| O|  |TAMS 0x0000000081400000| PB 0x0000000081400000| Untracked 
|  21|0x0000000081500000, 0x0000000081600000, 0x0000000081600000|100%| O|  |TAMS 0x0000000081500000| PB 0x0000000081500000| Untracked 
|  22|0x0000000081600000, 0x0000000081700000, 0x0000000081700000|100%| O|  |TAMS 0x0000000081600000| PB 0x0000000081600000| Untracked 
|  23|0x0000000081700000, 0x0000000081800000, 0x0000000081800000|100%| O|  |TAMS 0x0000000081700000| PB 0x0000000081700000| Untracked 
|  24|0x0000000081800000, 0x0000000081900000, 0x0000000081900000|100%| O|  |TAMS 0x0000000081800000| PB 0x0000000081800000| Untracked 
|  25|0x0000000081900000, 0x0000000081a00000, 0x0000000081a00000|100%|HS|  |TAMS 0x0000000081900000| PB 0x0000000081900000| Complete 
|  26|0x0000000081a00000, 0x0000000081b00000, 0x0000000081b00000|100%| O|  |TAMS 0x0000000081a00000| PB 0x0000000081a00000| Untracked 
|  27|0x0000000081b00000, 0x0000000081c00000, 0x0000000081c00000|100%| O|  |TAMS 0x0000000081b00000| PB 0x0000000081b00000| Untracked 
|  28|0x0000000081c00000, 0x0000000081d00000, 0x0000000081d00000|100%| O|  |TAMS 0x0000000081c00000| PB 0x0000000081c00000| Untracked 
|  29|0x0000000081d00000, 0x0000000081e00000, 0x0000000081e00000|100%| O|  |TAMS 0x0000000081d00000| PB 0x0000000081d00000| Untracked 
|  30|0x0000000081e00000, 0x0000000081f00000, 0x0000000081f00000|100%| O|  |TAMS 0x0000000081e00000| PB 0x0000000081e00000| Untracked 
|  31|0x0000000081f00000, 0x0000000082000000, 0x0000000082000000|100%| O|  |TAMS 0x0000000081f00000| PB 0x0000000081f00000| Untracked 
|  32|0x0000000082000000, 0x0000000082100000, 0x0000000082100000|100%| O|  |TAMS 0x0000000082000000| PB 0x0000000082000000| Untracked 
|  33|0x0000000082100000, 0x0000000082200000, 0x0000000082200000|100%| O|  |TAMS 0x0000000082100000| PB 0x0000000082100000| Untracked 
|  34|0x0000000082200000, 0x0000000082300000, 0x0000000082300000|100%| O|  |TAMS 0x0000000082200000| PB 0x0000000082200000| Untracked 
|  35|0x0000000082300000, 0x0000000082400000, 0x0000000082400000|100%| O|  |TAMS 0x0000000082300000| PB 0x0000000082300000| Untracked 
|  36|0x0000000082400000, 0x0000000082500000, 0x0000000082500000|100%| O|  |TAMS 0x0000000082400000| PB 0x0000000082400000| Untracked 
|  37|0x0000000082500000, 0x0000000082600000, 0x0000000082600000|100%| O|  |TAMS 0x0000000082500000| PB 0x0000000082500000| Untracked 
|  38|0x0000000082600000, 0x0000000082700000, 0x0000000082700000|100%| O|  |TAMS 0x0000000082600000| PB 0x0000000082600000| Untracked 
|  39|0x0000000082700000, 0x0000000082800000, 0x0000000082800000|100%| O|  |TAMS 0x0000000082700000| PB 0x0000000082700000| Untracked 
|  40|0x0000000082800000, 0x0000000082900000, 0x0000000082900000|100%| O|  |TAMS 0x0000000082800000| PB 0x0000000082800000| Untracked 
|  41|0x0000000082900000, 0x0000000082a00000, 0x0000000082a00000|100%| O|  |TAMS 0x0000000082900000| PB 0x0000000082900000| Untracked 
|  42|0x0000000082a00000, 0x0000000082b00000, 0x0000000082b00000|100%| O|  |TAMS 0x0000000082a00000| PB 0x0000000082a00000| Untracked 
|  43|0x0000000082b00000, 0x0000000082c00000, 0x0000000082c00000|100%|HS|  |TAMS 0x0000000082b00000| PB 0x0000000082b00000| Complete 
|  44|0x0000000082c00000, 0x0000000082d00000, 0x0000000082d00000|100%|HS|  |TAMS 0x0000000082c00000| PB 0x0000000082c00000| Complete 
|  45|0x0000000082d00000, 0x0000000082e00000, 0x0000000082e00000|100%| O|  |TAMS 0x0000000082d00000| PB 0x0000000082d00000| Untracked 
|  46|0x0000000082e00000, 0x0000000082f00000, 0x0000000082f00000|100%| O|  |TAMS 0x0000000082e00000| PB 0x0000000082e00000| Untracked 
|  47|0x0000000082f00000, 0x0000000083000000, 0x0000000083000000|100%| O|  |TAMS 0x0000000082f00000| PB 0x0000000082f00000| Untracked 
|  48|0x0000000083000000, 0x0000000083100000, 0x0000000083100000|100%| O|  |TAMS 0x0000000083000000| PB 0x0000000083000000| Untracked 
|  49|0x0000000083100000, 0x0000000083200000, 0x0000000083200000|100%| O|  |TAMS 0x0000000083100000| PB 0x0000000083100000| Untracked 
|  50|0x0000000083200000, 0x0000000083300000, 0x0000000083300000|100%| O|  |TAMS 0x0000000083200000| PB 0x0000000083200000| Untracked 
|  51|0x0000000083300000, 0x00000000833c2878, 0x0000000083400000| 75%| O|  |TAMS 0x0000000083300000| PB 0x0000000083300000| Untracked 
|  52|0x0000000083400000, 0x0000000083500000, 0x0000000083500000|100%|HS|  |TAMS 0x0000000083400000| PB 0x0000000083400000| Complete 
|  53|0x0000000083500000, 0x0000000083600000, 0x0000000083600000|100%|HC|  |TAMS 0x0000000083500000| PB 0x0000000083500000| Complete 
|  54|0x0000000083600000, 0x0000000083600000, 0x0000000083700000|  0%| F|  |TAMS 0x0000000083600000| PB 0x0000000083600000| Untracked 
|  55|0x0000000083700000, 0x0000000083700000, 0x0000000083800000|  0%| F|  |TAMS 0x0000000083700000| PB 0x0000000083700000| Untracked 
|  56|0x0000000083800000, 0x0000000083900000, 0x0000000083900000|100%| S|CS|TAMS 0x0000000083800000| PB 0x0000000083800000| Complete 
|  57|0x0000000083900000, 0x0000000083a00000, 0x0000000083a00000|100%| S|CS|TAMS 0x0000000083900000| PB 0x0000000083900000| Complete 
|  58|0x0000000083a00000, 0x0000000083b00000, 0x0000000083b00000|100%| S|CS|TAMS 0x0000000083a00000| PB 0x0000000083a00000| Complete 
|  59|0x0000000083b00000, 0x0000000083c00000, 0x0000000083c00000|100%| S|CS|TAMS 0x0000000083b00000| PB 0x0000000083b00000| Complete 
|  60|0x0000000083c00000, 0x0000000083d00000, 0x0000000083d00000|100%| S|CS|TAMS 0x0000000083c00000| PB 0x0000000083c00000| Complete 
|  61|0x0000000083d00000, 0x0000000083e00000, 0x0000000083e00000|100%| S|CS|TAMS 0x0000000083d00000| PB 0x0000000083d00000| Complete 
|  62|0x0000000083e00000, 0x0000000083f00000, 0x0000000083f00000|100%| S|CS|TAMS 0x0000000083e00000| PB 0x0000000083e00000| Complete 
|  63|0x0000000083f00000, 0x0000000084000000, 0x0000000084000000|100%| S|CS|TAMS 0x0000000083f00000| PB 0x0000000083f00000| Complete 
|  64|0x0000000084000000, 0x0000000084000000, 0x0000000084100000|  0%| F|  |TAMS 0x0000000084000000| PB 0x0000000084000000| Untracked 
|  65|0x0000000084100000, 0x0000000084100000, 0x0000000084200000|  0%| F|  |TAMS 0x0000000084100000| PB 0x0000000084100000| Untracked 
|  66|0x0000000084200000, 0x0000000084200000, 0x0000000084300000|  0%| F|  |TAMS 0x0000000084200000| PB 0x0000000084200000| Untracked 
|  67|0x0000000084300000, 0x0000000084300000, 0x0000000084400000|  0%| F|  |TAMS 0x0000000084300000| PB 0x0000000084300000| Untracked 
|  68|0x0000000084400000, 0x0000000084400000, 0x0000000084500000|  0%| F|  |TAMS 0x0000000084400000| PB 0x0000000084400000| Untracked 
|  69|0x0000000084500000, 0x0000000084500000, 0x0000000084600000|  0%| F|  |TAMS 0x0000000084500000| PB 0x0000000084500000| Untracked 
|  70|0x0000000084600000, 0x0000000084600000, 0x0000000084700000|  0%| F|  |TAMS 0x0000000084600000| PB 0x0000000084600000| Untracked 
|  71|0x0000000084700000, 0x0000000084700000, 0x0000000084800000|  0%| F|  |TAMS 0x0000000084700000| PB 0x0000000084700000| Untracked 
|  72|0x0000000084800000, 0x0000000084800000, 0x0000000084900000|  0%| F|  |TAMS 0x0000000084800000| PB 0x0000000084800000| Untracked 
|  73|0x0000000084900000, 0x0000000084900000, 0x0000000084a00000|  0%| F|  |TAMS 0x0000000084900000| PB 0x0000000084900000| Untracked 
|  74|0x0000000084a00000, 0x0000000084a00000, 0x0000000084b00000|  0%| F|  |TAMS 0x0000000084a00000| PB 0x0000000084a00000| Untracked 
|  75|0x0000000084b00000, 0x0000000084b00000, 0x0000000084c00000|  0%| F|  |TAMS 0x0000000084b00000| PB 0x0000000084b00000| Untracked 
|  76|0x0000000084c00000, 0x0000000084c00000, 0x0000000084d00000|  0%| F|  |TAMS 0x0000000084c00000| PB 0x0000000084c00000| Untracked 
|  77|0x0000000084d00000, 0x0000000084d00000, 0x0000000084e00000|  0%| F|  |TAMS 0x0000000084d00000| PB 0x0000000084d00000| Untracked 
|  78|0x0000000084e00000, 0x0000000084e00000, 0x0000000084f00000|  0%| F|  |TAMS 0x0000000084e00000| PB 0x0000000084e00000| Untracked 
|  79|0x0000000084f00000, 0x0000000084f00000, 0x0000000085000000|  0%| F|  |TAMS 0x0000000084f00000| PB 0x0000000084f00000| Untracked 
|  80|0x0000000085000000, 0x0000000085000000, 0x0000000085100000|  0%| F|  |TAMS 0x0000000085000000| PB 0x0000000085000000| Untracked 
|  81|0x0000000085100000, 0x0000000085100000, 0x0000000085200000|  0%| F|  |TAMS 0x0000000085100000| PB 0x0000000085100000| Untracked 
|  82|0x0000000085200000, 0x0000000085200000, 0x0000000085300000|  0%| F|  |TAMS 0x0000000085200000| PB 0x0000000085200000| Untracked 
|  83|0x0000000085300000, 0x0000000085300000, 0x0000000085400000|  0%| F|  |TAMS 0x0000000085300000| PB 0x0000000085300000| Untracked 
|  84|0x0000000085400000, 0x0000000085400000, 0x0000000085500000|  0%| F|  |TAMS 0x0000000085400000| PB 0x0000000085400000| Untracked 
|  85|0x0000000085500000, 0x0000000085500000, 0x0000000085600000|  0%| F|  |TAMS 0x0000000085500000| PB 0x0000000085500000| Untracked 
|  86|0x0000000085600000, 0x0000000085600000, 0x0000000085700000|  0%| F|  |TAMS 0x0000000085600000| PB 0x0000000085600000| Untracked 
|  87|0x0000000085700000, 0x0000000085700000, 0x0000000085800000|  0%| F|  |TAMS 0x0000000085700000| PB 0x0000000085700000| Untracked 
|  88|0x0000000085800000, 0x0000000085800000, 0x0000000085900000|  0%| F|  |TAMS 0x0000000085800000| PB 0x0000000085800000| Untracked 
|  89|0x0000000085900000, 0x0000000085900000, 0x0000000085a00000|  0%| F|  |TAMS 0x0000000085900000| PB 0x0000000085900000| Untracked 
|  90|0x0000000085a00000, 0x0000000085a00000, 0x0000000085b00000|  0%| F|  |TAMS 0x0000000085a00000| PB 0x0000000085a00000| Untracked 
|  91|0x0000000085b00000, 0x0000000085b00000, 0x0000000085c00000|  0%| F|  |TAMS 0x0000000085b00000| PB 0x0000000085b00000| Untracked 
|  92|0x0000000085c00000, 0x0000000085c00000, 0x0000000085d00000|  0%| F|  |TAMS 0x0000000085c00000| PB 0x0000000085c00000| Untracked 
|  93|0x0000000085d00000, 0x0000000085d00000, 0x0000000085e00000|  0%| F|  |TAMS 0x0000000085d00000| PB 0x0000000085d00000| Untracked 
|  94|0x0000000085e00000, 0x0000000085e00000, 0x0000000085f00000|  0%| F|  |TAMS 0x0000000085e00000| PB 0x0000000085e00000| Untracked 
|  95|0x0000000085f00000, 0x0000000085f00000, 0x0000000086000000|  0%| F|  |TAMS 0x0000000085f00000| PB 0x0000000085f00000| Untracked 
|  96|0x0000000086000000, 0x0000000086000000, 0x0000000086100000|  0%| F|  |TAMS 0x0000000086000000| PB 0x0000000086000000| Untracked 
|  97|0x0000000086100000, 0x0000000086100000, 0x0000000086200000|  0%| F|  |TAMS 0x0000000086100000| PB 0x0000000086100000| Untracked 
|  98|0x0000000086200000, 0x0000000086200000, 0x0000000086300000|  0%| F|  |TAMS 0x0000000086200000| PB 0x0000000086200000| Untracked 
|  99|0x0000000086300000, 0x0000000086300000, 0x0000000086400000|  0%| F|  |TAMS 0x0000000086300000| PB 0x0000000086300000| Untracked 
| 100|0x0000000086400000, 0x0000000086400000, 0x0000000086500000|  0%| F|  |TAMS 0x0000000086400000| PB 0x0000000086400000| Untracked 
| 101|0x0000000086500000, 0x0000000086500000, 0x0000000086600000|  0%| F|  |TAMS 0x0000000086500000| PB 0x0000000086500000| Untracked 
| 102|0x0000000086600000, 0x0000000086600000, 0x0000000086700000|  0%| F|  |TAMS 0x0000000086600000| PB 0x0000000086600000| Untracked 
| 103|0x0000000086700000, 0x0000000086700000, 0x0000000086800000|  0%| F|  |TAMS 0x0000000086700000| PB 0x0000000086700000| Untracked 
| 104|0x0000000086800000, 0x0000000086800000, 0x0000000086900000|  0%| F|  |TAMS 0x0000000086800000| PB 0x0000000086800000| Untracked 
| 105|0x0000000086900000, 0x0000000086900000, 0x0000000086a00000|  0%| F|  |TAMS 0x0000000086900000| PB 0x0000000086900000| Untracked 
| 106|0x0000000086a00000, 0x0000000086a00000, 0x0000000086b00000|  0%| F|  |TAMS 0x0000000086a00000| PB 0x0000000086a00000| Untracked 
| 107|0x0000000086b00000, 0x0000000086b00000, 0x0000000086c00000|  0%| F|  |TAMS 0x0000000086b00000| PB 0x0000000086b00000| Untracked 
| 108|0x0000000086c00000, 0x0000000086c00000, 0x0000000086d00000|  0%| F|  |TAMS 0x0000000086c00000| PB 0x0000000086c00000| Untracked 
| 109|0x0000000086d00000, 0x0000000086e00000, 0x0000000086e00000|100%| E|  |TAMS 0x0000000086d00000| PB 0x0000000086d00000| Complete 
| 110|0x0000000086e00000, 0x0000000086f00000, 0x0000000086f00000|100%| E|CS|TAMS 0x0000000086e00000| PB 0x0000000086e00000| Complete 
| 111|0x0000000086f00000, 0x0000000087000000, 0x0000000087000000|100%| E|CS|TAMS 0x0000000086f00000| PB 0x0000000086f00000| Complete 
| 112|0x0000000087000000, 0x0000000087100000, 0x0000000087100000|100%| E|CS|TAMS 0x0000000087000000| PB 0x0000000087000000| Complete 
| 113|0x0000000087100000, 0x0000000087200000, 0x0000000087200000|100%| E|CS|TAMS 0x0000000087100000| PB 0x0000000087100000| Complete 
| 114|0x0000000087200000, 0x0000000087300000, 0x0000000087300000|100%| E|CS|TAMS 0x0000000087200000| PB 0x0000000087200000| Complete 
| 115|0x0000000087300000, 0x0000000087400000, 0x0000000087400000|100%| E|CS|TAMS 0x0000000087300000| PB 0x0000000087300000| Complete 
| 116|0x0000000087400000, 0x0000000087500000, 0x0000000087500000|100%| E|CS|TAMS 0x0000000087400000| PB 0x0000000087400000| Complete 
| 117|0x0000000087500000, 0x0000000087600000, 0x0000000087600000|100%| E|CS|TAMS 0x0000000087500000| PB 0x0000000087500000| Complete 
| 118|0x0000000087600000, 0x0000000087700000, 0x0000000087700000|100%| E|CS|TAMS 0x0000000087600000| PB 0x0000000087600000| Complete 
| 119|0x0000000087700000, 0x0000000087800000, 0x0000000087800000|100%| E|CS|TAMS 0x0000000087700000| PB 0x0000000087700000| Complete 
| 120|0x0000000087800000, 0x0000000087900000, 0x0000000087900000|100%| E|CS|TAMS 0x0000000087800000| PB 0x0000000087800000| Complete 
| 121|0x0000000087900000, 0x0000000087a00000, 0x0000000087a00000|100%| E|CS|TAMS 0x0000000087900000| PB 0x0000000087900000| Complete 
| 122|0x0000000087a00000, 0x0000000087b00000, 0x0000000087b00000|100%| E|CS|TAMS 0x0000000087a00000| PB 0x0000000087a00000| Complete 
| 123|0x0000000087b00000, 0x0000000087c00000, 0x0000000087c00000|100%| E|CS|TAMS 0x0000000087b00000| PB 0x0000000087b00000| Complete 
| 124|0x0000000087c00000, 0x0000000087d00000, 0x0000000087d00000|100%| E|CS|TAMS 0x0000000087c00000| PB 0x0000000087c00000| Complete 

Card table byte_map: [0x0000026aa4300000,0x0000026aa4700000] _byte_map_base: 0x0000026aa3f00000

Marking Bits: (CMBitMap*) 0x0000026a91cef1c0
 Bits: [0x0000026aa4700000, 0x0000026aa6700000)

Polling page: 0x0000026a8fa30000

Metaspace:

Usage:
  Non-class:     21.35 MB used.
      Class:      2.28 MB used.
       Both:     23.63 MB used.

Virtual space:
  Non-class space:       64.00 MB reserved,      21.50 MB ( 34%) committed,  1 nodes.
      Class space:        1.00 GB reserved,       2.38 MB ( <1%) committed,  1 nodes.
             Both:        1.06 GB reserved,      23.88 MB (  2%) committed. 

Chunk freelists:
   Non-Class:  10.28 MB
       Class:  13.45 MB
        Both:  23.73 MB

MaxMetaspaceSize: unlimited
CompressedClassSpaceSize: 1.00 GB
Initial GC threshold: 21.00 MB
Current GC threshold: 35.12 MB
CDS: off
 - commit_granule_bytes: 65536.
 - commit_granule_words: 8192.
 - virtual_space_node_default_size: 8388608.
 - enlarge_chunks_in_place: 1.
 - use_allocation_guard: 0.


Internal statistics:

num_allocs_failed_limit: 3.
num_arena_births: 154.
num_arena_deaths: 0.
num_vsnodes_births: 2.
num_vsnodes_deaths: 0.
num_space_committed: 381.
num_space_uncommitted: 0.
num_chunks_returned_to_freelist: 3.
num_chunks_taken_from_freelist: 525.
num_chunk_merges: 3.
num_chunk_splits: 335.
num_chunks_enlarged: 238.
num_inconsistent_stats: 0.

CodeHeap 'non-profiled nmethods': size=119168Kb used=2967Kb max_used=2967Kb free=116200Kb
 bounds [0x0000026a9c210000, 0x0000026a9c500000, 0x0000026aa3670000]
CodeHeap 'profiled nmethods': size=119104Kb used=7218Kb max_used=7218Kb free=111885Kb
 bounds [0x0000026a94670000, 0x0000026a94d80000, 0x0000026a9bac0000]
CodeHeap 'non-nmethods': size=7488Kb used=1406Kb max_used=3170Kb free=6081Kb
 bounds [0x0000026a9bac0000, 0x0000026a9bdf0000, 0x0000026a9c210000]
CodeCache: size=245760Kb, used=11591Kb, max_used=13355Kb, free=234166Kb
 total_blobs=3898, nmethods=3330, adapters=472, full_count=0
Compilation: enabled, stopped_count=0, restarted_count=0

Compilation events (20 events):
Event: 9.068 Thread 0x0000026aa8990ce0 3319       1       java.text.BreakIterator$BreakIteratorCache::getLocale (5 bytes)
Event: 9.068 Thread 0x0000026aa97b7260 3324       3       java.lang.Integer::equals (29 bytes)
Event: 9.068 Thread 0x0000026aaf4e8660 3321   !   3       sun.nio.cs.StreamDecoder::inReady (36 bytes)
Event: 9.068 Thread 0x0000026aae843e30 nmethod 3317 0x0000026a9c4ee010 code [0x0000026a9c4ee1a0, 0x0000026a9c4ee268]
Event: 9.069 Thread 0x0000026aa8990ce0 nmethod 3319 0x0000026a9c4ee310 code [0x0000026a9c4ee4a0, 0x0000026a9c4ee568]
Event: 9.069 Thread 0x0000026aaff36470 3004       4       org.languagetool.rules.patterns.PatternToken::calcLemmaHints (6 bytes)
Event: 9.070 Thread 0x0000026aa97b7260 nmethod 3324 0x0000026a94d79e90 code [0x0000026a94d7a040, 0x0000026a94d7a3e0]
Event: 9.070 Thread 0x0000026aafd26080 nmethod 3159 0x0000026a9c4ee610 code [0x0000026a9c4ee7a0, 0x0000026a9c4ee848]
Event: 9.070 Thread 0x0000026aaf4e8660 nmethod 3321 0x0000026a94d7a490 code [0x0000026a94d7a660, 0x0000026a94d7aa18]
Event: 9.071 Thread 0x0000026aafd259d0 nmethod 3306 0x0000026a9c4ee910 code [0x0000026a9c4eeaa0, 0x0000026a9c4eeb30]
Event: 9.072 Thread 0x0000026aafd26080 2770       4       java.util.ArrayList$ArrayListSpliterator::getFence (35 bytes)
Event: 9.072 Thread 0x0000026aaf4e8660 3325       1       org.languagetool.language.Portuguese::getShortCode (3 bytes)
Event: 9.073 Thread 0x0000026aaf4e8660 nmethod 3325 0x0000026a9c4eec10 code [0x0000026a9c4eeda0, 0x0000026a9c4eee70]
Event: 9.073 Thread 0x0000026aa97b7260 3326       3       jdk.internal.loader.BuiltinClassLoader::checkURL (5 bytes)
Event: 9.073 Thread 0x0000026aaf4e8660 3327   !   3       jdk.internal.loader.URLClassPath::checkURL (16 bytes)
Event: 9.074 Thread 0x0000026aaf4e8660 nmethod 3327 0x0000026a94d7ab10 code [0x0000026a94d7acc0, 0x0000026a94d7ae78]
Event: 9.074 Thread 0x0000026aa97b7260 nmethod 3326 0x0000026a94d7af10 code [0x0000026a94d7b0c0, 0x0000026a94d7b2a8]
Event: 9.077 Thread 0x0000026aafd26080 nmethod 2770 0x0000026a9c4eef10 code [0x0000026a9c4ef0a0, 0x0000026a9c4ef158]
Event: 9.116 Thread 0x0000026aaec3ab80 nmethod 3064 0x0000026a9c4ef210 code [0x0000026a9c4ef500, 0x0000026a9c4f0980]
Event: 9.123 Thread 0x0000026aaf48d020 nmethod 3310 0x0000026a9c4f1590 code [0x0000026a9c4f1780, 0x0000026a9c4f1f10]

GC Heap History (20 events):
Event: 3.115 GC heap before
{Heap before GC invocations=1 (full 0):
 garbage-first heap   total 65536K, used 22944K [0x0000000080000000, 0x0000000100000000)
  region size 1024K, 20 young (20480K), 3 survivors (3072K)
 Metaspace       used 21284K, committed 21504K, reserved 1114112K
  class space    used 2047K, committed 2176K, reserved 1048576K
}
Event: 3.129 GC heap after
{Heap after GC invocations=2 (full 0):
 garbage-first heap   total 65536K, used 10392K [0x0000000080000000, 0x0000000100000000)
  region size 1024K, 3 young (3072K), 3 survivors (3072K)
 Metaspace       used 21284K, committed 21504K, reserved 1114112K
  class space    used 2047K, committed 2176K, reserved 1048576K
}
Event: 4.498 GC heap before
{Heap before GC invocations=3 (full 0):
 garbage-first heap   total 65536K, used 37016K [0x0000000080000000, 0x0000000100000000)
  region size 1024K, 29 young (29696K), 3 survivors (3072K)
 Metaspace       used 23116K, committed 23296K, reserved 1114112K
  class space    used 2224K, committed 2304K, reserved 1048576K
}
Event: 4.525 GC heap after
{Heap after GC invocations=4 (full 0):
 garbage-first heap   total 65536K, used 18857K [0x0000000080000000, 0x0000000100000000)
  region size 1024K, 4 young (4096K), 4 survivors (4096K)
 Metaspace       used 23116K, committed 23296K, reserved 1114112K
  class space    used 2224K, committed 2304K, reserved 1048576K
}
Event: 5.182 GC heap before
{Heap before GC invocations=4 (full 0):
 garbage-first heap   total 65536K, used 41385K [0x0000000080000000, 0x0000000100000000)
  region size 1024K, 26 young (26624K), 4 survivors (4096K)
 Metaspace       used 23243K, committed 23488K, reserved 1114112K
  class space    used 2229K, committed 2304K, reserved 1048576K
}
Event: 5.204 GC heap after
{Heap after GC invocations=5 (full 0):
 garbage-first heap   total 65536K, used 22187K [0x0000000080000000, 0x0000000100000000)
  region size 1024K, 3 young (3072K), 3 survivors (3072K)
 Metaspace       used 23243K, committed 23488K, reserved 1114112K
  class space    used 2229K, committed 2304K, reserved 1048576K
}
Event: 5.508 GC heap before
{Heap before GC invocations=5 (full 0):
 garbage-first heap   total 65536K, used 45739K [0x0000000080000000, 0x0000000100000000)
  region size 1024K, 26 young (26624K), 3 survivors (3072K)
 Metaspace       used 23265K, committed 23488K, reserved 1114112K
  class space    used 2229K, committed 2304K, reserved 1048576K
}
Event: 5.524 GC heap after
{Heap after GC invocations=6 (full 0):
 garbage-first heap   total 65536K, used 25495K [0x0000000080000000, 0x0000000100000000)
  region size 1024K, 3 young (3072K), 3 survivors (3072K)
 Metaspace       used 23265K, committed 23488K, reserved 1114112K
  class space    used 2229K, committed 2304K, reserved 1048576K
}
Event: 5.992 GC heap before
{Heap before GC invocations=6 (full 0):
 garbage-first heap   total 65536K, used 53143K [0x0000000080000000, 0x0000000100000000)
  region size 1024K, 26 young (26624K), 3 survivors (3072K)
 Metaspace       used 23565K, committed 23744K, reserved 1114112K
  class space    used 2268K, committed 2368K, reserved 1048576K
}
Event: 6.011 GC heap after
{Heap after GC invocations=7 (full 0):
 garbage-first heap   total 88064K, used 29258K [0x0000000080000000, 0x0000000100000000)
  region size 1024K, 3 young (3072K), 3 survivors (3072K)
 Metaspace       used 23565K, committed 23744K, reserved 1114112K
  class space    used 2268K, committed 2368K, reserved 1048576K
}
Event: 6.716 GC heap before
{Heap before GC invocations=7 (full 0):
 garbage-first heap   total 88064K, used 70218K [0x0000000080000000, 0x0000000100000000)
  region size 1024K, 43 young (44032K), 3 survivors (3072K)
 Metaspace       used 23597K, committed 23872K, reserved 1114112K
  class space    used 2270K, committed 2432K, reserved 1048576K
}
Event: 6.741 GC heap after
{Heap after GC invocations=8 (full 0):
 garbage-first heap   total 88064K, used 34379K [0x0000000080000000, 0x0000000100000000)
  region size 1024K, 6 young (6144K), 6 survivors (6144K)
 Metaspace       used 23597K, committed 23872K, reserved 1114112K
  class space    used 2270K, committed 2432K, reserved 1048576K
}
Event: 7.221 GC heap before
{Heap before GC invocations=8 (full 0):
 garbage-first heap   total 88064K, used 70219K [0x0000000080000000, 0x0000000100000000)
  region size 1024K, 41 young (41984K), 6 survivors (6144K)
 Metaspace       used 23610K, committed 23872K, reserved 1114112K
  class space    used 2272K, committed 2432K, reserved 1048576K
}
Event: 7.254 GC heap after
{Heap after GC invocations=9 (full 0):
 garbage-first heap   total 88064K, used 39744K [0x0000000080000000, 0x0000000100000000)
  region size 1024K, 5 young (5120K), 5 survivors (5120K)
 Metaspace       used 23610K, committed 23872K, reserved 1114112K
  class space    used 2272K, committed 2432K, reserved 1048576K
}
Event: 7.855 GC heap before
{Heap before GC invocations=9 (full 0):
 garbage-first heap   total 88064K, used 72512K [0x0000000080000000, 0x0000000100000000)
  region size 1024K, 37 young (37888K), 5 survivors (5120K)
 Metaspace       used 23708K, committed 24000K, reserved 1114112K
  class space    used 2284K, committed 2432K, reserved 1048576K
}
Event: 7.883 GC heap after
{Heap after GC invocations=10 (full 0):
 garbage-first heap   total 88064K, used 44454K [0x0000000080000000, 0x0000000100000000)
  region size 1024K, 5 young (5120K), 5 survivors (5120K)
 Metaspace       used 23708K, committed 24000K, reserved 1114112K
  class space    used 2284K, committed 2432K, reserved 1048576K
}
Event: 8.098 GC heap before
{Heap before GC invocations=10 (full 0):
 garbage-first heap   total 88064K, used 54694K [0x0000000080000000, 0x0000000100000000)
  region size 1024K, 16 young (16384K), 5 survivors (5120K)
 Metaspace       used 23796K, committed 24064K, reserved 1114112K
  class space    used 2293K, committed 2432K, reserved 1048576K
}
Event: 8.115 GC heap after
{Heap after GC invocations=11 (full 0):
 garbage-first heap   total 128000K, used 45831K [0x0000000080000000, 0x0000000100000000)
  region size 1024K, 2 young (2048K), 2 survivors (2048K)
 Metaspace       used 23796K, committed 24064K, reserved 1114112K
  class space    used 2293K, committed 2432K, reserved 1048576K
}
Event: 9.078 GC heap before
{Heap before GC invocations=11 (full 0):
 garbage-first heap   total 128000K, used 108295K [0x0000000080000000, 0x0000000100000000)
  region size 1024K, 61 young (62464K), 2 survivors (2048K)
 Metaspace       used 24189K, committed 24384K, reserved 1114112K
  class space    used 2335K, committed 2432K, reserved 1048576K
}
Event: 9.111 GC heap after
{Heap after GC invocations=12 (full 0):
 garbage-first heap   total 128000K, used 61194K [0x0000000080000000, 0x0000000100000000)
  region size 1024K, 8 young (8192K), 8 survivors (8192K)
 Metaspace       used 24189K, committed 24384K, reserved 1114112K
  class space    used 2335K, committed 2432K, reserved 1048576K
}

Dll operation events (9 events):
Event: 0.019 Loaded shared library c:\Users\karti\.vscode\extensions\ltex-plus.vscode-ltex-plus-15.7.1\lib\ltex-ls-plus-18.7.0\jdk-21.0.10+7\bin\java.dll
Event: 0.032 Loaded shared library c:\Users\karti\.vscode\extensions\ltex-plus.vscode-ltex-plus-15.7.1\lib\ltex-ls-plus-18.7.0\jdk-21.0.10+7\bin\zip.dll
Event: 0.133 Loaded shared library c:\Users\karti\.vscode\extensions\ltex-plus.vscode-ltex-plus-15.7.1\lib\ltex-ls-plus-18.7.0\jdk-21.0.10+7\bin\jsvml.dll
Event: 0.416 Loaded shared library C:\Users\karti\.vscode\extensions\ltex-plus.vscode-ltex-plus-15.7.1\lib\ltex-ls-plus-18.7.0\jdk-21.0.10+7\bin\net.dll
Event: 0.422 Loaded shared library C:\Users\karti\.vscode\extensions\ltex-plus.vscode-ltex-plus-15.7.1\lib\ltex-ls-plus-18.7.0\jdk-21.0.10+7\bin\nio.dll
Event: 0.446 Loaded shared library C:\Users\karti\.vscode\extensions\ltex-plus.vscode-ltex-plus-15.7.1\lib\ltex-ls-plus-18.7.0\jdk-21.0.10+7\bin\zip.dll
Event: 0.880 Loaded shared library C:\Users\karti\.vscode\extensions\ltex-plus.vscode-ltex-plus-15.7.1\lib\ltex-ls-plus-18.7.0\jdk-21.0.10+7\bin\jimage.dll
Event: 1.128 Loaded shared library C:\Users\karti\AppData\Local\Temp\jansi-2.4.3-635f68b065f15ad3-jansi.dll
Event: 1.182 Loaded shared library c:\Users\karti\.vscode\extensions\ltex-plus.vscode-ltex-plus-15.7.1\lib\ltex-ls-plus-18.7.0\jdk-21.0.10+7\bin\verify.dll

Deoptimization events (20 events):
Event: 9.012 Thread 0x0000026a91c97650 Uncommon trap: trap_request=0xffffff45 fr.pc=0x0000026a9c2c3658 relative=0x00000000000026d8
Event: 9.013 Thread 0x0000026a91c97650 Uncommon trap: reason=unstable_if action=reinterpret pc=0x0000026a9c2c3658 method=java.lang.String.split(Ljava/lang/String;IZ)[Ljava/lang/String; @ 44 c2
Event: 9.013 Thread 0x0000026a91c97650 DEOPT PACKING pc=0x0000026a9c2c3658 sp=0x00000071b51fd4a0
Event: 9.013 Thread 0x0000026a91c97650 DEOPT UNPACKING pc=0x0000026a9bb143a2 sp=0x00000071b51fd430 mode 2
Event: 9.013 Thread 0x0000026a91c97650 Uncommon trap: trap_request=0xffffff45 fr.pc=0x0000026a9c275010 relative=0x0000000000000410
Event: 9.014 Thread 0x0000026a91c97650 Uncommon trap: reason=unstable_if action=reinterpret pc=0x0000026a9c275010 method=java.util.regex.Pattern$BmpCharPropertyGreedy.match(Ljava/util/regex/Matcher;ILjava/lang/CharSequence;)Z @ 12 c2
Event: 9.014 Thread 0x0000026a91c97650 DEOPT PACKING pc=0x0000026a9c275010 sp=0x00000071b51fd2a0
Event: 9.014 Thread 0x0000026a91c97650 DEOPT UNPACKING pc=0x0000026a9bb143a2 sp=0x00000071b51fd228 mode 2
Event: 9.016 Thread 0x0000026a91c97650 Uncommon trap: trap_request=0xffffff45 fr.pc=0x0000026a9c2beadc relative=0x000000000000285c
Event: 9.016 Thread 0x0000026a91c97650 Uncommon trap: reason=unstable_if action=reinterpret pc=0x0000026a9c2beadc method=java.lang.String.split(Ljava/lang/String;IZ)[Ljava/lang/String; @ 44 c2
Event: 9.016 Thread 0x0000026a91c97650 DEOPT PACKING pc=0x0000026a9c2beadc sp=0x00000071b51fd1b0
Event: 9.016 Thread 0x0000026a91c97650 DEOPT UNPACKING pc=0x0000026a9bb143a2 sp=0x00000071b51fd1b8 mode 2
Event: 9.023 Thread 0x0000026a91c97650 Uncommon trap: trap_request=0xffffffc6 fr.pc=0x0000026a9c4c2eb8 relative=0x0000000000000358
Event: 9.023 Thread 0x0000026a91c97650 Uncommon trap: reason=bimorphic_or_optimized_type_check action=maybe_recompile pc=0x0000026a9c4c2eb8 method=java.nio.Buffer.<init>(IIIILjava/lang/foreign/MemorySegment;)V @ 39 c2
Event: 9.023 Thread 0x0000026a91c97650 DEOPT PACKING pc=0x0000026a9c4c2eb8 sp=0x00000071b51fcb60
Event: 9.023 Thread 0x0000026a91c97650 DEOPT UNPACKING pc=0x0000026a9bb143a2 sp=0x00000071b51fcb08 mode 2
Event: 9.023 Thread 0x0000026a91c97650 Uncommon trap: trap_request=0xffffffc6 fr.pc=0x0000026a9c467ca4 relative=0x00000000000014e4
Event: 9.023 Thread 0x0000026a91c97650 Uncommon trap: reason=bimorphic_or_optimized_type_check action=maybe_recompile pc=0x0000026a9c467ca4 method=java.util.TimSort.countRunAndMakeAscending([Ljava/lang/Object;IILjava/util/Comparator;)I @ 43 c2
Event: 9.024 Thread 0x0000026a91c97650 DEOPT PACKING pc=0x0000026a9c467ca4 sp=0x00000071b51fcef0
Event: 9.024 Thread 0x0000026a91c97650 DEOPT UNPACKING pc=0x0000026a9bb143a2 sp=0x00000071b51fceb8 mode 2

Classes loaded (20 events):
Event: 9.017 Loading class sun/text/resources/BreakIteratorInfo
Event: 9.017 Loading class sun/text/resources/BreakIteratorInfo done
Event: 9.018 Loading class sun/text/resources/BreakIteratorResources
Event: 9.018 Loading class sun/util/resources/BreakIteratorResourceBundle
Event: 9.019 Loading class sun/util/resources/BreakIteratorResourceBundle done
Event: 9.020 Loading class sun/text/resources/BreakIteratorResources done
Event: 9.020 Loading class sun/text/resources/BreakIteratorResources_en
Event: 9.020 Loading class sun/text/resources/BreakIteratorResources_en done
Event: 9.024 Loading class sun/text/RuleBasedBreakIterator
Event: 9.025 Loading class sun/text/RuleBasedBreakIterator done
Event: 9.026 Loading class sun/text/CompactByteArray
Event: 9.026 Loading class sun/text/CompactByteArray done
Event: 9.028 Loading class sun/text/SupplementaryCharacterData
Event: 9.028 Loading class sun/text/SupplementaryCharacterData done
Event: 9.029 Loading class java/text/BreakIterator$BreakIteratorCache
Event: 9.030 Loading class java/text/BreakIterator$BreakIteratorCache done
Event: 9.030 Loading class java/text/StringCharacterIterator
Event: 9.031 Loading class java/text/CharacterIterator
Event: 9.031 Loading class java/text/CharacterIterator done
Event: 9.031 Loading class java/text/StringCharacterIterator done

Classes unloaded (0 events):
No events

Classes redefined (0 events):
No events

Internal exceptions (20 events):
Event: 1.136 Thread 0x0000026a91c97650 Exception <a 'java/lang/NullPointerException'{0x00000000838dfb50}> (0x00000000838dfb50) 
thrown [s\src\hotspot\share\interpreter\linkResolver.cpp, line 1372]
Event: 1.136 Thread 0x0000026a91c97650 Exception <a 'java/lang/NullPointerException'{0x00000000838dfe30}> (0x00000000838dfe30) 
thrown [s\src\hotspot\share\interpreter\linkResolver.cpp, line 1372]
Event: 1.136 Thread 0x0000026a91c97650 Exception <a 'java/lang/NullPointerException'{0x00000000838e0110}> (0x00000000838e0110) 
thrown [s\src\hotspot\share\interpreter\linkResolver.cpp, line 1372]
Event: 1.136 Thread 0x0000026a91c97650 Exception <a 'java/lang/NullPointerException'{0x00000000838e03f0}> (0x00000000838e03f0) 
thrown [s\src\hotspot\share\interpreter\linkResolver.cpp, line 1372]
Event: 1.620 Thread 0x0000026a91c97650 Exception <a 'java/lang/NoSuchMethodError'{0x0000000083059e10}: 'int java.lang.invoke.DirectMethodHandle$Holder.invokeSpecial(java.lang.Object, java.lang.Object, java.lang.Object)'> (0x0000000083059e10) 
thrown [s\src\hotspot\share\interpreter\linkResolver.cpp, line 773]
Event: 1.622 Thread 0x0000026a91c97650 Exception <a 'java/lang/NoSuchMethodError'{0x00000000830646c8}: 'void java.lang.invoke.DelegatingMethodHandle$Holder.reinvoke_L(java.lang.Object, java.lang.Object, int)'> (0x00000000830646c8) 
thrown [s\src\hotspot\share\interpreter\linkResolver.cpp, line 773]
Event: 1.623 Thread 0x0000026a91c97650 Exception <a 'java/lang/NoSuchMethodError'{0x000000008306b068}: 'int java.lang.invoke.Invokers$Holder.invokeExact_MT(java.lang.Object, java.lang.Object, java.lang.Object)'> (0x000000008306b068) 
thrown [s\src\hotspot\share\interpreter\linkResolver.cpp, line 773]
Event: 1.629 Thread 0x0000026a91c97650 Exception <a 'java/lang/NoSuchMethodError'{0x000000008307b998}: 'void java.lang.invoke.Invokers$Holder.invokeExact_MT(java.lang.Object, java.lang.Object, java.lang.Object, java.lang.Object)'> (0x000000008307b998) 
thrown [s\src\hotspot\share\interpreter\linkResolver.cpp, line 773]
Event: 1.715 Thread 0x0000026a91c97650 Exception <a 'java/lang/NoSuchMethodError'{0x0000000082fe2a70}: 'void java.lang.invoke.DirectMethodHandle$Holder.invokeVirtual(java.lang.Object, java.lang.Object)'> (0x0000000082fe2a70) 
thrown [s\src\hotspot\share\interpreter\linkResolver.cpp, line 773]
Event: 2.188 Thread 0x0000026a91c97650 Exception <a 'java/lang/NoSuchMethodError'{0x00000000829ee440}: 'java.lang.Object java.lang.invoke.DirectMethodHandle$Holder.invokeStaticInit(java.lang.Object, java.lang.Object, java.lang.Object)'> (0x00000000829ee440) 
thrown [s\src\hotspot\share\interpreter\linkResolver.cpp, line 773]
Event: 2.217 Thread 0x0000026a91c97650 Exception <a 'java/lang/NoClassDefFoundError'{0x0000000083f156a8}: org/apache/logging/log4j/spi/LoggerAdapter> (0x0000000083f156a8) 
thrown [s\src\hotspot\share\classfile\systemDictionary.cpp, line 301]
Event: 2.334 Thread 0x0000026a91c97650 Exception <a 'java/lang/ClassNotFoundException'{0x0000000083e91600}: com/sun/org/apache/xerces/internal/impl/xpath/regex/spi/messageProvider> (0x0000000083e91600) 
thrown [s\src\hotspot\share\classfile\systemDictionary.cpp, line 312]
Event: 2.835 Thread 0x0000026a91c97650 Exception <a 'java/lang/NoSuchMethodError'{0x00000000835c4178}: 'java.lang.Object java.lang.invoke.DirectMethodHandle$Holder.invokeInterface(java.lang.Object, java.lang.Object)'> (0x00000000835c4178) 
thrown [s\src\hotspot\share\interpreter\linkResolver.cpp, line 773]
Event: 2.835 Thread 0x0000026a91c97650 Exception <a 'java/lang/IncompatibleClassChangeError'{0x00000000835c7750}: Found class java.lang.Object, but interface was expected> (0x00000000835c7750) 
thrown [s\src\hotspot\share\interpreter\linkResolver.cpp, line 840]
Event: 3.158 Thread 0x0000026a91c97650 Exception <a 'java/lang/NoSuchMethodError'{0x0000000083f8e3a0}: 'java.lang.Object java.lang.invoke.Invokers$Holder.invokeExact_MT(java.lang.Object, java.lang.Object, java.lang.Object, java.lang.Object, java.lang.Object, java.lang.Object)'> (0x0000000083f8e3a0) 
thrown [s\src\hotspot\share\interpreter\linkResolver.cpp, line 773]
Event: 3.207 Thread 0x0000026a91c97650 Exception <a 'java/lang/NoSuchMethodError'{0x0000000083edf080}: 'int java.lang.invoke.DirectMethodHandle$Holder.invokeVirtual(java.lang.Object, java.lang.Object, java.lang.Object)'> (0x0000000083edf080) 
thrown [s\src\hotspot\share\interpreter\linkResolver.cpp, line 773]
Event: 3.284 Thread 0x0000026a91c97650 Exception <a 'java/lang/NoSuchMethodError'{0x0000000083bc3f38}: 'void java.lang.invoke.DirectMethodHandle$Holder.invokeInterface(java.lang.Object, java.lang.Object, java.lang.Object)'> (0x0000000083bc3f38) 
thrown [s\src\hotspot\share\interpreter\linkResolver.cpp, line 773]
Event: 3.362 Thread 0x0000026a91c97650 Exception <a 'java/lang/NoSuchMethodError'{0x0000000083aae630}: 'java.lang.Object java.lang.invoke.DirectMethodHandle$Holder.invokeVirtual(java.lang.Object, java.lang.Object, java.lang.Object)'> (0x0000000083aae630) 
thrown [s\src\hotspot\share\interpreter\linkResolver.cpp, line 773]
Event: 7.022 Thread 0x0000026a91c97650 Implicit null exception at 0x0000026a9c3eaae2 to 0x0000026a9c3ec3a0
Event: 8.065 Thread 0x0000026a91c97650 Implicit null exception at 0x0000026a9c36f381 to 0x0000026a9c36f3b4

ZGC Phase Switch (0 events):
No events

VM Operations (20 events):
Event: 4.336 Executing safepoint VM operation: ICBufferFull
Event: 4.336 Executing safepoint VM operation: ICBufferFull done
Event: 4.498 Executing safepoint VM operation: G1CollectForAllocation (G1 Evacuation Pause)
Event: 4.525 Executing safepoint VM operation: G1CollectForAllocation (G1 Evacuation Pause) done
Event: 5.182 Executing safepoint VM operation: G1CollectForAllocation (G1 Evacuation Pause)
Event: 5.204 Executing safepoint VM operation: G1CollectForAllocation (G1 Evacuation Pause) done
Event: 5.508 Executing safepoint VM operation: G1CollectForAllocation (G1 Evacuation Pause)
Event: 5.524 Executing safepoint VM operation: G1CollectForAllocation (G1 Evacuation Pause) done
Event: 5.992 Executing safepoint VM operation: G1CollectForAllocation (G1 Evacuation Pause)
Event: 6.011 Executing safepoint VM operation: G1CollectForAllocation (G1 Evacuation Pause) done
Event: 6.716 Executing safepoint VM operation: G1CollectForAllocation (G1 Evacuation Pause)
Event: 6.741 Executing safepoint VM operation: G1CollectForAllocation (G1 Evacuation Pause) done
Event: 7.221 Executing safepoint VM operation: G1CollectForAllocation (G1 Evacuation Pause)
Event: 7.254 Executing safepoint VM operation: G1CollectForAllocation (G1 Evacuation Pause) done
Event: 7.855 Executing safepoint VM operation: G1CollectForAllocation (G1 Evacuation Pause)
Event: 7.883 Executing safepoint VM operation: G1CollectForAllocation (G1 Evacuation Pause) done
Event: 8.098 Executing safepoint VM operation: G1TryInitiateConcMark (G1 Humongous Allocation)
Event: 8.115 Executing safepoint VM operation: G1TryInitiateConcMark (G1 Humongous Allocation) done
Event: 9.078 Executing safepoint VM operation: G1CollectForAllocation (G1 Evacuation Pause)
Event: 9.111 Executing safepoint VM operation: G1CollectForAllocation (G1 Evacuation Pause) done

Memory protections (0 events):
No events

Nmethod flushes (0 events):
No events

Events (20 events):
Event: 2.955 Thread 0x0000026aae843e30 Thread added: 0x0000026aaee0f010
Event: 2.972 Thread 0x0000026aa8990ce0 Thread added: 0x0000026aafcb5330
Event: 2.980 Thread 0x0000026aae843e30 Thread added: 0x0000026aaf4e8660
Event: 2.981 Thread 0x0000026aafcb5330 Thread added: 0x0000026aaf446480
Event: 3.157 Thread 0x0000026aaf446480 Thread exited: 0x0000026aaf446480
Event: 3.159 Thread 0x0000026aaf4e8660 Thread exited: 0x0000026aaf4e8660
Event: 3.159 Thread 0x0000026aafcb5330 Thread exited: 0x0000026aafcb5330
Event: 3.168 Thread 0x0000026aaee0f010 Thread exited: 0x0000026aaee0f010
Event: 3.168 Thread 0x0000026aaf317bf0 Thread exited: 0x0000026aaf317bf0
Event: 3.214 Thread 0x0000026aae843e30 Thread added: 0x0000026aaf4e8660
Event: 3.223 Thread 0x0000026aa97b7260 Thread added: 0x0000026aaf48d020
Event: 3.240 Thread 0x0000026aaf48d020 Thread added: 0x0000026aaff36470
Event: 3.241 Thread 0x0000026aaf48d020 Thread added: 0x0000026aaff9ec90
Event: 3.241 Thread 0x0000026aaf48d020 Thread added: 0x0000026ab00c4e30
Event: 4.203 Thread 0x0000026ab00c4e30 Thread exited: 0x0000026ab00c4e30
Event: 4.212 Thread 0x0000026aaff9ec90 Thread exited: 0x0000026aaff9ec90
Event: 4.546 Thread 0x0000026aa97b7260 Thread added: 0x0000026ab0397420
Event: 5.180 Thread 0x0000026aaec3ab80 Thread added: 0x0000026aafd259d0
Event: 5.180 Thread 0x0000026aaec3ab80 Thread added: 0x0000026aafd26080
Event: 5.306 Thread 0x0000026aa8990ce0 Thread added: 0x0000026ab0a92c80


Dynamic libraries:
0x00007ff6c1990000 - 0x00007ff6c199e000 	c:\Users\karti\.vscode\extensions\ltex-plus.vscode-ltex-plus-15.7.1\lib\ltex-ls-plus-18.7.0\jdk-21.0.10+7\bin\java.exe
0x00007ff89e8a0000 - 0x00007ff89eb06000 	C:\WINDOWS\SYSTEM32\ntdll.dll
0x00007ff89d6d0000 - 0x00007ff89d799000 	C:\WINDOWS\System32\KERNEL32.DLL
0x00007ff89c1e0000 - 0x00007ff89c5da000 	C:\WINDOWS\System32\KERNELBASE.dll
0x00007ff89bf60000 - 0x00007ff89c0ac000 	C:\WINDOWS\System32\ucrtbase.dll
0x00007ff887a60000 - 0x00007ff887a78000 	c:\Users\karti\.vscode\extensions\ltex-plus.vscode-ltex-plus-15.7.1\lib\ltex-ls-plus-18.7.0\jdk-21.0.10+7\bin\jli.dll
0x00007ff887770000 - 0x00007ff88778e000 	c:\Users\karti\.vscode\extensions\ltex-plus.vscode-ltex-plus-15.7.1\lib\ltex-ls-plus-18.7.0\jdk-21.0.10+7\bin\VCRUNTIME140.dll
0x00007ff89c670000 - 0x00007ff89c837000 	C:\WINDOWS\System32\USER32.dll
0x00007ff89c5e0000 - 0x00007ff89c607000 	C:\WINDOWS\System32\win32u.dll
0x00007ff8775c0000 - 0x00007ff877852000 	C:\WINDOWS\WinSxS\amd64_microsoft.windows.common-controls_6595b64144ccf1df_6.0.26100.8521_none_3e08b75ce33403b3\COMCTL32.dll
0x00007ff89db20000 - 0x00007ff89db4b000 	C:\WINDOWS\System32\GDI32.dll
0x00007ff89c0b0000 - 0x00007ff89c1db000 	C:\WINDOWS\System32\gdi32full.dll
0x00007ff89beb0000 - 0x00007ff89bf53000 	C:\WINDOWS\System32\msvcp_win.dll
0x00007ff89dbd0000 - 0x00007ff89dc79000 	C:\WINDOWS\System32\msvcrt.dll
0x00007ff89e660000 - 0x00007ff89e692000 	C:\WINDOWS\System32\IMM32.DLL
0x00007ff887c60000 - 0x00007ff887c6c000 	c:\Users\karti\.vscode\extensions\ltex-plus.vscode-ltex-plus-15.7.1\lib\ltex-ls-plus-18.7.0\jdk-21.0.10+7\bin\vcruntime140_1.dll
0x00007ff882370000 - 0x00007ff8823fd000 	c:\Users\karti\.vscode\extensions\ltex-plus.vscode-ltex-plus-15.7.1\lib\ltex-ls-plus-18.7.0\jdk-21.0.10+7\bin\msvcp140.dll
0x00007fffdc930000 - 0x00007fffdd6d1000 	c:\Users\karti\.vscode\extensions\ltex-plus.vscode-ltex-plus-15.7.1\lib\ltex-ls-plus-18.7.0\jdk-21.0.10+7\bin\server\jvm.dll
0x00007ff89d090000 - 0x00007ff89d146000 	C:\WINDOWS\System32\ADVAPI32.dll
0x00007ff89e6a0000 - 0x00007ff89e74a000 	C:\WINDOWS\System32\sechost.dll
0x00007ff89d7a0000 - 0x00007ff89d8b8000 	C:\WINDOWS\System32\RPCRT4.dll
0x00007ff89d8d0000 - 0x00007ff89d950000 	C:\WINDOWS\System32\WS2_32.dll
0x00007ff88ff50000 - 0x00007ff88ff86000 	C:\WINDOWS\SYSTEM32\WINMM.dll
0x00007ff89b990000 - 0x00007ff89b9ee000 	C:\WINDOWS\SYSTEM32\POWRPROF.dll
0x00007ff88fc10000 - 0x00007ff88fc1b000 	C:\WINDOWS\SYSTEM32\VERSION.dll
0x00007ff89b970000 - 0x00007ff89b984000 	C:\WINDOWS\SYSTEM32\UMPDC.dll
0x00007ff89a8c0000 - 0x00007ff89a8db000 	C:\WINDOWS\SYSTEM32\kernel.appcore.dll
0x00007ff887760000 - 0x00007ff88776a000 	c:\Users\karti\.vscode\extensions\ltex-plus.vscode-ltex-plus-15.7.1\lib\ltex-ls-plus-18.7.0\jdk-21.0.10+7\bin\jimage.dll
0x00007ff898c60000 - 0x00007ff898ea2000 	C:\WINDOWS\SYSTEM32\DBGHELP.DLL
0x00007ff89d340000 - 0x00007ff89d6c3000 	C:\WINDOWS\System32\combase.dll
0x00007ff89e780000 - 0x00007ff89e859000 	C:\WINDOWS\System32\OLEAUT32.dll
0x00007ff876c50000 - 0x00007ff876c8b000 	C:\WINDOWS\SYSTEM32\dbgcore.DLL
0x00007ff89be00000 - 0x00007ff89bea8000 	C:\WINDOWS\System32\bcryptPrimitives.dll
0x00007ff885df0000 - 0x00007ff885e10000 	c:\Users\karti\.vscode\extensions\ltex-plus.vscode-ltex-plus-15.7.1\lib\ltex-ls-plus-18.7.0\jdk-21.0.10+7\bin\java.dll
0x00007ff885dd0000 - 0x00007ff885de8000 	c:\Users\karti\.vscode\extensions\ltex-plus.vscode-ltex-plus-15.7.1\lib\ltex-ls-plus-18.7.0\jdk-21.0.10+7\bin\zip.dll
0x00007ff89dd20000 - 0x00007ff89e4a4000 	C:\WINDOWS\System32\SHELL32.dll
0x00007ff8996f0000 - 0x00007ff899f70000 	C:\WINDOWS\SYSTEM32\windows.storage.dll
0x00007ff89d960000 - 0x00007ff89da56000 	C:\WINDOWS\System32\SHCORE.dll
0x00007ff89dc90000 - 0x00007ff89dcf7000 	C:\WINDOWS\System32\shlwapi.dll
0x00007ff89ba50000 - 0x00007ff89ba79000 	C:\WINDOWS\SYSTEM32\profapi.dll
0x00007ff84e180000 - 0x00007ff84e257000 	c:\Users\karti\.vscode\extensions\ltex-plus.vscode-ltex-plus-15.7.1\lib\ltex-ls-plus-18.7.0\jdk-21.0.10+7\bin\jsvml.dll
0x00007ff887470000 - 0x00007ff887480000 	C:\Users\karti\.vscode\extensions\ltex-plus.vscode-ltex-plus-15.7.1\lib\ltex-ls-plus-18.7.0\jdk-21.0.10+7\bin\net.dll
0x00007ff88abd0000 - 0x00007ff88acf9000 	C:\WINDOWS\SYSTEM32\WINHTTP.dll
0x00007ff89ae30000 - 0x00007ff89ae9c000 	C:\WINDOWS\system32\mswsock.dll
0x00007ff885b90000 - 0x00007ff885ba6000 	C:\Users\karti\.vscode\extensions\ltex-plus.vscode-ltex-plus-15.7.1\lib\ltex-ls-plus-18.7.0\jdk-21.0.10+7\bin\nio.dll
0x00007ff8850b0000 - 0x00007ff8850d4000 	C:\Users\karti\AppData\Local\Temp\jansi-2.4.3-635f68b065f15ad3-jansi.dll
0x00007ff885d20000 - 0x00007ff885d30000 	c:\Users\karti\.vscode\extensions\ltex-plus.vscode-ltex-plus-15.7.1\lib\ltex-ls-plus-18.7.0\jdk-21.0.10+7\bin\verify.dll

JVMTI agents: none

dbghelp: loaded successfully - version: 4.0.5 - missing functions: none
symbol engine: initialized successfully - sym options: 0x614 - pdb path: .;c:\Users\karti\.vscode\extensions\ltex-plus.vscode-ltex-plus-15.7.1\lib\ltex-ls-plus-18.7.0\jdk-21.0.10+7\bin;C:\WINDOWS\SYSTEM32;C:\WINDOWS\WinSxS\amd64_microsoft.windows.common-controls_6595b64144ccf1df_6.0.26100.8521_none_3e08b75ce33403b3;c:\Users\karti\.vscode\extensions\ltex-plus.vscode-ltex-plus-15.7.1\lib\ltex-ls-plus-18.7.0\jdk-21.0.10+7\bin\server;C:\Users\karti\AppData\Local\Temp

VM Arguments:
jvm_args: -Xms64m -Xmx2048m -Dapp.name=ltex-ls-plus -Dapp.repo=c:\Users\karti\.vscode\extensions\ltex-plus.vscode-ltex-plus-15.7.1\lib\ltex-ls-plus-18.7.0\lib -Dapp.home=c:\Users\karti\.vscode\extensions\ltex-plus.vscode-ltex-plus-15.7.1\lib\ltex-ls-plus-18.7.0 -Dbasedir=c:\Users\karti\.vscode\extensions\ltex-plus.vscode-ltex-plus-15.7.1\lib\ltex-ls-plus-18.7.0 
java_command: org.bsplines.ltexls.LtexLanguageServerLauncher
java_class_path (initial): c:\Users\karti\.vscode\extensions\ltex-plus.vscode-ltex-plus-15.7.1\lib\ltex-ls-plus-18.7.0\etc;c:\Users\karti\.vscode\extensions\ltex-plus.vscode-ltex-plus-15.7.1\lib\ltex-ls-plus-18.7.0\lib\aho-corasick-double-array-trie-1.2.2.jar;c:\Users\karti\.vscode\extensions\ltex-plus.vscode-ltex-plus-15.7.1\lib\ltex-ls-plus-18.7.0\lib\angus-activation-2.0.2.jar;c:\Users\karti\.vscode\extensions\ltex-plus.vscode-ltex-plus-15.7.1\lib\ltex-ls-plus-18.7.0\lib\animal-sniffer-annotations-1.24.jar;c:\Users\karti\.vscode\extensions\ltex-plus.vscode-ltex-plus-15.7.1\lib\ltex-ls-plus-18.7.0\lib\annotations-12.0.jar;c:\Users\karti\.vscode\extensions\ltex-plus.vscode-ltex-plus-15.7.1\lib\ltex-ls-plus-18.7.0\lib\annotations-13.0.jar;c:\Users\karti\.vscode\extensions\ltex-plus.vscode-ltex-plus-15.7.1\lib\ltex-ls-plus-18.7.0\lib\annotations-4.1.1.4.jar;c:\Users\karti\.vscode\extensions\ltex-plus.vscode-ltex-plus-15.7.1\lib\ltex-ls-plus-18.7.0\lib\asturian-pos-dict-0.1.jar;c:\Users\karti\.vscode\extensions\ltex-plus.vscode-ltex-plus-15.7.1\lib\ltex-ls-plus-18.7.0\lib\catalan-pos-dict-3.3.jar;c:\Users\karti\.vscode\extensions\ltex-plus.vscode-ltex-plus-15.7.1\lib\ltex-ls-plus-18.7.0\lib\commons-digester-2.1.jar;c:\Users\karti\.vscode\extensions\ltex-plus.vscode-ltex-plus-15.7.1\lib\ltex-ls-plus-18.7.0\lib\commons-lang3-3.18.0.jar;c:\Users\karti\.vscode\extensions\ltex-plus.vscode-ltex-plus-15.7.1\lib\ltex-ls-plus-18.7.0\lib\commons-logging-1.3.4.jar;c:\Users\karti\.vscode\extensions\ltex-plus.vscode-ltex-plus-15.7.1\lib\ltex-ls-plus-18.7.0\lib\commons-pool2-2.12.0.jar;c:\Users\karti\.vscode\extensions\ltex-plus.vscode-ltex-plus-15.7.1\lib\ltex-ls-plus-18.7.0\lib\commons-text-1.12.0.jar;c:\Users\karti\.vscode\extensions\ltex-plus.vscode-ltex-plus-15.7.1\lib\ltex-ls-plus-18.7.0\lib\commons-validator-1.9.0.jar;c:\Users\karti\.vscode\extensions\ltex-plus.vscode-ltex-plus-15.7.1\lib\ltex-ls-plus-18.7.0\lib\dutch-pos-dict-0.1.jar;c:\Users\karti\.vscode\extensions\ltex-plus.vscode-ltex-plus-15.7.1\lib\ltex-ls-plus-18.7.0\lib\english-pos-dict-0.6.jar;c:\Users\karti\.vscode\extensions\ltex-plus.vscode-ltex-plus-15.7.1\lib\ltex-ls-plus-18.7.0\lib\error_prone_annotations-2.48.0.jar;c:\Users\karti\.vscode\extensions\ltex-plus.vscode-ltex-plus-15.7.1\lib\ltex-ls-plus-18.7.0\lib\failureaccess-1.0.3.jar;c:\Users\karti\.vscode\extensions\ltex-plus.vscode-ltex-plus-15.7.1\lib\ltex-ls-plus-18.7.0\lib\fastutil-core-8.5.14.jar;c:\Users\karti\.vscode\extensions\ltex-plus.vscode-ltex-plus-15.7.1\lib\ltex-ls-plus-18.7.0\lib\flexmark-0.64.8.jar;c:\Users\karti\.vscode\extensions\ltex-plus.vscode-ltex-plus-15.7.1\lib\ltex-ls-plus-18.7.0\lib\flexmark-ext-definition-0.64.8.jar;c:\Users\karti\.vscode\extensions\ltex-plus.vscode-ltex-plus-15.7.1\lib\ltex-ls-plus-18.7.0\lib\flexmark-ext-gfm-strikethrough-0.64.8.jar;c:\Users\karti\.vscode\extensions\ltex-plus.vscode-ltex-plus-15.7.1\lib\ltex-ls-plus-18.7.0\lib\flexmark-ext-gitlab-0.64.8.jar;c:\Users\karti\.vscode\extensions\ltex-plus.vscode-ltex-plus-15.7.1\lib\ltex-ls-plus-18.7.0\lib\flexmark-ext-tables-0.64.8.jar;c:\Users\karti\.vscode\extensions\ltex-plus.vscode-ltex-plus-15.7.1\lib\ltex-ls-plus-18.7.0\lib\flexmark-ext-yaml-front-matter-0.64.8.jar;c:\Users\karti\.vscode\extensions\ltex-plus.vscode-ltex-plus-15.7.1\lib\ltex-ls-plus-18.7.0\lib\flexmark-test-util-0.64.8.jar;c:\Users\karti\.vscode\extensions\ltex-plus.vscode-ltex-plus-15.7.1\lib\ltex-ls-plus-18.7.0\lib\flexmark-util-0.64.8.jar;c:\Users\karti\.vscode\extensions\ltex-plus.vscode-ltex-plus-15.7.1\lib\ltex-ls-plus-18.7.0\lib\flexmark-util-ast-0.64.8.jar;c:\Users\karti\.vscode\extensions\ltex-plus.vscode-ltex-plus-15.7.1\lib\ltex-ls-plus-18.7.0\lib\flexmark-util-builder-0.64.8.jar;c:\Users\karti\.vscode\extensions\ltex-plus.vscode-ltex-plus-15.7.1\lib\ltex-ls-plus-18.7.0\lib\flexmark-util-collection-0.64.8.jar;c:\Users\karti\.vscode\extensions\ltex-plus.vscode-ltex-plus-15.7.1\lib\ltex-ls-plus-18.7.0\lib\flexmark-util-data-0.64.8.jar;c:\Users\karti\.vscode\extensions\ltex-plus.vscode-ltex-plus-15.7.1\lib\ltex-ls-plus-18.7.0\lib\flexmark-util-dependency-0.64.8.jar;c:\Users\karti\.vscode\extensions\ltex-plus.vscode-ltex-plus-15.7.1\lib\ltex-ls-plus-18.7.0\lib\flexmark-util-format-0.64.8.jar;c:\Users\karti\.vscode\extensions\ltex-plus.vscode-ltex-plus-15.7.1\lib\ltex-ls-plus-18.7.0\lib\flexmark-util-html-0.64.8.jar;c:\Users\karti\.vscode\extensions\ltex-plus.vscode-ltex-plus-15.7.1\lib\ltex-ls-plus-18.7.0\lib\flexmark-util-misc-0.64.8.jar;c:\Users\karti\.vscode\extensions\ltex-plus.vscode-ltex-plus-15.7.1\lib\ltex-ls-plus-18.7.0\lib\flexmark-util-options-0.64.8.jar;c:\Users\karti\.vscode\extensions\ltex-plus.vscode-ltex-plus-15.7.1\lib\ltex-ls-plus-18.7.0\lib\flexmark-util-sequence-0.64.8.jar;c:\Users\karti\.vscode\extensions\ltex-plus.vscode-ltex-plus-15.7.1\lib\ltex-ls-plus-18.7.0\lib\flexmark-util-visitor-0.64.8.jar;c:\Users\karti\.vscode\extensions\ltex-plus.vscode-ltex-plus-15.7.1\lib\ltex-ls-plus-18.7.0\lib\french-pos-dict-0.7.jar;c:\Users\karti\.vscode\extensions\ltex-plus.vscode-ltex-plus-15.7.1\lib\ltex-ls-plus-18.7.0\lib\german-pos-dict-1.2.4.jar;c:\Users\karti\.vscode\extensions\ltex-plus.vscode-ltex-plus-15.7.1\lib\ltex-ls-plus-18.7.0\lib\grpc-api-1.75.0.jar;c:\Users\karti\.vscode\extensions\ltex-plus.vscode-ltex-plus-15.7.1\lib\ltex-ls-plus-18.7.0\lib\grpc-context-1.75.0.jar;c:\Users\karti\.vscode\extensions\ltex-plus.vscode-ltex-plus-15.7.1\lib\ltex-ls-plus-18.7.0\lib\grpc-core-1.75.0.jar;c:\Users\karti\.vscode\extensions\ltex-plus.vscode-ltex-plus-15.7.1\lib\ltex-ls-plus-18.7.0\lib\grpc-netty-shaded-1.75.0.jar;c:\Users\karti\.vscode\extensions\ltex-plus.vscode-ltex-plus-15.7.1\lib\ltex-ls-plus-18.7.0\lib\grpc-protobuf-1.75.0.jar;c:\Users\karti\.vscode\extensions\ltex-plus.vscode-ltex-plus-15.7.1\lib\ltex-ls-plus-18.7.0\lib\grpc-protobuf-lite-1.75.0.jar;c:\Users\karti\.vscode\extensions\ltex-plus.vscode-ltex-plus-15.7.1\lib\ltex-ls-plus-18.7.0\lib\grpc-stub-1.75.0.jar;c:\Users\karti\.vscode\extensions\ltex-plus.vscode-ltex-plus-15.7.1\lib\ltex-ls-plus-18.7.0\lib\grpc-util-1.75.0.jar;c:\Users\karti\.vscode\extensions\ltex-plus.vscode-ltex-plus-15.7.1\lib\ltex-ls-plus-18.7.0\lib\gson-2.14.0.jar;c:\Users\karti\.vscode\extensions\ltex-plus.vscode-ltex-plus-15.7.1\lib\ltex-ls-plus-18.7.0\lib\guava-33.5.0-jre.jar;c:\Users\karti\.vscode\extensions\ltex-plus.vscode-ltex-plus-15.7.1\lib\ltex-ls-plus-18.7.0\lib\hamcrest-core-1.3.jar;c:\Users\karti\.vscode\extensions\ltex-plus.vscode-ltex-plus-15.7.1\lib\ltex-ls-plus-18.7.0\lib\hanlp-portable-1.8.2.jar;c:\Users\karti\.vscode\extensions\ltex-plus.vscode-ltex-plus-15.7.1\lib\ltex-ls-plus-18.7.0\lib\HdrHistogram-2.1.12.jar;c:\Users\karti\.vscode\extensions\ltex-plus.vscode-ltex-plus-15.7.1\lib\ltex-ls-plus-18.7.0\lib\hppc-0.8.2.jar;c:\Users\karti\.vscode\extensions\ltex-plus.vscode-ltex-plus-15.7.1\lib\ltex-ls-plus-18.7.0\lib\hunspell-2.1.2.jar;c:\Users\karti\.vscode\extensions\ltex-plus.vscode-ltex-plus-15.7.1\lib\ltex-ls-plus-18.7.0\lib\icu4j-77.1.jar;c:\Users\karti\.vscode\extensions\ltex-plus.vscode-ltex-plus-15.7.1\lib\ltex-ls-plus-18.7.0\lib\indriya-1.3.jar;c:\Users\karti\.vscode\extensions\ltex-plus.vscode-ltex-plus-15.7.1\lib\ltex-ls-plus-18.7.0\lib\istack-commons-runtime-4.1.2.jar;c:\Users\karti\.vscode\extensions\ltex-plus.vscode-ltex-plus-15.7.1\lib\ltex-ls-plus-18.7.0\lib\j2objc-annotations-3.1.jar;c:\Users\karti\.vscode\extensions\ltex-plus.vscode-ltex-plus-15.7.1\lib\ltex-ls-plus-18.7.0\lib\jackson-annotations-2.18.0.jar;c:\Users\karti\.vscode\extensions\ltex-plus.vscode-ltex-plus-15.7.1\lib\ltex-ls-plus-18.7.0\lib\jackson-core-2.18.0.jar;c:\Users\karti\.vscode\extensions\ltex-plus.vscode-ltex-plus-15.7.1\lib\ltex-ls-plus-18.7.0\lib\jackson-databind-2.18.0.jar;c:\Users\karti\.vscode\extensions\ltex-plus.vscode-ltex-plus-15.7.1\lib\ltex-ls-plus-18.7.0\lib\jakarta.activation-1.2.2.jar;c:\Users\karti\.vscode\extensions\ltex-plus.vscode-ltex-plus-15.7.1\lib\ltex-ls-plus-18.7.0\lib\jakarta.activation-api-2.1.3.jar;c:\Users\karti\.vscode\extensions\ltex-plus.vscode-ltex-plus-15.7.1\lib\ltex-ls-plus-18.7.0\lib\jakarta.xml.bind-api-2.3.3.jar;c:\Users\karti\.vscode\extensions\ltex-plus.vscode-ltex-plus-15.7.1\lib\ltex-ls-plus-18.7.0\lib\jansi-2.4.3.jar;c:\Users\karti\.vscode\extensions\ltex-plus.vscode-ltex-plus-15.7.1\lib\ltex-ls-plus-18.7.0\lib\java-diff-utils-4.12.jar;c:\Users\karti\.vscode\extensions\ltex-plus.vscode-ltex-plus-15.7.1\lib\ltex-ls-plus-18.7.0\lib\javax.activation-api-1.2.0.jar;c:\Users\karti\.vscode\extensions\ltex-plus.vscode-ltex-plus-15.7.1\lib\ltex-ls-plus-18.7.0\lib\javax.annotation-api-1.3.2.jar;c:\Users\karti\.vscode\extensions\ltex-plus.vscode-ltex-plus-15.7.1\lib\ltex-ls-plus-18.7.0\lib\jaxb-api-2.3.1.jar;c:\Users\karti\.vscode\extensions\ltex-plus.vscode-ltex-plus-15.7.1\lib\ltex-ls-plus-18.7.0\lib\jaxb-core-2.3.0.1.jar;c:\Users\karti\.vscode\extensions\ltex-plus.vscode-ltex-plus-15.7.1\lib\ltex-ls-plus-18.7.0\lib\jaxb-core-4.0.5.jar;c:\Users\karti\.vscode\extensions\ltex-plus.vscode-ltex-plus-15.7.1\lib\ltex-ls-plus-18.7.0\lib\jaxb-impl-2.3.3.jar;c:\Users\karti\.vscode\extensions\ltex-plus.vscode-ltex-plus-15.7.1\lib\ltex-ls-plus-18.7.0\lib\jaxb-runtime-4.0.5.jar;c:\Users\karti\.vscode\extensions\ltex-plus.vscode-ltex-plus-15.7.1\lib\ltex-ls-plus-18.7.0\lib\jna-5.12.1.jar;c:\Users\karti\.vscode\extensions\ltex-plus.vscode-ltex-plus-15.7.1\lib\ltex-ls-plus-18.7.0\lib\jna-platform-5.12.1.jar;c:\Users\karti\.vscode\extensions\ltex-plus.vscode-ltex-plus-15.7.1\lib\ltex-ls-plus-18.7.0\lib\json-20240303.jar;c:\Users\karti\.vscode\extensions\ltex-plus.vscode-ltex-plus-15.7.1\lib\ltex-ls-plus-18.7.0\lib\jsonic-1.2.11.jar;c:\Users\karti\.vscode\extensions\ltex-plus.vscode-ltex-plus-15.7.1\lib\ltex-ls-plus-18.7.0\lib\jspecify-1.0.0.jar;c:\Users\karti\.vscode\extensions\ltex-plus.vscode-ltex-plus-15.7.1\lib\ltex-ls-plus-18.7.0\lib\jsr305-3.0.2.jar;c:\Users\karti\.vscode\extensions\ltex-plus.vscode-ltex-plus-15.7.1\lib\ltex-ls-plus-18.7.0\lib\junit-4.13.2.jar;c:\Users\karti\.vscode\extensions\ltex-plus.vscode-ltex-plus-15.7.1\lib\ltex-ls-plus-18.7.0\lib\jwordsplitter-4.7.jar;c:\Users\karti\.vscode\extensions\ltex-plus.vscode-ltex-plus-15.7.1\lib\ltex-ls-plus-18.7.0\lib\kotlin-stdlib-2.3.21.jar;c:\Users\karti\.vscode\extensions\ltex-plus.vscode-ltex-plus-15.7.1\lib\ltex-ls-plus-18.7.0\lib\language-all-6.8.jar;c:\Users\karti\.vscode\extensions\ltex-plus.vscode-ltex-plus-15.7.1\lib\ltex-ls-plus-18.7.0\lib\language-ar-6.8.jar;c:\Users\karti\.vscode\extensions\ltex-plus.vscode-ltex-plus-15.7.1\lib\ltex-ls-plus-18.7.0\lib\language-ast-6.8.jar;c:\Users\karti\.vscode\extensions\ltex-plus.vscode-ltex-plus-15.7.1\lib\ltex-ls-plus-18.7.0\lib\language-be-6.8.jar;c:\Users\karti\.vscode\extensions\ltex-plus.vscode-ltex-plus-15.7.1\lib\ltex-ls-plus-18.7.0\lib\language-br-6.8.jar;c:\Users\karti\.vscode\extensions\ltex-plus.vscode-ltex-plus-15.7.1\lib\ltex-ls-plus-18.7.0\lib\language-ca-6.8.jar;c:\Users\karti\.vscode\extensions\ltex-plus.vscode-ltex-plus-15.7.1\lib\ltex-ls-plus-18.7.0\lib\language-crh-6.8.jar;c:\Users\karti\.vscode\extensions\ltex-plus.vscode-ltex-plus-15.7.1\lib\ltex-ls-plus-18.7.0\lib\language-da-6.8.jar;c:\Users\karti\.vscode\extensions\ltex-plus.vscode-ltex-plus-15.7.1\lib\ltex-ls-plus-18.7.0\lib\language-de-6.8.jar;c:\Users\karti\.vscode\extensions\ltex-plus.vscode-ltex-plus-15.7.1\lib\ltex-ls-plus-18.7.0\lib\language-de-DE-x-simple-language-6.8.jar;c:\Users\karti\.vscode\extensions\ltex-plus.vscode-ltex-plus-15.7.1\lib\ltex-ls-plus-18.7.0\lib\language-detector-0.6.jar;c:\Users\karti\.vscode\extensions\ltex-plus.vscode-ltex-plus-15.7.1\lib\ltex-ls-plus-18.7.0\lib\language-el-6.8.jar;c:\Users\karti\.vscode\extensions\ltex-plus.vscode-ltex-plus-15.7.1\lib\ltex-ls-plus-18.7.0\lib\language-en-6.8.jar;c:\Users\karti\.vscode\extensions\ltex-plus.vscode-ltex-plus-15.7.1\lib\ltex-ls-plus-18.7.0\lib\language-eo-6.8.jar;c:\Users\karti\.vscode\extensions\ltex-plus.vscode-ltex-plus-15.7.1\lib\ltex-ls-plus-18.7.0\lib\language-es-6.8.jar;c:\Users\karti\.vscode\extensions\ltex-plus.vscode-ltex-plus-15.7.1\lib\ltex-ls-plus-18.7.0\lib\language-fa-6.8.jar;c:\Users\karti\.vscode\extensions\ltex-plus.vscode-ltex-plus-15.7.1\lib\ltex-ls-plus-18.7.0\lib\language-fr-6.8.jar;c:\Users\karti\.vscode\extensions\ltex-plus.vscode-ltex-plus-15.7.1\lib\ltex-ls-plus-18.7.0\lib\language-ga-6.8.jar;c:\Users\karti\.vscode\extensions\ltex-plus.vscode-ltex-plus-15.7.1\lib\ltex-ls-plus-18.7.0\lib\language-gl-6.8.jar;c:\Users\karti\.vscode\extensions\ltex-plus.vscode-ltex-plus-15.7.1\lib\ltex-ls-plus-18.7.0\lib\language-it-6.8.jar;c:\Users\karti\.vscode\extensions\ltex-plus.vscode-ltex-plus-15.7.1\lib\ltex-ls-plus-18.7.0\lib\language-ja-6.8.jar;c:\Users\karti\.vscode\extensions\ltex-plus.vscode-ltex-plus-15.7.1\lib\ltex-ls-plus-18.7.0\lib\language-km-6.8.jar;c:\Users\karti\.vscode\extensions\ltex-plus.vscode-ltex-plus-15.7.1\lib\ltex-ls-plus-18.7.0\lib\language-nl-6.8.jar;c:\Users\karti\.vscode\extensions\ltex-plus.vscode-ltex-plus-15.7.1\lib\ltex-ls-plus-18.7.0\lib\language-pl-6.8.jar;c:\Users\karti\.vscode\extensions\ltex-plus.vscode-ltex-plus-15.7.1\lib\ltex-ls-plus-18.7.0\lib\language-pt-6.8.jar;c:\Users\karti\.vscode\extensions\ltex-plus.vscode-ltex-plus-15.7.1\lib\ltex-ls-plus-18.7.0\lib\language-ro-6.8.jar;c:\Users\karti\.vscode\extensions\ltex-plus.vscode-ltex-plus-15.7.1\lib\ltex-ls-plus-18.7.0\lib\language-ru-6.8.jar;c:\Users\karti\.vscode\extensions\ltex-plus.vscode-ltex-plus-15.7.1\lib\ltex-ls-plus-18.7.0\lib\language-sk-6.8.jar;c:\Users\karti\.vscode\extensions\ltex-plus.vscode-ltex-plus-15.7.1\lib\ltex-ls-plus-18.7.0\lib\language-sl-6.8.jar;c:\Users\karti\.vscode\extensions\ltex-plus.vscode-ltex-plus-15.7.1\lib\ltex-ls-plus-18.7.0\lib\language-sv-6.8.jar;c:\Users\karti\.vscode\extensions\ltex-plus.vscode-ltex-plus-15.7.1\lib\ltex-ls-plus-18.7.0\lib\language-ta-6.8.jar;c:\Users\karti\.vscode\extensions\ltex-plus.vscode-ltex-plus-15.7.1\lib\ltex-ls-plus-18.7.0\lib\language-tl-6.8.jar;c:\Users\karti\.vscode\extensions\ltex-plus.vscode-ltex-plus-15.7.1\lib\ltex-ls-plus-18.7.0\lib\language-uk-6.8.jar;c:\Users\karti\.vscode\extensions\ltex-plus.vscode-ltex-plus-15.7.1\lib\ltex-ls-plus-18.7.0\lib\language-zh-6.8.jar;c:\Users\karti\.vscode\extensions\ltex-plus.vscode-ltex-plus-15.7.1\lib\ltex-ls-plus-18.7.0\lib\languagetool-core-6.8.jar;c:\Users\karti\.vscode\extensions\ltex-plus.vscode-ltex-plus-15.7.1\lib\ltex-ls-plus-18.7.0\lib\languagetool-ga-dicts-0.02.jar;c:\Users\karti\.vscode\extensions\ltex-plus.vscode-ltex-plus-15.7.1\lib\ltex-ls-plus-18.7.0\lib\LatencyUtils-2.0.3.jar;c:\Users\karti\.vscode\extensions\ltex-plus.vscode-ltex-plus-15.7.1\lib\ltex-ls-plus-18.7.0\lib\linguistics.grammardb.spell.languagetool-1.0.2.jar;c:\Users\karti\.vscode\extensions\ltex-plus.vscode-ltex-plus-15.7.1\lib\ltex-ls-plus-18.7.0\lib\listenablefuture-9999.0-empty-to-avoid-conflict-with-guava.jar;c:\Users\karti\.vscode\extensions\ltex-plus.vscode-ltex-plus-15.7.1\lib\ltex-ls-plus-18.7.0\lib\lspcli-2.3.0.jar;c:\Users\karti\.vscode\extensions\ltex-plus.vscode-ltex-plus-15.7.1\lib\ltex-ls-plus-18.7.0\lib\ltexls-plus-18.7.0.jar;c:\Users\karti\.vscode\extensions\ltex-plus.vscode-ltex-plus-15.7.1\lib\ltex-ls-plus-18.7.0\lib\lucene-backward-codecs-5.5.5.jar;c:\Users\karti\.vscode\extensions\ltex-plus.vscode-ltex-plus-15.7.1\lib\ltex-ls-plus-18.7.0\lib\lucene-core-5.5.5.jar;c:\Users\karti\.vscode\extensions\ltex-plus.vscode-ltex-plus-15.7.1\lib\ltex-ls-plus-18.7.0\lib\lucene-gosen-6.2.1-ipadic.jar;c:\Users\karti\.vscode\extensions\ltex-plus.vscode-ltex-plus-15.7.1\lib\ltex-ls-plus-18.7.0\lib\micrometer-core-1.7.12.jar;c:\Users\karti\.vscode\extensions\ltex-plus.vscode-ltex-plus-15.7.1\lib\ltex-ls-plus-18.7.0\lib\micrometer-registry-prometheus-1.7.12.jar;c:\Users\karti\.vscode\extensions\ltex-plus.vscode-ltex-plus-15.7.1\lib\ltex-ls-plus-18.7.0\lib\morfologik-crh-lt-1.0.1.jar;c:\Users\karti\.vscode\extensions\ltex-plus.vscode-ltex-plus-15.7.1\lib\ltex-ls-plus-18.7.0\lib\morfologik-fsa-2.1.9.jar;c:\Users\karti\.vscode\extensions\ltex-plus.vscode-ltex-plus-15.7.1\lib\ltex-ls-plus-18.7.0\lib\morfologik-fsa-builders-2.1.9.jar;c:\Users\karti\.vscode\extensions\ltex-plus.vscode-ltex-plus-15.7.1\lib\ltex-ls-plus-18.7.0\lib\morfologik-speller-2.1.9.jar;c:\Users\karti\.vscode\extensions\ltex-plus.vscode-ltex-plus-15.7.1\lib\ltex-ls-plus-18.7.0\lib\morfologik-stemming-2.1.9.jar;c:\Users\karti\.vscode\extensions\ltex-plus.vscode-ltex-plus-15.7.1\lib\ltex-ls-plus-18.7.0\lib\morfologik-ukrainian-lt-6.8.0.jar;c:\Users\karti\.vscode\extensions\ltex-plus.vscode-ltex-plus-15.7.1\lib\ltex-ls-plus-18.7.0\lib\morphology-el-1.0.0.jar;c:\Users\karti\.vscode\extensions\ltex-plus.vscode-ltex-plus-15.7.1\lib\ltex-ls-plus-18.7.0\lib\opennlp-chunk-models-1.5.jar;c:\Users\karti\.vscode\extensions\ltex-plus.vscode-ltex-plus-15.7.1\lib\ltex-ls-plus-18.7.0\lib\opennlp-postag-models-1.5.jar;c:\Users\karti\.vscode\extensions\ltex-plus.vscode-ltex-plus-15.7.1\lib\ltex-ls-plus-18.7.0\lib\opennlp-tokenize-models-1.5.jar;c:\Users\karti\.vscode\extensions\ltex-plus.vscode-ltex-plus-15.7.1\lib\ltex-ls-plus-18.7.0\lib\opennlp-tools-1.9.4.jar;c:\Users\karti\.vscode\extensions\ltex-plus.vscode-ltex-plus-15.7.1\lib\ltex-ls-plus-18.7.0\lib\openregex-1.1.1.jar;c:\Users\karti\.vscode\extensions\ltex-plus.vscode-ltex-plus-15.7.1\lib\ltex-ls-plus-18.7.0\lib\opentelemetry-api-1.42.1.jar;c:\Users\karti\.vscode\extensions\ltex-plus.vscode-ltex-plus-15.7.1\lib\ltex-ls-plus-18.7.0\lib\opentelemetry-context-1.42.1.jar;c:\Users\karti\.vscode\extensions\ltex-plus.vscode-ltex-plus-15.7.1\lib\ltex-ls-plus-18.7.0\lib\opentelemetry-semconv-1.30.1-alpha.jar;c:\Users\karti\.vscode\extensions\ltex-plus.vscode-ltex-plus-15.7.1\lib\ltex-ls-plus-18.7.0\lib\org.eclipse.lsp4j-0.24.0.jar;c:\Users\karti\.vscode\extensions\ltex-plus.vscode-ltex-plus-15.7.1\lib\ltex-ls-plus-18.7.0\lib\org.eclipse.lsp4j.jsonrpc-0.24.0.jar;c:\Users\karti\.vscode\extensions\ltex-plus.vscode-ltex-plus-15.7.1\lib\ltex-ls-plus-18.7.0\lib\perfmark-api-0.27.0.jar;c:\Users\karti\.vscode\extensions\ltex-plus.vscode-ltex-plus-15.7.1\lib\ltex-ls-plus-18.7.0\lib\picocli-4.7.7.jar;c:\Users\karti\.vscode\extensions\ltex-plus.vscode-ltex-plus-15.7.1\lib\ltex-ls-plus-18.7.0\lib\portuguese-pos-dict-1.2.0.jar;c:\Users\karti\.vscode\extensions\ltex-plus.vscode-ltex-plus-15.7.1\lib\ltex-ls-plus-18.7.0\lib\proto-google-common-protos-2.59.2.jar;c:\Users\karti\.vscode\extensions\ltex-plus.vscode-ltex-plus-15.7.1\lib\ltex-ls-plus-18.7.0\lib\protobuf-java-3.25.8.jar;c:\Users\karti\.vscode\extensions\ltex-plus.vscode-ltex-plus-15.7.1\lib\ltex-ls-plus-18.7.0\lib\resilience4j-circuitbreaker-1.7.1.jar;c:\Users\karti\.vscode\extensions\ltex-plus.vscode-ltex-plus-15.7.1\lib\ltex-ls-plus-18.7.0\lib\resilience4j-core-1.7.1.jar;c:\Users\karti\.vscode\extensions\ltex-plus.vscode-ltex-plus-15.7.1\lib\ltex-ls-plus-18.7.0\lib\resilience4j-micrometer-1.7.1.jar;c:\Users\karti\.vscode\extensions\ltex-plus.vscode-ltex-plus-15.7.1\lib\ltex-ls-plus-18.7.0\lib\segment-2.0.3.jar;c:\Users\karti\.vscode\extensions\ltex-plus.vscode-ltex-plus-15.7.1\lib\ltex-ls-plus-18.7.0\lib\simpleclient-0.16.0.jar;c:\Users\karti\.vscode\extensions\ltex-plus.vscode-ltex-plus-15.7.1\lib\ltex-ls-plus-18.7.0\lib\simpleclient_common-0.10.0.jar;c:\Users\karti\.vscode\extensions\ltex-plus.vscode-ltex-plus-15.7.1\lib\ltex-ls-plus-18.7.0\lib\simpleclient_guava-0.16.0.jar;c:\Users\karti\.vscode\extensions\ltex-plus.vscode-ltex-plus-15.7.1\lib\ltex-ls-plus-18.7.0\lib\simpleclient_tracer_common-0.16.0.jar;c:\Users\karti\.vscode\extensions\ltex-plus.vscode-ltex-plus-15.7.1\lib\ltex-ls-plus-18.7.0\lib\simpleclient_tracer_otel-0.16.0.jar;c:\Users\karti\.vscode\extensions\ltex-plus.vscode-ltex-plus-15.7.1\lib\ltex-ls-plus-18.7.0\lib\simpleclient_tracer_otel_agent-0.16.0.jar;c:\Users\karti\.vscode\extensions\ltex-plus.vscode-ltex-plus-15.7.1\lib\ltex-ls-plus-18.7.0\lib\slf4j-api-2.0.16.jar;c:\Users\karti\.vscode\extensions\ltex-plus.vscode-ltex-plus-15.7.1\lib\ltex-ls-plus-18.7.0\lib\slf4j-nop-2.0.18.jar;c:\Users\karti\.vscode\extensions\ltex-plus.vscode-ltex-plus-15.7.1\lib\ltex-ls-plus-18.7.0\lib\spanish-pos-dict-2.5.jar;c:\Users\karti\.vscode\extensions\ltex-plus.vscode-ltex-plus-15.7.1\lib\ltex-ls-plus-18.7.0\lib\stax2-api-4.3.0.jar;c:\Users\karti\.vscode\extensions\ltex-plus.vscode-ltex-plus-15.7.1\lib\ltex-ls-plus-18.7.0\lib\txw2-4.0.5.jar;c:\Users\karti\.vscode\extensions\ltex-plus.vscode-ltex-plus-15.7.1\lib\ltex-ls-plus-18.7.0\lib\unit-api-1.0.jar;c:\Users\karti\.vscode\extensions\ltex-plus.vscode-ltex-plus-15.7.1\lib\ltex-ls-plus-18.7.0\lib\uom-lib-common-1.1.jar;c:\Users\karti\.vscode\extensions\ltex-plus.vscode-ltex-plus-15.7.1\lib\ltex-ls-plus-18.7.0\lib\vavr-0.10.2.jar;c:\Users\karti\.vscode\extensions\ltex-plus.vscode-ltex-plus-15.7.1\lib\ltex-ls-plus-18.7.0\lib\vavr-match-0.10.2.jar;c:\Users\karti\.vscode\extensions\ltex-plus.vscode-ltex-plus-15.7.1\lib\ltex-ls-plus-18.7.0\lib\woodstox-core-7.2.0.jar
Launcher Type: SUN_STANDARD

[Global flags]
     intx CICompilerCount                          = 12                                        {product} {ergonomic}
     uint ConcGCThreads                            = 3                                         {product} {ergonomic}
     uint G1ConcRefinementThreads                  = 13                                        {product} {ergonomic}
   size_t G1HeapRegionSize                         = 1048576                                   {product} {ergonomic}
    uintx GCDrainStackTargetSize                   = 64                                        {product} {ergonomic}
   size_t InitialHeapSize                          = 67108864                                  {product} {command line}
   size_t MarkStackSize                            = 4194304                                   {product} {ergonomic}
   size_t MaxHeapSize                              = 2147483648                                {product} {command line}
   size_t MaxNewSize                               = 1287651328                                {product} {ergonomic}
   size_t MinHeapDeltaBytes                        = 1048576                                   {product} {ergonomic}
   size_t MinHeapSize                              = 67108864                                  {product} {command line}
    uintx NonNMethodCodeHeapSize                   = 7602480                                {pd product} {ergonomic}
    uintx NonProfiledCodeHeapSize                  = 122027880                              {pd product} {ergonomic}
    uintx ProfiledCodeHeapSize                     = 122027880                              {pd product} {ergonomic}
    uintx ReservedCodeCacheSize                    = 251658240                              {pd product} {ergonomic}
     bool SegmentedCodeCache                       = true                                      {product} {ergonomic}
   size_t SoftMaxHeapSize                          = 2147483648                             {manageable} {ergonomic}
     bool UseCompressedOops                        = true                           {product lp64_product} {ergonomic}
     bool UseG1GC                                  = true                                      {product} {ergonomic}
     bool UseLargePagesIndividualAllocation        = false                                  {pd product} {ergonomic}

Logging:
Log output configuration:
 #0: stdout all=warning uptime,level,tags foldmultilines=false
 #1: stderr all=off uptime,level,tags foldmultilines=false

Release file:
JAVA_VERSION="21.0.10"
MODULES="java.base java.compiler java.datatransfer java.xml java.prefs java.desktop java.instrument java.logging java.management java.security.sasl java.naming java.rmi java.management.rmi java.net.http java.scripting java.security.jgss java.transaction.xa java.sql java.sql.rowset java.xml.crypto java.se java.smartcardio jdk.accessibility jdk.charsets jdk.crypto.ec jdk.crypto.cryptoki jdk.dynalink jdk.httpserver jdk.incubator.vector jdk.internal.vm.ci jdk.internal.vm.compiler jdk.internal.vm.compiler.management jdk.jdwp.agent jdk.jfr jdk.jsobject jdk.localedata jdk.management jdk.management.agent jdk.naming.dns jdk.naming.rmi jdk.net jdk.nio.mapmode jdk.sctp jdk.security.auth jdk.security.jgss jdk.unsupported jdk.xml.dom jdk.zipfs"

Environment Variables:
JAVA_HOME=c:\Users\karti\.vscode\extensions\ltex-plus.vscode-ltex-plus-15.7.1\lib\ltex-ls-plus-18.7.0\jdk-21.0.10+7
CLASSPATH="c:\Users\karti\.vscode\extensions\ltex-plus.vscode-ltex-plus-15.7.1\lib\ltex-ls-plus-18.7.0"\etc;"c:\Users\karti\.vscode\extensions\ltex-plus.vscode-ltex-plus-15.7.1\lib\ltex-ls-plus-18.7.0\lib"\*
JAVA_OPTS=-Xms64m -Xmx2048m
PATH=C:\Program Files\Common Files\Oracle\Java\javapath;C:\Program Files\Eclipse Adoptium\jdk-17.0.13.11-hotspot\bin;C:\WINDOWS\system32;C:\WINDOWS;C:\WINDOWS\System32\Wbem;C:\WINDOWS\System32\WindowsPowerShell\v1.0\;C:\WINDOWS\System32\OpenSSH\;C:\Program Files\nodejs\;C:\MinGW\bin;C:\Program Files\Git\cmd;C:\Program Files\Git\mingw64\bin;C:\Program Files\Git\usr\bin;C:\ProgramData\chocolatey\bin;C:\Program Files\cursor\resources\app\bin;C:\Program Files\dotnet\;C:\Program Files\Warp\bin;C:\Users\karti\AppData\Roaming\npm;C:\Users\karti\AppData\Local\Programs\Python\Launcher\;C:\PWJarvis;C:\Users\karti\AppData\Local\Microsoft\WindowsApps;C:\Users\karti\AppData\Local\Programs\Microsoft VS Code\bin;C:\Program Files\Java\jdk-24\bin;C:\MinGW\bin;
USERNAME=karti
OS=Windows_NT
PROCESSOR_IDENTIFIER=Intel64 Family 6 Model 186 Stepping 2, GenuineIntel
TMP=C:\Users\karti\AppData\Local\Temp
TEMP=C:\Users\karti\AppData\Local\Temp




Periodic native trim disabled

---------------  S Y S T E M  ---------------

OS:
 Windows 11 , 64 bit Build 26100 (10.0.26100.8521)
OS uptime: 5 days 0:38 hours
Hyper-V role detected

CPU: total 16 (initial active 16) (8 cores per cpu, 2 threads per core) family 6 model 186 stepping 2 microcode 0x410e, cx8, cmov, fxsr, ht, mmx, 3dnowpref, sse, sse2, sse3, ssse3, sse4.1, sse4.2, popcnt, lzcnt, tsc, tscinvbit, avx, avx2, aes, erms, clmul, bmi1, bmi2, adx, sha, fma, vzeroupper, clflush, clflushopt, clwb, hv, serialize, rdtscp, rdpid, fsrm, f16c, cet_ibt, cet_ss
Processor Information for processor 0
  Max Mhz: 2600, Current Mhz: 1496, Mhz Limit: 2600
Processor Information for processor 1
  Max Mhz: 2600, Current Mhz: 1496, Mhz Limit: 2600
Processor Information for processor 2
  Max Mhz: 2600, Current Mhz: 1496, Mhz Limit: 2600
Processor Information for processor 3
  Max Mhz: 2600, Current Mhz: 1496, Mhz Limit: 2600
Processor Information for processor 4
  Max Mhz: 2600, Current Mhz: 1496, Mhz Limit: 2600
Processor Information for processor 5
  Max Mhz: 2600, Current Mhz: 1496, Mhz Limit: 2600
Processor Information for processor 6
  Max Mhz: 2600, Current Mhz: 1496, Mhz Limit: 2600
Processor Information for processor 7
  Max Mhz: 2600, Current Mhz: 1496, Mhz Limit: 2600
Processor Information for processor 8
  Max Mhz: 2600, Current Mhz: 1500, Mhz Limit: 1898
Processor Information for processor 9
  Max Mhz: 2600, Current Mhz: 1500, Mhz Limit: 1898
Processor Information for processor 10
  Max Mhz: 2600, Current Mhz: 1500, Mhz Limit: 1898
Processor Information for processor 11
  Max Mhz: 2600, Current Mhz: 1500, Mhz Limit: 1898
Processor Information for processor 12
  Max Mhz: 2600, Current Mhz: 1500, Mhz Limit: 1898
Processor Information for processor 13
  Max Mhz: 2600, Current Mhz: 1500, Mhz Limit: 1898
Processor Information for processor 14
  Max Mhz: 2600, Current Mhz: 1500, Mhz Limit: 1898
Processor Information for processor 15
  Max Mhz: 2600, Current Mhz: 1500, Mhz Limit: 1898

Memory: 4k page, system-wide physical 16071M (4055M free)
TotalPageFile size 16071M (AvailPageFile size 45M)
current process WorkingSet (physical memory assigned to process): 292M, peak: 292M
current process commit charge ("private bytes"): 342M, peak: 354M

vm_info: OpenJDK 64-Bit Server VM (21.0.10+7-LTS) for windows-amd64 JRE (21.0.10+7-LTS), built on 2026-01-20T00:00:00Z by "admin" with MS VC++ 17.12 (VS2022)

END.
